TN:
SF:app/ReadabiliPy/__init__.py
DA:1,1,1B2M2Y8AsgTpgAmY7PhCfg
LF:0
LH:1
end_of_record
TN:
SF:app/ReadabiliPy/extract_article.py
DA:1,0,UK6mfWrMcVFUe5fumx/PbA
DA:2,0,OaTlemF3bXMi5MP7Db8vkQ
DA:3,0,sQZjGNKKipGuhLoo55upgQ
DA:6,0,CKoMXMB8Xv5ZC6iTILRdvA
DA:7,0,9bBwIaSnGbn7+QjXg+vmPw
DA:13,0,lOVHxHlbX2nHMszeqnT0YA
DA:17,0,lOVHxHlbX2nHMszeqnT0YA
DA:25,0,lOVHxHlbX2nHMszeqnT0YA
DA:35,0,lOVHxHlbX2nHMszeqnT0YA
DA:45,0,lOVHxHlbX2nHMszeqnT0YA
DA:54,0,GwIL3rT/yrP+esee4M3cSA
DA:56,0,TnufOWqlkC/AQnSGry/Kaw
DA:57,0,8i2AwM9jW6Cs1H6RN2sMQw
DA:59,0,D2xyqU4lkEvw6SDdfT2o2w
DA:66,0,mDrMb4yLH+gOdYi5i6u9Mw
DA:67,0,daR9clLFwKYNHzoysVKU3w
DA:70,0,xQVNdxAJxuGw1z9RcZmDQw
DA:71,0,2loYFqKsWTLg8EsfxY4sxw
LF:18
LH:0
end_of_record
TN:
SF:app/ReadabiliPy/readabilipy/__init__.py
DA:1,1,uiogLkzLRKw08PByGuUqug
DA:2,1,Rs1BwkMKiYtjH9ZeWzvR3w
DA:4,1,wtxjrmBNVp/dyLfWQ3ixWw
LF:3
LH:3
end_of_record
TN:
SF:app/ReadabiliPy/readabilipy/extractors/__init__.py
DA:1,1,ggdfr6EPyYxK9qw3nGph0g
DA:2,1,FJDNbp54jFrSIgOZrbMW8g
DA:4,1,wtxjrmBNVp/dyLfWQ3ixWw
LF:3
LH:3
end_of_record
TN:
SF:app/ReadabiliPy/readabilipy/extractors/extract_date.py
DA:1,1,WpEjgxacqgxANZhpobgHYQ
DA:2,1,zO1s/VHB9Y7Njqzk7W5fyQ
DA:5,1,dQmF+cu12m8CdoGm732uiQ
DA:40,1,rhXxVa9doCFATizTs4s/tg
DA:11,0,VWeDsP87TbvRbGMqAEq00g
DA:24,0,JgHumx+cXPc/2VBqeHx0uA
DA:25,0,cLCNbPPmg4vqsWObarJD4w
DA:26,0,apkQQtiiE4JOuDIBvLOUjQ
DA:30,0,TTj5oybxnYdJmjpMNxFCEQ
DA:34,0,BPcXzXCN3eLYpF9Uw9hXKw
DA:35,0,rSQ6sNDDpls5zhUfNp/aqA
DA:36,0,sNSlTiD8R8JquuNMJbfnXQ
DA:37,0,UntDfNWeIJlMcYl/4Lg0pA
DA:42,0,APyNIfW7n+Hx9raF20/LNw
DA:51,0,QRwch1oXyKFArjz0xDnB2g
DA:52,0,xjcDBnSwra0OiNOAYAwoHA
DA:57,0,gq070CQg8FE70uVN45Njdw
DA:61,0,XQjhAdIAR3bqbIZ33RKvvA
DA:65,0,+Vw+1IKKFt2xVWD5f0L5Cg
DA:66,0,AvN5eaXRr+6Jj1JtIw/3xA
DA:67,0,Gc/QO5Ne0OYg316xw99WhQ
DA:68,0,jR08HKcpCJ8EiYq+1vIBDQ
DA:69,0,MQAw7ryZXIqoa+XVvQuYKQ
DA:70,0,B+ZJQ8zBxPMiDZhsnR0Fag
DA:71,0,UntDfNWeIJlMcYl/4Lg0pA
LF:25
LH:4
end_of_record
TN:
SF:app/ReadabiliPy/readabilipy/extractors/extract_element.py
DA:1,1,qLAaloR/f+XZxG5VcyqNzQ
DA:2,1,pnfotMHRUtqjSW1cnBhLsQ
DA:3,1,1DX/mHUTbRrCfZNazOA8Sg
DA:6,1,YcKGqCqVYS0LhG7fhGXm7g
DA:15,0,B/Fo9U4/nMeRNS1JjGZVyQ
DA:16,0,mKFy7J0p783ChhkMq0/xAA
DA:17,0,ddT+I4D056WlovfHUIdoLw
DA:18,0,apkQQtiiE4JOuDIBvLOUjQ
DA:21,0,KriiDGRsxlfzD5ZUKmCPvQ
DA:22,0,91SIz/XT0vZcBoi96AU16g
DA:23,0,AKpMF8nYF8vVRgZq2bBt3Q
DA:24,0,OwtSRn5sVmoDIb12b0itMQ
DA:28,0,/XHIV6LCfPQP3heDIS0k2Q
DA:29,0,qnjd49j76zkVuJvhZ68mZQ
DA:30,0,LZlLKiD0LPyiJYqCU84TrQ
DA:31,0,Uk1iEqLYWHwxE4nbWtF0CQ
DA:32,0,MBw/c1JhoahJyp+vpSE1Cg
DA:33,0,zMmefomoXNx72nLVwybgeA
DA:34,0,BC2twAGnI3hvFezmdh1WuQ
DA:35,0,VjuI1Dk6WGNi4viwynFCHg
DA:36,0,BQCAQNz8N3cGZqry22kD6g
DA:37,0,QBr5TFQn3eHlo6xc8YWpIQ
DA:40,0,7dZI/DEFOe+gMFD+GBbq4A
DA:41,0,sASbF0NU2qkVWu0SZMnXCA
DA:43,0,TErVRv0qYh9batizeT3Uyg
LF:25
LH:4
end_of_record
TN:
SF:app/ReadabiliPy/readabilipy/extractors/extract_title.py
DA:1,1,007WAjx8KJximXkojps+Zg
DA:2,1,zO1s/VHB9Y7Njqzk7W5fyQ
DA:5,1,aGzgLIKlM45lXBN4MbT+6Q
DA:41,1,Sxl6ZNwDnpsQirA94dhRWA
DA:11,0,VWeDsP87TbvRbGMqAEq00g
DA:33,0,fXv++2xA5MYP9LvOiMcEKw
DA:36,0,lGWDOlJF/mE044sdDn09Bg
DA:37,0,apkQQtiiE4JOuDIBvLOUjQ
DA:38,0,azq4k2ESbpkAaKunI3WsQA
DA:47,0,Wzu0qslZwICqbcwbWGVvfA
DA:50,0,nqmiDfw7GooDXzwbX2uP5A
DA:51,0,LMqdTcB4HlGxvKKLJW57Tg
DA:55,0,KZE2GyqsckfFOWTidpL7hg
DA:61,0,RYLUxHMnNy/WLnZkYrB7hA
DA:62,0,IbamJUovcUQsnmwbk2N/4A
DA:66,0,ZxftLf+ZhKnH3mowR7jBEA
DA:69,0,/M7myJcEy7NZ2b2W4nye2A
DA:72,0,Xqjxzxs7viHRE0RcQzzgLA
DA:73,0,fj2UD2FFRrihQsB2Oc5zcg
DA:74,0,TErVRv0qYh9batizeT3Uyg
LF:20
LH:4
end_of_record
TN:
SF:app/ReadabiliPy/readabilipy/simple_json.py
DA:1,1,B33RtKIWGc0PEBq81ilBVw
DA:2,1,OaTlemF3bXMi5MP7Db8vkQ
DA:3,1,7Z9Lj4ed27Wf2hBX6jooEA
DA:4,1,5hwPtyw5fWMOX90GeC1WXw
DA:5,1,YYsQC4UxxTavFD34LJAzNg
DA:6,1,xeYjT88DkTuhgyAX2J6KmQ
DA:7,1,eqsqbigcQ0hgnyx5qBHbRw
DA:8,1,Rs1BwkMKiYtjH9ZeWzvR3w
DA:9,1,mrubEPZvSU1ojuuKLyViTg
DA:10,1,y1lyIT+Wq9T2IVL4Ut7iGw
DA:13,1,9tXFhjXaRw3/SwmF11/0TA
DA:16,1,MUbZPCg/OAUlpUV1ueXCAw
DA:17,1,OgW2omWCFpdFsqA+Swt88Q
DA:20,1,72e6hTWCWqKk+Ai2wdnYLw
DA:21,1,+Uzh7vKqNYSF7AXiUSYdSQ
DA:22,1,KwshQcW+qercYJc+he9ERw
DA:26,1,TtezjfI8HVENeWWxj9II/A
DA:27,1,xhcqYU4kp3WCZsZ0/6ADpg
DA:30,1,X7cxkelip3H//FVgWzPWIg
DA:36,1,SxFC1fBRyIQkiXxybifziQ
DA:37,1,tNT3x4yC4f1r1lhSgUHjuQ
DA:51,1,EGS4li45ufGOQw3h7kcrsA
DA:60,1,5Uor0B+7J0MbOz75bicjIw
DA:61,1,3NmyndvnQHxXUQtw4lKkYg
DA:62,1,2qi6OH9Zkui/aQISmvj4VQ
DA:63,1,HPg5YGYtuhR/Arsk5DrXpw
DA:65,1,dhrGLT9a1E8SMnpcs9VO+w
DA:67,1,TvSr68+TZS0FY84/vsTAow
DA:68,1,Tz1Otz+x/XonLF9owqUe2w
DA:69,1,GsMFOrJsUsEV+3kPAX6DtA
DA:72,1,vKs4Ds0+O32fMiCSc5cNsw
DA:76,1,HMIyKM1z1t3obkJFqLmMIQ
DA:79,1,xha7UpiFw8KUe7zdcN61PA
DA:81,1,G/KnwPW7tJrH08mKeGyZYA
DA:83,1,2Hd3CpEE59uChMs9kZo0cQ
DA:85,1,TseZFj3KxsFJ/WI2g9LVJA
DA:100,1,+f/ZoX1pHms0qHZD+3mO4Q
DA:101,1,GdXtGf7RMff/dCcnuzAKnA
DA:103,1,N8sVk1NhxwJHrMESTKVG0g
DA:104,1,TstSDuTJyDOtojKmvS/0yA
DA:107,1,a+3j8jTsP3YOhy2L9uHRqg
DA:109,1,CxAyg0AGVnglPoB8keD4zw
DA:110,1,vdZPkEE4ns5mEq71oWloYA
DA:112,1,8BM7ryVVm8nIu7ZKqPCnCA
DA:114,1,EbVJy/dTtNZMozO2ZKo9VQ
DA:117,1,czxZ+y6RDNt2O8IQH8EqJA
DA:118,1,JGLTC3seOLrcyjATpeJuuA
DA:121,1,a/C8WjMAcR9+HVrwdd1g8Q
DA:123,1,GJtpBv3U+V08UsypB6KJWw
DA:125,1,DMwfcUbCZ3t3GUr04iXsCQ
DA:126,1,o5Xw0xAJvCbpo3ZJt0KELA
DA:130,1,yUcFxisygsrjHs9KrOgb/A
DA:131,1,edbHO8QbxNDuXK7uefqeEw
DA:134,1,+jWn4mNWMgZiCx8BMo/asQ
DA:136,1,FkSq1ETaNtPits1NvEWgJA
DA:139,1,7i3+4Zp9ojFMZEOyoTKKLw
DA:142,1,eM7pG8UXxc3I1qP1lJwIOA
DA:145,1,D+NOBAzSfbwuV93IfvtiAw
DA:147,1,nG0ybOj0LHiuAFDNyWBuBA
DA:151,1,WoI9Aa4Ao9npq1lnKokWrg
DA:153,1,HbHy+V6YxCndFOPTETdQig
DA:155,1,afdsmFRVkjy1nt0la1Zv7w
DA:156,1,Wq2csj0I0eMzoletjDm+uQ
DA:157,1,Yl6056zSmo2eYmNqTV1quA
DA:161,1,n5Jzw7ZNiesePt2nVstViA
DA:163,1,flfo3zuS37SmyporUNe11Q
DA:164,1,07ihfwF9/s+x8Z/y03MjVQ
DA:165,1,TRrfcWbll/wKah41hEMsuQ
DA:169,1,jgGAs6Gqp1lHGMyRNBqCsw
DA:172,1,y7Z9P8dOz4hAsWu1pPRq/Q
DA:175,1,EjhRFS3k8SJZS6m/H8J2Kw
DA:176,1,ob7I23+79+lm81CMyf3iEw
DA:179,1,Xg2p5h9uKOAdwnV5Eyx9WQ
DA:180,1,obMtkcOeskyiq1WkMLCbKg
DA:183,1,TLcaXsi5bwGQVBEXZiO8jw
DA:184,1,VY17vyhr6Pezf/cc7sAPOw
DA:187,1,f4thk31llMiIidTx3OqXJg
DA:203,1,KQsEZTrE+6J+csAolpOX0w
DA:209,1,iZZ233hyoUp0M7pKPbUkvw
DA:40,0,CrgUYu7OTeT+076f3n9vMg
DA:64,0,lC5CDBcA/z98Ray5/eDjDQ
DA:66,0,Y8xFtEm6bmoUhUlGR2/+mw
DA:86,0,jGVOfkv8LGB+af9VP/K1Hg
DA:97,0,UcEuEQtWDI6fsJlyvof5/Q
DA:98,0,mzBcjYMj/wcUIXh3kbyyMA
DA:111,0,t9DV2GIMSXzssa98Cz3DHQ
DA:113,0,apI8RY/43pHIDmjS9LF8rw
DA:115,0,67qVLTu1jBFbe5l+kGw1GA
DA:128,0,CrQSXj4UHqoJHqyAZua1FA
DA:141,0,Lr19HIIU6Qu2cgQfnPHcDA
DA:189,0,BWkOaJDjI3zOEg4lfpq+jw
DA:190,0,qg/fETAVw4hdIaPBRLQZ0Q
DA:192,0,2B+VnCSBoj0F0g6WTiBqrA
DA:194,0,f2aeEHYKtK7UL5Oq5VMHmw
DA:198,0,2LIpw1BR0fsyxV0LUDCPlw
DA:199,0,FRqH9XXWrXgM30yYleVXyw
DA:200,0,y7Z9P8dOz4hAsWu1pPRq/Q
DA:204,0,OVPm86cObOk2H1Bc3fx4nQ
DA:205,0,W4jvrA9XP5OdRAAvkV6krg
DA:206,0,y7Z9P8dOz4hAsWu1pPRq/Q
DA:210,0,BWkOaJDjI3zOEg4lfpq+jw
DA:212,0,6Y8rIXM3ccZ68ES9kjvf5w
DA:213,0,Q6VpddOoD3fntn3x8RDumA
DA:214,0,FnfhDPXpb5uyWlk2x+qSeQ
DA:216,0,Qw5gk+b65SQVXd+1TamogQ
DA:218,0,nEfz9tH7aocE1KgZXq3PXQ
DA:219,0,QrGnvW9TkQa6ZQqr4t55hw
DA:220,0,t3wxTil0fIF1HLE93DxAew
DA:222,0,FnfhDPXpb5uyWlk2x+qSeQ
DA:223,0,/+oB5I9OBQsbimKFmz1h5Q
DA:225,0,buId6s1Ssz+0Ci0L5wDRMg
DA:228,0,cz7N46NksxtkTw7gsBO+AA
DA:229,0,KVeq6sCJb24BYZGeMDZBOQ
DA:234,0,jrAeWYeelqM5V5rCYpO9jw
DA:235,0,h4/bgqitE6UMwtWuif/NJQ
DA:236,0,/LQ++j1KBXAs06oxP6Rh5w
DA:237,0,VjINRKRBz972bhCe8R1KTA
LF:117
LH:79
end_of_record
TN:
SF:app/ReadabiliPy/readabilipy/simple_tree.py
DA:1,1,1KWbNj2dua9hn7iyz7BXuw
DA:2,1,xeYjT88DkTuhgyAX2J6KmQ
DA:3,1,tyHe9eSwKxKZ4gAHbVdQxg
DA:21,1,vi6jHbw2HNbvCRN1lDJtPA
DA:25,0,DSa7rKER63BwM12XU6epsw
DA:28,0,Bh+YsFFU2OM9wU//StAeOw
DA:31,0,X6d+gOPM5yh6Gl/13f7XXQ
DA:34,0,sL8p0BTLZzqHdODDP79COg
DA:37,0,UPuL6gH4V5scIbg5tL5Eog
DA:41,0,ZVhH6zSuDANHlCAI8ufkMw
DA:44,0,FqkYzOrJSG7dFwEbfEFp7g
DA:47,0,yXKaFsgoxAIERr8St97MGw
DA:52,0,jVrHeXNj3gXaM4zFIgjGVQ
DA:55,0,jAi75hZbZuQth+fsIUw7hQ
DA:58,0,PLMNbQxg91WXO4YFyC27rw
DA:64,0,xSUATdFvcpAnm/hMsVsfCg
DA:70,0,pOKUO+ernG7wcDT4E1JHgg
DA:75,0,nxM0ZPaP05F6pE8t4Fb2+A
DA:79,0,fJBBbgvQxza0aRN6u+J5Xw
DA:83,0,wwk19Sg3F4yCDg3tmtn/7A
DA:84,0,Zig/LjpVJlt1f426MHcZ2A
DA:86,0,oLz+qq8S30PzqFSV4TsSGA
DA:87,0,mUZYTaZmDbfCGDaj0X4zww
DA:90,0,J/HEJsk7dmPNbAO/cDWgqg
DA:91,0,CkaQJC3pUuF/lKTkPBW5Cg
DA:92,0,iwaEGyN4L9NYDqG2jDaItg
LF:25
LH:4
end_of_record
TN:
SF:app/ReadabiliPy/readabilipy/simplifiers/__init__.py
DA:1,1,M3qH+yCFmX+GvYlOzvUECQ
DA:9,1,wtxjrmBNVp/dyLfWQ3ixWw
LF:2
LH:2
end_of_record
TN:
SF:app/ReadabiliPy/readabilipy/simplifiers/html.py
DA:1,1,fpy4Sxb2/eH6/NxyrKCasA
DA:2,1,dI04l89QLTfEA7BYlkH4pg
DA:3,1,TSv2QX4x2NYV2seoNF9hTQ
DA:6,1,bqWdR6aoQmzfFMJgk/DV5g
DA:48,1,zq8UmAD/AdhC1XhdU/zqpA
DA:84,1,f3x1NaHml5Th6U3xoKvT6g
DA:91,1,n102BZe6v3gwtYprX/qnuA
DA:132,1,soMDzCm4n8W2dV1gQVBrbQ
DA:138,1,dlvyysWcA5dmGIGY30br8Q
DA:144,1,REeRBa/Ti7L5oKE495CvZA
DA:148,1,OW7Y8hLXie9CGx0QHbjDTA
DA:161,1,lZVlYy0L0R0wcyD+LlZYXw
DA:177,1,bKoAp3vCnzOh+mOzpfSbqg
DA:184,1,0RzDlu0l/Z40CU0MsHJ9Gw
DA:191,1,g8i4kpOdyuSWGBPGDlhJqw
DA:201,1,5NjjzXWaimiMQ2pc0+qhnQ
DA:217,1,8awRiA534L3wxwd7XLbA2g
DA:224,1,MC93yD26fpiWBLPsusUGRQ
DA:236,1,ibTo45z8hLPshqMoNXUOsw
DA:244,1,xt8B7wHuRW1+xd6A/sgEbA
DA:302,1,6yDL63AV8KVOU8ERvx45EQ
DA:372,1,bGwJm9BkDYuNhN3XN/BJHg
DA:386,1,/eLYVpt304oo9kyFIiaXlw
DA:440,1,A/mFuZg7cQcZ2XcZcb8z7w
DA:8,0,gd5z/qaZhtmyqXIEfpM5yA
DA:24,0,roDxB5N4N3P4s0MeOByh2g
DA:25,0,kSJgYbO54wqjwMkgAV0pBw
DA:26,0,GH9xEkh3HlUhjkJ+/h/9Ug
DA:27,0,fG8cuNzoWOe5NkHFj3UHZw
DA:28,0,DgKY7azO65ssaRJbP/o+1A
DA:29,0,fC7aOn+USkl2MPt8gR6JtQ
DA:30,0,gw4/x0EeuTEDm017CIYrXg
DA:31,0,5b4RsYfuTqDG3WygYjLQog
DA:33,0,6YuR/pjNXc3JMA5wCvGgjQ
DA:45,0,eM7pG8UXxc3I1qP1lJwIOA
DA:50,0,FkSq1ETaNtPits1NvEWgJA
DA:81,0,eM7pG8UXxc3I1qP1lJwIOA
DA:87,0,a+y41V2IiIUkiWwrFYcBiw
DA:88,0,eM7pG8UXxc3I1qP1lJwIOA
DA:93,0,FkSq1ETaNtPits1NvEWgJA
DA:129,0,eM7pG8UXxc3I1qP1lJwIOA
DA:135,0,phcITWuYfFRSJYia3IMoBQ
DA:141,0,kCveqEAl5vjwr8VTONIshg
DA:145,0,HQGiAv2fatEZ2zeYbpP5Ag
DA:150,0,FZkWxpLvxUP7NlzPnYwk3A
DA:171,0,OUGDVPf8X37ZRl0sfUbv2Q
DA:174,0,w41/pimDqEYi+Pm6VqNJsw
DA:179,0,KI0wC9l03bj5mTO/tup+9w
DA:180,0,2KnhscpKVjdJL8Gj/l+5hg
DA:181,0,+B9vUMxtcuCWX7hAoA6WSA
DA:186,0,KJwGPoxS/0RCcm3l2yMY7Q
DA:187,0,I8JaZEEpirrM6wx3tqfDhA
DA:188,0,RfNlElOgvsM+J8HhUsh9/w
DA:196,0,VuQ4jvQGGjIV1Ey2SsR9pg
DA:197,0,I8JaZEEpirrM6wx3tqfDhA
DA:198,0,1qIo+tfWLes9juglOuOhOQ
DA:203,0,WPRuF8uTYALTVuOvanGOWA
DA:204,0,I8JaZEEpirrM6wx3tqfDhA
DA:206,0,UUyWimufqRmgjBEnG0eTxg
DA:207,0,YMg69bqFxdpfiDEhz3dVvA
DA:208,0,H0NnFlKDIEjlSbs/xeUXyA
DA:209,0,cPy+xQynVDqmpdTMNwImLw
DA:210,0,1hmvaLlJpJMN4ocvTIwL6g
DA:211,0,nuwPnnW5t0HBX5g6fm34cg
DA:212,0,3wKjjU6QA5aG5SIGFWnuvA
DA:214,0,1qIo+tfWLes9juglOuOhOQ
DA:219,0,KI0wC9l03bj5mTO/tup+9w
DA:220,0,AUY9+62/yCos+tyvxnqNtw
DA:221,0,1qIo+tfWLes9juglOuOhOQ
DA:227,0,b59o58B2gggsH87Hx6VoUQ
DA:230,0,U48f31dVtFG8vJnmAb9YNg
DA:231,0,pQPEhOGAUC+QZ7MHLnj2Mg
DA:232,0,csgWcY0crQtqR0u8wbykuA
DA:233,0,gbiiOfvbU0XyNVvRV09HzQ
DA:239,0,sBvQ9+AsSu4bqVT2/7fdog
DA:240,0,yL2OSIMhfrZw1hmDHJzQ3w
DA:241,0,gbiiOfvbU0XyNVvRV09HzQ
DA:246,0,04O1Gty73RMCU7oQJRU9CQ
DA:277,0,T135BrhNgju/j/e3P6Thuw
DA:279,0,JXu/zDOeT1fOka77UQ5L4w
DA:280,0,YSbWFTFUGq6liSd3F/qsKQ
DA:283,0,/hVY3pmpjH8Z7pFhIFb4tw
DA:284,0,+GmAfgjtqKG2HaEQr4yfwg
DA:285,0,IeMD7x/eCDfoUv9nq1CcHg
DA:286,0,Qc+hLExuVGvBFr0962fyzQ
DA:287,0,zpELaRKU2QP/zDYpEOSWTg
DA:288,0,+5fEtowXzUpbbqVqWp3zNQ
DA:289,0,z6gte2GjdzciizIFCwUbRQ
DA:293,0,05Osa92OImIpO7Y0PyJlqQ
DA:294,0,EVx+FsGUYO+bEeXWm/i6lg
DA:295,0,W1dOllbbJvCUAIukGQuC6Q
DA:296,0,op77ZWQzPeDQY2Wul+IyAA
DA:299,0,bq9Tg8HBXZhlXV3Tuo6Dvg
DA:306,0,cC1XZc9kId4SrNgkRp8RPw
DA:309,0,FJAaCD+uqxg9/FjB5mxwIA
DA:311,0,4I6PB4X8RUvRa/96nEcVWw
DA:312,0,haWiBUHxmmVd29QPdr/kkA
DA:313,0,YQHFMPqHVl6z1KDCSvuUMw
DA:316,0,ojsEUWsRA4sog+owH+vUSA
DA:319,0,ew3FIDNkKon0EhQIOi3sXw
DA:320,0,KcqHO10ad7Bb8UOzBdpnjQ
DA:324,0,SyCihso1ErDYMWn+tG9vPA
DA:325,0,GN8UgMUBIEF68l96UiSwPg
DA:326,0,47VcCozDe9M5G0DZMioJDQ
DA:331,0,vMtSd/2wIJiQtf7Q5PPErA
DA:332,0,f9dJoMLKF6HyNZ9h8Ghmeg
DA:335,0,jVrHeXNj3gXaM4zFIgjGVQ
DA:341,0,dEC80RDA0iJQDrm+Q1SluA
DA:342,0,S3SV1KdEVHmWpu8qbj94Kw
DA:345,0,cwJP6EL/x3KENvxuncyQoQ
DA:348,0,tNsmZgFxSqdprT0Fp3hWvw
DA:352,0,NMTGAkvwbuZRSqjOZkntBw
DA:355,0,GFMzxe/tNaEWOJS8dgqOwQ
DA:356,0,KKEtEcSXtRNRrBWGImrDOg
DA:357,0,RTLTshC5BYoxgm0npVYhBQ
DA:358,0,KDxcddAHRCj+n0Qg+Tj6Qw
DA:361,0,uY2g737d7KMWi0nofx3GKw
DA:367,0,GFMzxe/tNaEWOJS8dgqOwQ
DA:368,0,iWSqTmqKBYJxdToT2iO+Pg
DA:369,0,Y55WZdHcBChDiKkqcPdl4Q
DA:376,0,b59o58B2gggsH87Hx6VoUQ
DA:379,0,gbQ082ZlPRrMc5WUlBQX6A
DA:380,0,TdvuALTq8juiGJow8lavwA
DA:383,0,ryW2z1kRIY/9vvKuiTbZzw
DA:422,0,b59o58B2gggsH87Hx6VoUQ
DA:428,0,67ON9/z04568Aqw8qmWKzw
DA:432,0,B+ZJQ8zBxPMiDZhsnR0Fag
DA:435,0,0DZe6XcTDABH4uQE1dJ5qw
DA:436,0,Nsk13S3sigUD8z/dHNXbNw
DA:437,0,z+nNoWf9xNd6MMlUZykNlQ
DA:444,0,dnxYBPpQxR2LtpmPb2i2Kw
DA:445,0,AJdFd6NhPbwNXu3LPJ4OhA
DA:447,0,uywG+UznhlW/NARfmN2Wsg
DA:448,0,RfNlElOgvsM+J8HhUsh9/w
DA:449,0,rIUi5EOZY89exn+29GkUoA
DA:451,0,8jEDlS9X6Grq0RvvP7GFAA
DA:454,0,RfNlElOgvsM+J8HhUsh9/w
DA:455,0,rIUi5EOZY89exn+29GkUoA
DA:456,0,Z/azUTytQh3I//Z62H3bUA
DA:459,0,oKD8hYuDu7BsmoQf20AxFg
DA:460,0,wWvyVCzDRWfTVXhFZNNl1w
LF:140
LH:24
end_of_record
TN:
SF:app/ReadabiliPy/readabilipy/simplifiers/text.py
DA:1,1,WvnmhTlAyXkJ9S7YrouNZA
DA:2,1,tsh7kKpjJXQUQhNng221Ww
DA:3,1,HIialtJzq1ZDm6nUWYyCIA
DA:5,1,T6TsaMtLhLAUilLKj89+zA
DA:6,1,vfWQS/vs6SWagm1oBGaSVw
DA:9,1,GHQqFimvDQaXVJdQ0ekNxA
DA:12,1,aD3PYZPG+23ujvOgAWPyhQ
DA:13,1,ZEj6wk+nra75e2x3fhq1CA
DA:14,1,19W9pSpSxwvQhUi2gZ93Ow
DA:17,1,PHDrHhTLyv2GgiIx7KF8SA
DA:20,1,WFBBDKnptTNxKsXWjFRH1Q
DA:22,1,VoHMwKO9sT9yIl7j1/PPrA
DA:23,1,19W9pSpSxwvQhUi2gZ93Ow
DA:26,1,/8peY0xTC1lUpSr4dFXnHg
DA:30,1,esFmjvnTCVku9iYqZpcuOQ
DA:31,1,3/W0UKOdvBe2Tg6Np50hSQ
DA:32,1,vcOiZP5Sy6Q9eBprr1Vm2g
DA:33,1,19W9pSpSxwvQhUi2gZ93Ow
DA:36,1,4dWy734dRO21BBkn3i6G4A
DA:45,1,+8fzi+nJUp+Z4+b3UOJ1Xw
DA:54,1,CdrHjTvUFBMBf8lLLY8atQ
DA:55,1,wD6MPz1KLfoQOmP9dylIog
DA:58,1,5gjW0U4D+LyQDXTBzahEPQ
DA:40,0,NU9TV+x8UldSKlD9k5HXQQ
DA:41,0,OoB3m0wq+gj/9Z0QvMSD3w
DA:42,0,19W9pSpSxwvQhUi2gZ93Ow
LF:25
LH:23
end_of_record
TN:
SF:app/__init__.py
DA:1,1,WpEjgxacqgxANZhpobgHYQ
DA:2,1,EZEzNmL93PY96zsSuI0PfQ
DA:3,1,5w2r2wuBSOpkbHjeXRtsgQ
DA:4,1,7Z9Lj4ed27Wf2hBX6jooEA
DA:5,1,mUDsnWRiqW9R9nTILGKIZg
DA:7,1,VKjLUNRZB1g5CoXWPe46LQ
DA:8,1,nlSgUSS21z9W+mBVtDjt8g
DA:9,1,qpM9qqvLt9U6xBPIm6/5mw
DA:10,1,VyM2co73x4xoS5Xh0kmdbg
DA:11,1,/2xopzbTiQz0YHH6f3qpCg
DA:12,1,MbdrJYRtrthIq8FXAdypPw
DA:13,1,LVIdDxkVRN35/wddeATrow
DA:14,1,/KDzRGaEJmCgTCG4PuDKJQ
DA:15,1,4ownDv2veh/th0jkLbmxGw
DA:16,1,3/i/ismwlHkkexTXGaE0NQ
DA:17,1,eIKMoNwkXrmqtRl+N2fOjg
DA:18,1,f1iYxWxG+eYlJiEt7hGreQ
DA:19,1,cs/Xd5BNHmHxl1xQzCEMGQ
DA:20,1,QSrBaGujxtRFV19yo08h4g
DA:21,1,B6tEBgTiyrT8Eu2nGZ9Wcw
DA:24,1,fuFtQ7UFI3VQmKjqjMrnUQ
DA:25,1,4LgMgWBGno1n5MNJ8WRFsQ
DA:35,1,TWxodOgcmF+lyZbPybqVXg
DA:36,1,+J1sFc3V4iRpTKMCak7GGg
DA:37,1,4xyf6GXQaFnYQNCql7vyrw
DA:38,1,AfRaB7CaHkoP/0xmBEFbSw
DA:40,1,MLOkCFIvj3JZhRDFmSVPhQ
DA:43,1,ZmJ4bp20stZ21+nuPjS5uA
DA:50,1,VbbKqEHKYjXeU0mxSYAw7w
DA:52,1,KwZ+nuUZR9GS7ryXJqguyg
DA:53,1,1GZHzmyoxpAHLVwdp7e3sQ
DA:54,1,wDOueYXj7r5xmUcgw6Cckg
DA:55,1,PP+T0gO20UlF8Z/dvJabwg
DA:56,1,AxlC4QodfpZKOEAKCnWeRA
DA:57,1,iWCGK0UcTlj6uKeH4pjG4Q
DA:58,1,lfSuJQqP+hAldfjve6/SkQ
DA:59,1,QoUyLd41C79sIjBHMt6JRg
DA:60,1,TxBieiQ18wyEwmYlnxAzRQ
DA:62,1,iO4dv1fJwJwrj70TzEtcgg
DA:68,1,nYuODY2Q7A31zNM+3XQ19w
DA:74,1,rop6dMYuyHi+9c6hzbn7wQ
DA:77,1,6WMMwhSYw8HXcCds2jl1Tw
DA:89,1,UC0avfSrNGk4VL66TnrHVw
DA:90,1,W/HkzA2RaWkzzBp5Zr98fw
DA:91,1,EYBMowFPJPeyx/W9e91Xfw
DA:92,1,uonmX0YykOJG7UhnH9gBXg
DA:93,1,dhp1v3cHeeFqlmHRdGPVsQ
DA:95,1,har58iu/DbSPTo/u8/dhMw
DA:96,1,TZHx+JJjM/p4uXBVJz0/pA
DA:97,1,HCT8n/jWMAwBINCbQZb5dQ
DA:103,1,x//bJP6G0Keu121B4+TDXA
DA:104,1,FaBPoHDdVkQXdFEqxVx70A
DA:105,1,X6rhaN0Anm6XG7UlKG/gXg
DA:106,1,Bi+wX2cryOgvEuRMMPGUlg
DA:110,1,54bWmRIGJZkA28wu7rs8dA
DA:112,1,odC7sTk56Yv1dADIz2obQQ
DA:114,1,QJByk+CqZhk1aqZBNhZ/kg
DA:116,1,1PvUwz6aLACRnfKJUljlDA
DA:117,1,o6154M1HX3GsGVRbTxg0eA
DA:118,1,z/WBY5PCIrwCnZ7hXGWjsA
DA:119,1,yg/RnbQRsyiYBq+OJJaWmg
DA:120,1,QhZeRRt/wOfl+0/aHbbZTQ
DA:122,1,ozuPcWEq7p5Jm0zAIq10Pg
DA:124,1,V3nw6wIr7Vec75SHUvEh9A
DA:126,1,GBuUKr6piWK5fXC58T1pHg
DA:128,1,eGFONAat8Xpr+wbJxZL9qA
DA:130,1,m4wlBW1cLiZ5opwYQDsxqw
DA:132,1,hJm2i+5fKzsJYHqUD+ehLA
DA:134,1,hslgxm+hETMEN+e2E4KOUA
DA:136,1,W+4jebN5jNSobmjsn+wDeg
DA:138,1,EDcCEZ2ywitugUaEs19ykw
DA:140,1,4hkJk664PzNsDOH2aKNwQg
DA:141,1,HBWrTpr0CGvXc90vrWDJKw
DA:143,1,Zrg6okCQcl3hrnTySTX4+w
DA:145,1,C+9PZkbemhtoUDTm6Uml0w
DA:147,1,tY5A5MsQIQ6uACbA7vs1VQ
DA:149,1,4yfwt+UviO1txPjzD1YNug
DA:151,1,a18KcG1nTsh9eXGTnqx+Gg
DA:156,1,Jyb8mjRwKOsrs+KlIRBcJg
DA:176,1,o1kaMm90m4ZYPhyk9Uw9cg
DA:177,1,2F+XiYXzBGEqgq3bi7L70w
DA:178,1,nYTXWIn85pbdgArYewEnrw
DA:179,1,vd4vUYRv9Fe8eZ6l207rBw
DA:182,1,Kfo9t7/IZSlVV+uZtSHHeQ
DA:183,1,l08kXdpQ2zp4UQm1W/ujWg
DA:184,1,YpWowcD7cYQ1Td4zGy7KOg
DA:197,1,kqN3yecQ0Iwyfgm0sa4W7w
DA:200,1,JSPzr8au5E2dFxef8HRBJg
DA:98,0,dDxxS8IF2freKVpd8uJC+g
DA:99,0,uRRQ4DH8ixMn/naU7RsuPg
DA:108,0,liBEyJjQ/b/5RhU8kpmXhg
DA:152,0,xOIcCKiXytkcfCQaOrOyCw
DA:157,0,aI2ybC2d527LFlyOEEgRiQ
DA:158,0,VNxWdUQapVmg5cqlJTy9Dg
DA:159,0,i4/Nk3V/Gmpm1DC0ofiMSQ
DA:160,0,OamwzCB/tV/zIahdu3n5TA
DA:161,0,thKDrjwD4f5380znYndDEA
DA:162,0,VlAhcRCf5lIw+8EGrA7ieA
DA:163,0,mIfprzzenZXucpFe17C8BQ
DA:164,0,5nxXnz4MpRut93z7BQBq1Q
DA:172,0,Lu7s7/2sSpw45KpVYXbKEA
DA:173,0,0bko/zQKUWShBrVfktu6nw
DA:174,0,Px+bW8RJAKqIgZMjla2mAA
DA:186,0,oLy5mcOwA9S2lC5r18kQHg
DA:187,0,2OkkYD5uh7VYOAhhDPM/FA
DA:188,0,Wuh91fktJLx49guZjq+nxw
DA:191,0,syb2DkQ1zcGbSLrDvmmXRw
DA:192,0,+kZ+Vl350BMeemSQM+u5Vg
DA:194,0,aWRHxOtfDHQe4XT6/vIkfA
DA:195,0,UNEGVNbI/fC751cKv3XRIQ
DA:196,0,YpWowcD7cYQ1Td4zGy7KOg
LF:111
LH:88
end_of_record
TN:
SF:app/api/__init__.py
DA:1,1,gvOeMVnBaciVUa9ZAUkbYQ
DA:3,1,j++OFiwN30BfyK+HrXj8qA
DA:5,1,PrJ/2zW/SMRB8ORHSk0zug
LF:3
LH:3
end_of_record
TN:
SF:app/api/articles.py
DA:1,1,AUzgS56y+O0bNlTQaxCtaA
DA:2,1,X9YoZLyaAgucnbK3suaZ3w
DA:3,1,H/heeAoS9kLElrz5TfMQuw
DA:4,1,IXzv6dH0DZxlBmcM7mtm+g
DA:6,1,R+7tabSb8lHgpT+jLrj7tg
DA:7,1,QUaTGIjn+f0tvc/DS2pAdQ
DA:8,1,9keM1x9dxC5tGD+xKx8/pQ
DA:15,1,xxRt/lm58I76RwNs0pG3zw
DA:16,1,KXVVPNI2HIABxz4gQEXyuQ
DA:17,1,Hot1mwZ0tpimRpk6yVc4gA
DA:19,1,io0rn+EUcKgKU4qst5P52g
DA:20,1,OaTlemF3bXMi5MP7Db8vkQ
DA:21,1,8/DPjtWdo8z1/SINFFKe8w
DA:22,1,ux0VOXuozR4u9iPOuXevGQ
DA:25,1,qOR2F1H+qenb2H2cTBnM0Q
DA:33,1,dbfL5YYxMK+F0u5GzcoqFQ
DA:34,1,ZM5zi5V8b8aqtRFF5xN4OA
DA:35,1,cIVYHjvbJQ3gEQhPz0AZVw
DA:54,1,B/Fo9U4/nMeRNS1JjGZVyQ
DA:56,1,BqQzzEzgocpkYoFD2eobJw
DA:58,1,0WcGwpft0GY3Vcu04HANEA
DA:59,1,mpZZjH6v5mi7TpNOvcaPEg
DA:60,1,r9FiD+sgU7tKbMkTiOHw4g
DA:61,1,aelyyI4pJCurqbvfOh90JA
DA:62,1,6eDSBgA629v2RyGiOSh5wA
DA:63,1,xFtciQiR8+FvF3jqvAtfrA
DA:64,1,ePs0dUG/opnMSLMDTYgzVQ
DA:67,1,dwAO99hZ1jtt7x/b7BtPXQ
DA:68,1,4GIY9dS4KE3dVozwyabuiQ
DA:72,1,inBb7qAzMB/igF6b7pAVPw
DA:73,1,nEvam2DXMbBa/PCc3+blnw
DA:74,1,RuE8B//7GrRys1u2Z1oiNQ
DA:75,1,I9HoW1U0WhVJQJX7jZrdMQ
DA:77,1,p4C6bhcTndddohQOv8y7RQ
DA:78,1,RrmTTa2X2mITbHj4uoGnyg
DA:80,1,8Wm69YOy8BS1Cucxn+edgQ
DA:81,1,OOrQe8Ul5KxGHD6v4wSx5Q
DA:82,1,4GviYTGcbG4bYHsBtSd41Q
DA:96,1,znxaVjTyi3XvJtZuPackQA
DA:97,1,ZM5zi5V8b8aqtRFF5xN4OA
DA:98,1,+QM+lyx1ncwKiRE9Dtr7zA
DA:99,1,nH6nLTQGRZ4cbSUH0/Itkg
DA:100,1,4JpbNdIvoaOkTa5/K2hRTw
DA:101,1,h0BbBbBL33Vygui+04W5Vg
DA:103,1,YsUTX7koTGpEkiWuX2PYfg
DA:104,1,N+XOAOVniQO7InCvv3LMwA
DA:105,1,vWu70kqf/DwTtl7i+oAXaw
DA:106,1,YbivXZ14fjhcLC89JmMBMA
DA:107,1,RSE9RkOlgapY+2gZppcksQ
DA:108,1,FgA9ijSeEhxlGAnn3lfc3Q
DA:110,1,+zDoo82tVz6AZ4szqP2Pbw
DA:111,1,vAb8mA4EIZplQeSPymYqdQ
DA:112,1,B/Fo9U4/nMeRNS1JjGZVyQ
DA:113,1,OCsteHfqGhdH768vr+jJcw
DA:114,1,STP3K7VL87GDAA24DgLB9A
DA:116,1,pKaCdv4xJYY1L50CxIQAyQ
DA:117,1,vb3poGCZxkMS+Kx4f8RPnw
DA:119,1,dBbtmwkRCSyV35/FMewC2w
DA:123,1,nq10LhfwSJXHU1jshujMHQ
DA:124,1,sb/xq3mD1jUbYw0CXQrh/A
DA:126,1,A96ZQPWZhttdFlqcDOuGnA
DA:127,1,pxSRWFZ3vRSMhqhZN6TzSw
DA:128,1,DB0Lg9AcXb0YB2smekhnMQ
DA:130,1,RwqmJ6uw1FfCi4Cm72cqNw
DA:131,1,mnKIJovr38TTuaMEIn6omA
DA:132,1,DB0Lg9AcXb0YB2smekhnMQ
DA:134,1,QcayuS/Let2mq99QLNo36Q
DA:135,1,g3HipT7o6rnnRKdNOG3KtQ
DA:136,1,BkL7sP5tfoU+Hs9Wnhwn+w
DA:137,1,Lhc2zv0Cp8/h7HEgbhq3LA
DA:138,1,Bp9Wd6mz9Z675e+2ajs0Sw
DA:139,1,sb/xq3mD1jUbYw0CXQrh/A
DA:141,1,hngXCwKv1keSyvh3cQs6Dw
DA:142,1,5RNWli5v2kMVpxlQpyahUw
DA:143,1,4GviYTGcbG4bYHsBtSd41Q
DA:145,1,vy6CgW37KXB6tZmtM5IONw
DA:146,1,aVEc3NcQ9+acW0Mc+lubCg
DA:147,1,b0YKHu5C3hqIQqmYmD0zjg
DA:148,1,uRRQ4DH8ixMn/naU7RsuPg
DA:149,1,n5g26j++XWqapA/cS5gd3g
DA:150,1,k19G3eZyX7AVxci5litJng
DA:161,1,MSgoXRbjbnGYIeoGrqnS0g
DA:162,1,ZM5zi5V8b8aqtRFF5xN4OA
DA:163,1,XBFsMmVylHuA+hA4ki9FAw
DA:187,1,rraziXO0Pjd+lHexzg2Niw
DA:188,1,ZM5zi5V8b8aqtRFF5xN4OA
DA:189,1,asxDzj/m9yS+0q5+DfY3Aw
DA:190,1,B/Fo9U4/nMeRNS1JjGZVyQ
DA:191,1,zFd0Mktfk0cT+HjKegWxQA
DA:193,1,Jnnf+jJecetFtIIzPmCqhw
DA:194,1,eTzfAClsZorbzQeSEl7wLw
DA:196,1,rDS+iE+M5YxnroRML2KGVA
DA:197,1,QgmP66Kwn/AvUMo3mxLO9g
DA:199,1,q01hhzT70eV2BUHH7xMt6g
DA:200,1,hm9sNTD0/K11RNVmoFHg1A
DA:201,1,swiU6CeIjDPClWjPJoZDJA
DA:203,1,3t64DlYe3q7swDJOW0oySg
DA:204,1,MjpvkUaZqaDv0Z79c+yAuA
DA:206,1,2afGjk+73AZl3kYYoy7OzQ
DA:207,1,Bp9Wd6mz9Z675e+2ajs0Sw
DA:208,1,sb/xq3mD1jUbYw0CXQrh/A
DA:210,1,Dra2LfH82u6IA3wy4SWTSQ
DA:211,1,OOrQe8Ul5KxGHD6v4wSx5Q
DA:212,1,4GviYTGcbG4bYHsBtSd41Q
DA:214,1,2ZF4YMwkZEEVo/a4JL/eow
DA:215,1,/OE4jua0CZeCdpQRjPz7/g
DA:229,1,VDxtOfIPXujoYdYc1ayGIQ
DA:230,1,ZM5zi5V8b8aqtRFF5xN4OA
DA:231,1,LxHhxrlYvxCWzwK/wAxUpw
DA:232,1,B/Fo9U4/nMeRNS1JjGZVyQ
DA:233,1,zFd0Mktfk0cT+HjKegWxQA
DA:235,1,Jnnf+jJecetFtIIzPmCqhw
DA:236,1,6R+EJCnlkWtoBSjGom2V+w
DA:238,1,W+K7WVTGE1YVCm8jERz5hg
DA:239,1,YLMvdpZca9QB6Ef8q6yvzw
DA:240,1,Bp9Wd6mz9Z675e+2ajs0Sw
DA:241,1,sb/xq3mD1jUbYw0CXQrh/A
DA:243,1,Q9nIrgkUMs2tNmEmBpM1jg
DA:244,1,OOrQe8Ul5KxGHD6v4wSx5Q
DA:245,1,4GviYTGcbG4bYHsBtSd41Q
DA:260,1,/pCD29t8PfkxLcMd5DL1dg
DA:261,1,ZM5zi5V8b8aqtRFF5xN4OA
DA:262,1,HqlycM+G6vQWHaMDu7cmpw
DA:263,1,B/Fo9U4/nMeRNS1JjGZVyQ
DA:264,1,/ZCdMgJzO0Zl6Vvtd4cCPw
DA:265,1,5eNelCXpgcPi//SInH6NSw
DA:266,1,apq0lx0C07bsrwN9Tb3pcw
DA:267,1,TD00MIz/QJE4YEwhwl2fvQ
DA:270,1,tR90s/B/WENoJCVSx1J5SQ
DA:272,1,HBmlzq/vmZs4hq8fRKs0iQ
DA:278,1,sb/xq3mD1jUbYw0CXQrh/A
DA:280,1,zFd0Mktfk0cT+HjKegWxQA
DA:281,1,BsmRfNJsHGski/S1SpRjmQ
DA:287,1,OOrQe8Ul5KxGHD6v4wSx5Q
DA:288,1,4GviYTGcbG4bYHsBtSd41Q
DA:303,1,WA0IdIlkCIgWTpH57HFl9w
DA:304,1,ZM5zi5V8b8aqtRFF5xN4OA
DA:305,1,lFqxNHdrG+ZKq0BD2UJ3Hw
DA:306,1,B/Fo9U4/nMeRNS1JjGZVyQ
DA:307,1,K/Xvgl8HirdmshJNwd8A6A
DA:308,1,zFd0Mktfk0cT+HjKegWxQA
DA:309,1,BqQzzEzgocpkYoFD2eobJw
DA:311,1,3o2xeeyY4IHViIQRVch2og
DA:314,1,HBmlzq/vmZs4hq8fRKs0iQ
DA:317,1,4sQ79Octer5jCWxhNIMleA
DA:318,1,Bp9Wd6mz9Z675e+2ajs0Sw
DA:319,1,sb/xq3mD1jUbYw0CXQrh/A
DA:321,1,BsmRfNJsHGski/S1SpRjmQ
DA:327,1,4GviYTGcbG4bYHsBtSd41Q
DA:83,0,vy6CgW37KXB6tZmtM5IONw
DA:84,0,n5g26j++XWqapA/cS5gd3g
DA:85,0,k19G3eZyX7AVxci5litJng
DA:87,0,yG/BrSK035NNdPyMdZQLqw
DA:88,0,3hsl8WGqagTW60lmlH4HGQ
DA:152,0,yG/BrSK035NNdPyMdZQLqw
DA:153,0,3hsl8WGqagTW60lmlH4HGQ
DA:164,0,B/Fo9U4/nMeRNS1JjGZVyQ
DA:165,0,zFd0Mktfk0cT+HjKegWxQA
DA:167,0,Jnnf+jJecetFtIIzPmCqhw
DA:168,0,6R+EJCnlkWtoBSjGom2V+w
DA:170,0,Dra2LfH82u6IA3wy4SWTSQ
DA:171,0,OOrQe8Ul5KxGHD6v4wSx5Q
DA:172,0,4GviYTGcbG4bYHsBtSd41Q
DA:174,0,vy6CgW37KXB6tZmtM5IONw
DA:175,0,n5g26j++XWqapA/cS5gd3g
DA:176,0,k19G3eZyX7AVxci5litJng
DA:178,0,yG/BrSK035NNdPyMdZQLqw
DA:179,0,3hsl8WGqagTW60lmlH4HGQ
DA:216,0,vy6CgW37KXB6tZmtM5IONw
DA:217,0,n5g26j++XWqapA/cS5gd3g
DA:218,0,k19G3eZyX7AVxci5litJng
DA:220,0,Gy67e0oSQd++LmJMvgdf8g
DA:221,0,3hsl8WGqagTW60lmlH4HGQ
DA:247,0,vy6CgW37KXB6tZmtM5IONw
DA:248,0,n5g26j++XWqapA/cS5gd3g
DA:249,0,k19G3eZyX7AVxci5litJng
DA:251,0,yG/BrSK035NNdPyMdZQLqw
DA:252,0,3hsl8WGqagTW60lmlH4HGQ
DA:290,0,vy6CgW37KXB6tZmtM5IONw
DA:291,0,n5g26j++XWqapA/cS5gd3g
DA:292,0,k19G3eZyX7AVxci5litJng
DA:294,0,yG/BrSK035NNdPyMdZQLqw
DA:295,0,3hsl8WGqagTW60lmlH4HGQ
DA:312,0,6R+EJCnlkWtoBSjGom2V+w
DA:329,0,vy6CgW37KXB6tZmtM5IONw
DA:330,0,n5g26j++XWqapA/cS5gd3g
DA:331,0,k19G3eZyX7AVxci5litJng
DA:333,0,Gy67e0oSQd++LmJMvgdf8g
DA:334,0,3hsl8WGqagTW60lmlH4HGQ
LF:189
LH:149
end_of_record
TN:
SF:app/api/auth.py
DA:1,1,BOR4dvvmEu+E5COgerDsLQ
DA:2,1,0xBiWc0Z3NLJTK4/myV8Tw
DA:3,1,u7IlBatsVDgPsUzyRsIL+Q
DA:5,1,fvadi4HTAYCSlEgHY8tquA
DA:6,1,Xvy5gj0xD7QaAOiYcmKNSA
DA:9,1,wwX5yrjyIRuk0NUik6FQTA
DA:10,1,LyvhZdFvJpARNHLWz9oxNA
DA:19,1,w/dgicUC8V4HJWIkSslTyg
DA:20,1,BExAyGekpDOcT10OBCgRlg
DA:24,1,vapJ2TvZFaBUE3SOyxHhlw
DA:25,1,T1A9P6H56//HJOKLP+V55w
DA:26,1,3kAc77dmu4XZfQPIoQmQQQ
DA:29,1,jUO8RbKsQaEiLJB+5ZjAoA
DA:30,1,1Q2x4LRnG+xlxEMoeblWaQ
DA:11,0,w1R79FjAGlwgz8Zb5Ii7/Q
DA:12,0,6WdyZjSdu/4eMjklhnDnGA
DA:13,0,xcNXDpeSiCKloUxkz4N+0g
DA:14,0,YPojWDVPBZZR7LnIMiBZRA
DA:15,0,nn35wvLDCA4vrMc982ZRCQ
DA:16,0,Q5uCYqAPPE0CFmWp4C5c6g
DA:21,0,Z2kxwxmBch8FXEjuyvyB1w
DA:31,0,Z2kxwxmBch8FXEjuyvyB1w
LF:22
LH:14
end_of_record
TN:
SF:app/api/errors.py
DA:1,1,a1mI4wzOsPHVBfQ8HZQ4Vg
DA:2,1,gDu5y3AEEFP/P8PSTOCfLQ
DA:5,1,QeKubQ+MtPtiAM/Om+BlSA
DA:6,1,RLW+3EbrdphUYs4fi++cSQ
DA:7,1,p1sjTwAx3pryHYlhpVkPvQ
DA:8,1,JjM+gpwQS7jPF6LcYEpoHA
DA:9,1,gmqh13zX71yHs1Sorw/aVQ
DA:10,1,YoCEOmdazidAFz+pFQcpsA
DA:11,1,J1CXhXB2U5l2x3kIX39sNA
DA:14,1,FTy/NSrnUECO8Fs6WrBRHQ
DA:15,1,wkalJe1sW0KJDgiwjZcgpg
DA:18,1,HtUIb8or6FyfwQo2baj0Gw
DA:19,1,2JjDsuYFpjiQ3jzOPIssNg
DA:20,1,oBhIE3yi5VFjPWyNsVBwkw
LF:14
LH:14
end_of_record
TN:
SF:app/api/helpers/add_article_methods.py
DA:1,1,WY+7fJigHDx/Wog4JgjfQQ
DA:2,1,6vWAvNsegNqafFN4IKLrhg
DA:3,1,9uGzlLdsMdGPubb/AWw52g
DA:5,1,46AXWuo4YsbUxxO+8j/gCg
DA:6,1,IXzv6dH0DZxlBmcM7mtm+g
DA:7,1,+wERzfVoCV5xI2AhIH0gHw
DA:8,1,Jemd4jr5yUEFOTHdhm4+9A
DA:10,1,qOR2F1H+qenb2H2cTBnM0Q
DA:13,1,lGlCSZApoj2pTCR+oPYC9w
DA:24,1,+bFwhK+h7g26U+AG0PD6pw
DA:25,1,zHN324n2JSnl7Shm+ZLJBA
DA:26,1,HlH0fmULOF7oWYOcAMYnGA
DA:28,1,BZl0cwNXtCSXZv5Oy397TA
DA:29,1,SnFffbb63jUHYe9cgeB7vA
DA:31,1,FzG7oWfLw5WD3kvrs+yeTQ
DA:32,1,id2BEJb1rdpY7/TxVtl1TA
DA:33,1,guJmmv/yus+RIW57A+lzUg
DA:34,1,k2IZkBotvHADBfKsAXAh9w
DA:36,1,wFINDHFBQAkxciLbUMCCZQ
DA:39,1,K4YSq4oiRaXnB3ILOFsBYw
DA:50,1,u2fL9pECyBtCmmqXA4Q28Q
DA:51,1,PwCgifgTaIn9Y86kSQNsbg
DA:55,1,B/Fo9U4/nMeRNS1JjGZVyQ
DA:56,1,wP9jIinKMz7yD48N7RKIVQ
DA:57,1,tDBghYG07mZ37SIOBEAdDg
DA:58,1,DdMv3i2madtXoRhl/H/ktw
DA:60,1,PigTuddlJ+L1PU2aMMlL0A
DA:61,1,AJWB2rkOsiskMhzh97nFBA
DA:63,1,V7uRmjj6chiNnyDqZpYJVA
DA:64,1,7qOwRHuZ183ceiZk/YF+Xw
DA:65,1,XF/z9+Ocatoj11ILDW0M8g
DA:67,1,id2BEJb1rdpY7/TxVtl1TA
DA:68,1,FzG7oWfLw5WD3kvrs+yeTQ
DA:69,1,QmdJwbyWvmdU7BPA0my6AQ
DA:71,1,wFINDHFBQAkxciLbUMCCZQ
DA:74,1,lLD7IH6y70SHm6qar3F3EA
DA:86,1,PI9cH9tsb3O7eaj5Xgpszg
DA:87,1,CeKosnhI4n/f2ufYXW1umQ
DA:88,1,31vgCAXssSxg6ZORYDL4LQ
DA:89,1,rA6XTRQB2gD9dDv5KLLUsA
DA:90,1,L3Pzrz0sW/0sL/3kgAHv7Q
DA:92,1,4eUtaksBH9/u1UMjtqI1Vw
DA:94,1,wFINDHFBQAkxciLbUMCCZQ
DA:97,1,a8h/yqTv2D+O4AVOBy/f8A
DA:109,1,yO6SwQ9pGr3zxxs2frcErQ
DA:112,1,yHydfHGuv9zM/lIO4XiFJw
DA:113,1,FnTJgOLzsiBhi47WBoAMeg
DA:114,1,W+K7WVTGE1YVCm8jERz5hg
DA:115,1,sb/xq3mD1jUbYw0CXQrh/A
DA:116,1,ugBdyYIZuzZx8sQB7dW8fA
DA:118,1,zcUAF1002tt0Pe6M9DSs/w
DA:124,1,UWiXnQ5KD1LIemWTwNSUGg
DA:125,1,5RNWli5v2kMVpxlQpyahUw
DA:126,1,4GviYTGcbG4bYHsBtSd41Q
DA:129,1,xqZex42hoXRGbBv/sqfDQA
DA:148,1,GeEt2bq5HxXNZo8+Ux23PQ
DA:149,1,fVRYllCu4l/zmMJSUuUNhg
DA:151,1,DGKIXpMGvnMgdPM7z6Jr+w
DA:154,1,ySE9/iyId4ESGdHHGvbzAw
DA:156,1,+IC7naZHg2Ty1KGZLBtFPQ
DA:162,1,+sGp6uhHzisTdrRsNc0cVA
DA:170,1,4j+oYnGW8xRvZGnyo8Nr+Q
DA:171,1,J1CXhXB2U5l2x3kIX39sNA
DA:110,0,VjYW7o5C6WjTDrmGH50JpQ
LF:64
LH:63
end_of_record
TN:
SF:app/api/helpers/add_highlight_methods.py
DA:1,1,ux0VOXuozR4u9iPOuXevGQ
DA:3,1,sguvHMl8Ys8nAHIYNx2UWQ
DA:4,1,IXzv6dH0DZxlBmcM7mtm+g
DA:5,1,cXtGM74S5t7miXvCKWInZw
DA:8,1,3KO8sWPUJP1XZuXpyEcSpg
DA:17,1,n+d29YS92tzRg4HpKumHrg
DA:18,1,1/4UOmpsWjL7WLLrv2uLLg
DA:19,1,WyqbZq8SCQ/hJ3ci3651FQ
DA:20,1,OJvSs+Js3iqCzWSbtHlk6g
DA:21,1,pMkfeWkmh2A9c3pfsTRo7Q
DA:22,1,jsRxLJh7PqFtGng/hxozVA
DA:25,1,SlLZf0pbWXdCO0+YFNgZcw
DA:35,1,xJlvBXv1v6MgKdEH4uQQYg
DA:36,1,3e7gTox2Op9Tnl3DSiUDxA
DA:37,1,2p4EoAxbTTIGjcTgtCTQIQ
DA:38,1,b2gMwEA70FWLou+7Tj4YNQ
DA:40,1,aX9wFwBNRWE+D7OiWYXMng
DA:41,1,7Yk72gGMAp3U8DL+ZWggQQ
DA:42,1,lh/Id4tbP1GfiuT2Gaskmg
DA:44,1,vomL5bGR44UPXIOIJx/zVA
DA:45,1,B/aHl7sxfnz/wyYXurkMrQ
DA:47,1,qDc/CaxyBjpzyamM8jrNyQ
DA:48,1,HlFdJMLZJb7zOIdhXDlMTA
DA:49,1,/DKLcDbYDAt6kFPFxkIBsQ
DA:50,1,d/lvTHq9EzYD/713ohmCkA
DA:52,1,iFj0eu0wnUP5NeYyY+vHuw
DA:55,1,zYBcdt38mSk11xYHAi3Kdw
DA:67,1,PI9cH9tsb3O7eaj5Xgpszg
DA:68,1,sJR+2U5PJru5yiJniBCgpA
DA:71,1,31vgCAXssSxg6ZORYDL4LQ
DA:72,1,upMINieAmclmIrP2PM84fw
DA:73,1,L3Pzrz0sW/0sL/3kgAHv7Q
DA:75,1,lJ374P/+T3t2JlnxYKtLZw
DA:77,1,iFj0eu0wnUP5NeYyY+vHuw
LF:34
LH:34
end_of_record
TN:
SF:app/api/helpers/article_query_maker.py
DA:1,1,sguvHMl8Ys8nAHIYNx2UWQ
DA:2,1,KggaRLUcbfeUhAq4mZ3N4g
DA:3,1,heOPf0DzELJsQ+3nrhe+Bg
DA:4,1,x/NVE/RgyvsGChvHi2N/og
DA:7,1,onfg7QiU0U6iJ6yY7kiGiw
DA:16,1,W3CfiZDRLR/NlImcPc1YwA
DA:17,1,uzv7NzpftrtVUktvIUMZ2A
DA:18,1,/qbSvxPea7IGit4DHwECLA
DA:19,1,7v05fqpkRByPn5HXmnuuXA
DA:20,1,xa2KZPuW6ikWuWPqOtmklg
DA:21,1,kvN3E4d2Gyj9c6v9BDA/Wg
DA:24,1,a6w6QRa9ElC0YS8/HUkQAA
DA:25,1,kvN3E4d2Gyj9c6v9BDA/Wg
DA:28,1,6DhWrJs06x5TK6n8RAWCWA
DA:29,1,kvN3E4d2Gyj9c6v9BDA/Wg
DA:33,1,Uk2gjCI1JVFun2WWzIWEBg
DA:36,1,rWYNe1vvuvZThZ5TtliWwA
DA:44,1,y3iEy/+9N7s17vEjYwbVDw
DA:45,1,oezMgVgtv/qrY/H6NxmtlQ
DA:46,1,gmkDqB3/FipFIbklyd771g
DA:47,1,6OJVnMiv1JPvukVtNnbxTA
DA:50,1,h9K5kXcQe9zzPtE/msAp2w
DA:52,1,ZVkbrQ/xOpWrIrE3zXo09w
DA:54,1,Uk2gjCI1JVFun2WWzIWEBg
DA:57,1,VzxUGKoVJKhBXPmfVKE4tQ
DA:66,1,xzkaNYQQSG7NPUiskp/IKA
DA:67,1,kvN3E4d2Gyj9c6v9BDA/Wg
DA:77,1,Uk2gjCI1JVFun2WWzIWEBg
DA:80,1,JOZV5X4rFpdnuk6m51xyHw
DA:91,1,hXe32Kv0pgPoSzZG/mUgDg
DA:94,1,wzJGo0wov4i2iYfQYR249w
DA:95,1,WYWo4S+TROsP0XOnp+F13w
DA:96,1,XfCXBTOQxiajC9/fTj4jiQ
DA:99,1,aXTDhkJppg8HhJVXGTAvDg
DA:100,1,fzne21TDusaGIySqbyuJdA
DA:101,1,yj/1UDMt5ek1H0q8stIXSg
DA:102,1,KvRDsxRaLMV5YYfeMixJuw
DA:103,1,BLZDF4rTs80H9Oe1a8ZMJQ
DA:104,1,jEtbBZVULvXAt6NhhMqJCQ
DA:105,1,tfKMSxq2Mm+7gEjcXPG1LA
DA:106,1,yj/1UDMt5ek1H0q8stIXSg
DA:107,1,KvRDsxRaLMV5YYfeMixJuw
DA:108,1,wsmcL72R7tlK7hkSEtg75g
DA:109,1,jEtbBZVULvXAt6NhhMqJCQ
DA:112,1,IK+IoXK2h8qyRW/NFpijLQ
DA:113,1,eCAyW69MrPWnBiybGU3h5Q
DA:114,1,Wp4aKub3NrQhLrUUUBC4iA
DA:115,1,BLZDF4rTs80H9Oe1a8ZMJQ
DA:116,1,jEtbBZVULvXAt6NhhMqJCQ
DA:117,1,S6/YRpkL/GLt/aDN2PMqTA
DA:118,1,Wp4aKub3NrQhLrUUUBC4iA
DA:119,1,wsmcL72R7tlK7hkSEtg75g
DA:120,1,jEtbBZVULvXAt6NhhMqJCQ
DA:123,1,Kd6eRImuzuZfP4ijxsadMg
DA:125,1,Uk2gjCI1JVFun2WWzIWEBg
LF:55
LH:55
end_of_record
TN:
SF:app/api/helpers/highlight_query_maker.py
DA:1,1,sguvHMl8Ys8nAHIYNx2UWQ
DA:2,1,LZdVCp8oSKAnDoJTSpfKjw
DA:3,1,x/NVE/RgyvsGChvHi2N/og
DA:6,1,3R5oou+ktaSwfjzXy733Fw
DA:7,1,68EMwKZt0cLnCLcOj1yQxA
DA:8,1,jyc5UA3oMjpAioBmdn+v5Q
DA:9,1,LtXHu/n2XRn/DlJOgISICg
DA:10,1,3HxubtWkYY7pTjbW3aURtg
DA:12,1,Uk2gjCI1JVFun2WWzIWEBg
DA:15,1,onfg7QiU0U6iJ6yY7kiGiw
DA:24,1,MyRINCHwrU5Q/rf1GxOHNg
DA:25,1,uzv7NzpftrtVUktvIUMZ2A
DA:26,1,MiQFgCFgxSJLHGjHuY89Hg
DA:28,1,/qbSvxPea7IGit4DHwECLA
DA:29,1,7v05fqpkRByPn5HXmnuuXA
DA:30,1,Uk2gjCI1JVFun2WWzIWEBg
DA:33,1,PsOLe+4CGGO57lihyaEDUA
DA:42,1,YrOrDNXiWt8V1AxATKPCIw
DA:43,1,wWvyVCzDRWfTVXhFZNNl1w
DA:44,1,Eh3nv6B6yQU936XnbAj17w
DA:45,1,jmZIJ6J+J8ufOUfouuuQwA
DA:46,1,3+MBCXqQrxDv6mFuvnYZwA
DA:47,1,4PILxnWW3Rfg1vpiEiAO9Q
DA:48,1,Uk2gjCI1JVFun2WWzIWEBg
DA:51,1,rWYNe1vvuvZThZ5TtliWwA
DA:59,1,y3iEy/+9N7s17vEjYwbVDw
DA:60,1,oezMgVgtv/qrY/H6NxmtlQ
DA:61,1,qbBqU0ILYK6HwSKkoemTig
DA:62,1,CHN0RymkfTG666GLMotCjA
DA:65,1,jbvG5Z5OHGAI7AnaYqNMsg
DA:67,1,ZVkbrQ/xOpWrIrE3zXo09w
DA:68,1,Uk2gjCI1JVFun2WWzIWEBg
DA:71,1,VzxUGKoVJKhBXPmfVKE4tQ
DA:80,1,xzkaNYQQSG7NPUiskp/IKA
DA:81,1,7nBNdZ6L7LlpPBjSustJYw
DA:82,1,kvN3E4d2Gyj9c6v9BDA/Wg
DA:89,1,Uk2gjCI1JVFun2WWzIWEBg
DA:92,1,MfNAbBcm4Y1+zD7i2uh03g
DA:102,1,hXe32Kv0pgPoSzZG/mUgDg
DA:104,1,YaWB2PtVrPrGGGiDAmiJFw
DA:105,1,+JRjyGGxNcSdoiHa2FD0hQ
DA:106,1,OgckoYps7qPl21db+59fMg
DA:107,1,gKXDD/mFrgyZTUzw1SvqnA
DA:108,1,+pxLKkt10T77QMEakRymSQ
DA:109,1,+JRjyGGxNcSdoiHa2FD0hQ
DA:110,1,WKR97bVoW+70c87mfsxqOA
DA:111,1,gKXDD/mFrgyZTUzw1SvqnA
DA:114,1,Kd6eRImuzuZfP4ijxsadMg
DA:116,1,Uk2gjCI1JVFun2WWzIWEBg
DA:27,0,wWvyVCzDRWfTVXhFZNNl1w
LF:50
LH:49
end_of_record
TN:
SF:app/api/helpers/query_maker.py
DA:1,1,6nXIW1CiEbFvo+Nn8PmOFg
DA:12,1,QvSu00UkO/uLdqur8ryFPQ
DA:13,1,OXDP5MdrHdkkLSMBnllnvA
DA:14,1,5NZG77H8QzRQwZ4DJulseA
DA:16,1,pfmQu22umeXvdbe2z1XUGQ
DA:18,1,0eHNqkPmmtHUPOGNH+ReRw
DA:20,1,Uk2gjCI1JVFun2WWzIWEBg
LF:7
LH:7
end_of_record
TN:
SF:app/api/helpers/update_tags.py
DA:1,1,sguvHMl8Ys8nAHIYNx2UWQ
DA:2,1,Jemd4jr5yUEFOTHdhm4+9A
DA:5,1,ysU1H2mJnTcs3PVjl/Ajfw
DA:16,1,gaNrAJ5mkjFT/pLC9JpS/g
DA:17,1,RaEO65r6jve7EbrWBmXLDw
DA:18,1,hOBHlU2hxbQaHcZUaBG/Zw
DA:19,1,mJrMSFap94+Yip0BaKHyOA
DA:20,1,okoaKRa2YbJqsPWb+MdklQ
DA:21,1,BowAjJlMJmF1xiE46gRVZA
DA:23,1,PI9cH9tsb3O7eaj5Xgpszg
DA:24,1,7aVZL3hY7SYf5ebeo1a+YQ
DA:25,1,oMaOI/jDEcofH2M2XZrpqA
DA:26,1,V4AmVR9B7oK/e589ZXz8CQ
DA:27,1,lCujYN1OVSnvUxXDPIeSeg
DA:28,1,/upypKdW3kyj/tLG/a3InA
DA:29,1,Njw6LHKQfLb/+ypghx4cQw
DA:31,1,gICwc1BFqk/9ubJZ+CD/4w
LF:17
LH:17
end_of_record
TN:
SF:app/api/highlights.py
DA:1,1,Hae6E+ME6LwpNl5IKOCpCg
DA:2,1,OaTlemF3bXMi5MP7Db8vkQ
DA:3,1,8/DPjtWdo8z1/SINFFKe8w
DA:4,1,ux0VOXuozR4u9iPOuXevGQ
DA:6,1,AUzgS56y+O0bNlTQaxCtaA
DA:7,1,X9YoZLyaAgucnbK3suaZ3w
DA:8,1,H/heeAoS9kLElrz5TfMQuw
DA:9,1,bNvpeQ5S16+Mn9ptQUsJXg
DA:11,1,jxGRdb7x00LFdvksnYeN4g
DA:12,1,b98YgUGJUBe6o5Ht6tk0kg
DA:17,1,QUaTGIjn+f0tvc/DS2pAdQ
DA:18,1,Hot1mwZ0tpimRpk6yVc4gA
DA:19,1,wJuxPpLXakaNd5fAu8JjCQ
DA:22,1,qOR2F1H+qenb2H2cTBnM0Q
DA:25,1,YG0SCykfBeLfVjT7Eu1Seg
DA:26,1,ZM5zi5V8b8aqtRFF5xN4OA
DA:27,1,qZ3GnfAw1iagsL0f6zg6nQ
DA:47,1,B/Fo9U4/nMeRNS1JjGZVyQ
DA:48,1,BqQzzEzgocpkYoFD2eobJw
DA:50,1,0WcGwpft0GY3Vcu04HANEA
DA:51,1,mpZZjH6v5mi7TpNOvcaPEg
DA:52,1,nIPv2ewXaucn0/3/HLGZbw
DA:53,1,xFtciQiR8+FvF3jqvAtfrA
DA:54,1,+MptdottTWFF1971VHnSPg
DA:55,1,6eDSBgA629v2RyGiOSh5wA
DA:56,1,z5oNuRpD1fS1gVPp0GkUUA
DA:57,1,ePs0dUG/opnMSLMDTYgzVQ
DA:60,1,I/GypCK3TqQ2ED1kDZnlUw
DA:65,1,gf7eB3csTVNY7zXdNG3BYw
DA:68,1,AoEg6957mp20jypGESv2Gg
DA:70,1,a+RZKzlE0TdgIH2lDJmOIQ
DA:71,1,nXlBrddAUt0HA+zyNeXJ8g
DA:72,1,I9HoW1U0WhVJQJX7jZrdMQ
DA:74,1,p4C6bhcTndddohQOv8y7RQ
DA:75,1,v6GXS8libGg+cRWIRzAWdw
DA:77,1,HzMapdddFdAU4reenhZCUA
DA:78,1,OOrQe8Ul5KxGHD6v4wSx5Q
DA:79,1,4GviYTGcbG4bYHsBtSd41Q
DA:88,1,Z0QqVNWVgR5L/GNdZhu7qw
DA:89,1,ZM5zi5V8b8aqtRFF5xN4OA
DA:90,1,QsntLBTJVm8IaAoMq/xrJQ
DA:91,1,B/Fo9U4/nMeRNS1JjGZVyQ
DA:92,1,BqQzzEzgocpkYoFD2eobJw
DA:93,1,xN5qULcRCJDasDtoDeFM1A
DA:94,1,w0Vkm7JRxpiFNdz4RozINQ
DA:97,1,XZ3lHuhNsle31soKPfDboA
DA:98,1,WfcGNxDJVPOhsNf1PE7yAg
DA:99,1,w3yAWi1mm2AwM9hmie2fCg
DA:101,1,cawKoRvqRbSuRTChX6ba1Q
DA:102,1,e8jADDmjT9LGeR4SelD+Og
DA:104,1,hUfAWc2HeOTin6l53pINjg
DA:105,1,Bp9Wd6mz9Z675e+2ajs0Sw
DA:106,1,sb/xq3mD1jUbYw0CXQrh/A
DA:108,1,dNAxcG3kwAGrxitr2GbQZg
DA:109,1,5RNWli5v2kMVpxlQpyahUw
DA:110,1,4GviYTGcbG4bYHsBtSd41Q
DA:112,1,vy6CgW37KXB6tZmtM5IONw
DA:113,1,n5g26j++XWqapA/cS5gd3g
DA:114,1,k19G3eZyX7AVxci5litJng
DA:120,1,m0zH1LVQ/DRkIpX8Hgj4UQ
DA:121,1,ZM5zi5V8b8aqtRFF5xN4OA
DA:122,1,McmqkqRA46yVrNvpmHryEA
DA:123,1,B/Fo9U4/nMeRNS1JjGZVyQ
DA:124,1,BqQzzEzgocpkYoFD2eobJw
DA:125,1,MXOAAEUPvu4haMQ78HbhdA
DA:126,1,JvBVWHmDNOcUZ2BuwKWV1Q
DA:127,1,Udw0la1reKe98T/myutD/Q
DA:129,1,SmGVfn1Hj7n1yGetjPX2KA
DA:139,1,zQmC1xEButQ2ZMvZD64R+w
DA:140,1,ZM5zi5V8b8aqtRFF5xN4OA
DA:141,1,g1giNtwpJAgQz8wsHOEKIw
DA:142,1,B/Fo9U4/nMeRNS1JjGZVyQ
DA:143,1,BqQzzEzgocpkYoFD2eobJw
DA:144,1,MXOAAEUPvu4haMQ78HbhdA
DA:145,1,rDS+iE+M5YxnroRML2KGVA
DA:147,1,JvBVWHmDNOcUZ2BuwKWV1Q
DA:148,1,Udw0la1reKe98T/myutD/Q
DA:150,1,q01hhzT70eV2BUHH7xMt6g
DA:151,1,hLn3ToyRIguQMoZxvP/8cg
DA:152,1,AIvtOVjnqviYDh+SxMWUDw
DA:154,1,3t64DlYe3q7swDJOW0oySg
DA:155,1,saggF7UZECs3+3BxYCk7/A
DA:157,1,qSHJcMY7q684qsIJcDBd6w
DA:158,1,Bp9Wd6mz9Z675e+2ajs0Sw
DA:159,1,sb/xq3mD1jUbYw0CXQrh/A
DA:161,1,SmGVfn1Hj7n1yGetjPX2KA
DA:163,1,2ZF4YMwkZEEVo/a4JL/eow
DA:164,1,/OE4jua0CZeCdpQRjPz7/g
DA:174,1,3Ac53DOkYyLE+X+7cumKag
DA:175,1,ZM5zi5V8b8aqtRFF5xN4OA
DA:176,1,YtVxtLQQCZDPk440GOL09A
DA:177,1,B/Fo9U4/nMeRNS1JjGZVyQ
DA:178,1,BqQzzEzgocpkYoFD2eobJw
DA:179,1,MXOAAEUPvu4haMQ78HbhdA
DA:180,1,JvBVWHmDNOcUZ2BuwKWV1Q
DA:181,1,Udw0la1reKe98T/myutD/Q
DA:183,1,WnoVMFQQIZD4sBlY2ffP5w
DA:184,1,xRJqZ0GMTE1dv7+XYTIEDw
DA:185,1,Bp9Wd6mz9Z675e+2ajs0Sw
DA:187,1,sb/xq3mD1jUbYw0CXQrh/A
DA:189,1,3lWpx57uAbo/rIGPmjlQrw
DA:199,1,T9HrcyUlDhhE5m6ZPUMaRw
DA:200,1,ZM5zi5V8b8aqtRFF5xN4OA
DA:201,1,VW0zuQ9K0Qfd2NuZoTvOpQ
DA:210,1,B/Fo9U4/nMeRNS1JjGZVyQ
DA:211,1,BqQzzEzgocpkYoFD2eobJw
DA:213,1,rbqPV5yWgh85fYMOzOz/Zg
DA:214,1,ftmSNS5CBxVbd9rk71GJaw
DA:215,1,ApGbBx8YS+dGXShGjPH4kQ
DA:216,1,snhQfHhwNXVuMR7IO8iV2w
DA:218,1,FG06YqLAxowM0EJyfnFLmw
DA:219,1,OOrQe8Ul5KxGHD6v4wSx5Q
DA:220,1,4GviYTGcbG4bYHsBtSd41Q
DA:221,1,vy6CgW37KXB6tZmtM5IONw
DA:222,1,n5g26j++XWqapA/cS5gd3g
DA:224,1,NwFaWa1TxT/8BXDIV87VVg
DA:225,1,78prtagYnduLu0JJhNUXTA
DA:231,1,Vkz4DqQlevC6fR/GsqY4cA
DA:232,1,ZM5zi5V8b8aqtRFF5xN4OA
DA:233,1,C0Dix+8nBhtEsv3UnvVmWQ
DA:234,1,B/Fo9U4/nMeRNS1JjGZVyQ
DA:235,1,BqQzzEzgocpkYoFD2eobJw
DA:236,1,nIPv2ewXaucn0/3/HLGZbw
DA:237,1,xFtciQiR8+FvF3jqvAtfrA
DA:238,1,6eDSBgA629v2RyGiOSh5wA
DA:239,1,z5oNuRpD1fS1gVPp0GkUUA
DA:240,1,ePs0dUG/opnMSLMDTYgzVQ
DA:241,1,K/Xvgl8HirdmshJNwd8A6A
DA:244,1,I/GypCK3TqQ2ED1kDZnlUw
DA:249,1,gf7eB3csTVNY7zXdNG3BYw
DA:252,1,lB+GWcXjPGo7eIpm4z6xLQ
DA:254,1,VnZ9QwU0odfZSyJNDocvMA
DA:257,1,zcUAF1002tt0Pe6M9DSs/w
DA:260,1,RtURSfcepcgUv9cu2Qxe7Q
DA:261,1,Bp9Wd6mz9Z675e+2ajs0Sw
DA:262,1,sb/xq3mD1jUbYw0CXQrh/A
DA:264,1,s/vkmuDwcM7iEDv0sSE2TA
DA:66,0,O3JBiyhr/O6MLA0I8U1YQQ
DA:80,0,vy6CgW37KXB6tZmtM5IONw
DA:81,0,n5g26j++XWqapA/cS5gd3g
DA:82,0,k19G3eZyX7AVxci5litJng
DA:84,0,Gy67e0oSQd++LmJMvgdf8g
DA:85,0,3hsl8WGqagTW60lmlH4HGQ
DA:95,0,TAgFQ8DUfljw1F9kt44zwA
DA:116,0,Gy67e0oSQd++LmJMvgdf8g
DA:117,0,Wy8VslzCJozmlxYwFwRt2w
DA:131,0,vy6CgW37KXB6tZmtM5IONw
DA:132,0,n5g26j++XWqapA/cS5gd3g
DA:133,0,k19G3eZyX7AVxci5litJng
DA:135,0,Gy67e0oSQd++LmJMvgdf8g
DA:136,0,Wy8VslzCJozmlxYwFwRt2w
DA:166,0,vy6CgW37KXB6tZmtM5IONw
DA:167,0,n5g26j++XWqapA/cS5gd3g
DA:168,0,k19G3eZyX7AVxci5litJng
DA:170,0,Gy67e0oSQd++LmJMvgdf8g
DA:171,0,Wy8VslzCJozmlxYwFwRt2w
DA:191,0,vy6CgW37KXB6tZmtM5IONw
DA:192,0,n5g26j++XWqapA/cS5gd3g
DA:193,0,k19G3eZyX7AVxci5litJng
DA:195,0,Gy67e0oSQd++LmJMvgdf8g
DA:196,0,Wy8VslzCJozmlxYwFwRt2w
DA:223,0,k19G3eZyX7AVxci5litJng
DA:227,0,Gy67e0oSQd++LmJMvgdf8g
DA:228,0,3hsl8WGqagTW60lmlH4HGQ
DA:250,0,0gxUMXiNxb1unY8lahAReQ
DA:270,0,vy6CgW37KXB6tZmtM5IONw
DA:271,0,n5g26j++XWqapA/cS5gd3g
DA:272,0,k19G3eZyX7AVxci5litJng
DA:274,0,Gy67e0oSQd++LmJMvgdf8g
DA:275,0,Wy8VslzCJozmlxYwFwRt2w
LF:170
LH:137
end_of_record
TN:
SF:app/api/tags.py
DA:1,1,ERKN+kYqPPrvWWpPkvflYQ
DA:2,1,OaTlemF3bXMi5MP7Db8vkQ
DA:3,1,8/DPjtWdo8z1/SINFFKe8w
DA:5,1,AUzgS56y+O0bNlTQaxCtaA
DA:6,1,X9YoZLyaAgucnbK3suaZ3w
DA:7,1,H/heeAoS9kLElrz5TfMQuw
DA:8,1,bNvpeQ5S16+Mn9ptQUsJXg
DA:9,1,QUaTGIjn+f0tvc/DS2pAdQ
DA:10,1,HNLGKb12L8iOxr2nPBTdDQ
DA:13,1,qOR2F1H+qenb2H2cTBnM0Q
DA:16,1,zcnP5YPNqSBd+kozuawv6Q
DA:17,1,ZM5zi5V8b8aqtRFF5xN4OA
DA:18,1,VmObhlXStI4U51Wf39O4Ig
DA:19,1,B/Fo9U4/nMeRNS1JjGZVyQ
DA:20,1,0WcGwpft0GY3Vcu04HANEA
DA:21,1,P0SjxrhwTeRtxcNYzkcvsA
DA:22,1,up1Mtwgu64QQz3gQwIac4g
DA:24,1,BqQzzEzgocpkYoFD2eobJw
DA:25,1,G6FAqcCeoXAJXl0FTLHc9w
DA:27,1,JXTKDmkrD2wNvhMciw/QAw
DA:28,1,B+ZJQ8zBxPMiDZhsnR0Fag
DA:29,1,yFch4xHIWjLc1IZi0/dKug
DA:30,1,IIJuNpX6oKCJvuCti9nqjw
DA:32,1,PfbZxXFIdriTnxuFVuedoQ
DA:34,1,I9HoW1U0WhVJQJX7jZrdMQ
DA:35,1,p4C6bhcTndddohQOv8y7RQ
DA:36,1,kpNpSjsj3T18ICaGl9tUXA
DA:38,1,tuel32TjrCjQB53hF6aPJg
DA:48,1,083S9ZWqhKON2ZIXdmnr+Q
DA:49,1,ZM5zi5V8b8aqtRFF5xN4OA
DA:50,1,jCf+ZC4412n7SVfr05Ekog
DA:51,1,B/Fo9U4/nMeRNS1JjGZVyQ
DA:52,1,BqQzzEzgocpkYoFD2eobJw
DA:53,1,xN5qULcRCJDasDtoDeFM1A
DA:54,1,8r3k1kltAp0xzeJk2er48w
DA:57,1,eRrCqccyMAl5Hh57+IM1pg
DA:58,1,yRIQunQ4RAcFzFsJpV9j1Q
DA:59,1,oh1k13Gmjf6wOywrUWK5Fg
DA:60,1,yIFlZcw2nW0fy3ra13rwAg
DA:62,1,iq+A4zECikv3dSGdFYBqPw
DA:63,1,Bp9Wd6mz9Z675e+2ajs0Sw
DA:64,1,sb/xq3mD1jUbYw0CXQrh/A
DA:66,1,sLS4MwU+EQ3bUslxZXJONw
DA:67,1,5RNWli5v2kMVpxlQpyahUw
DA:68,1,4GviYTGcbG4bYHsBtSd41Q
DA:78,1,JnvlihGC9NyYZBI+P61YLg
DA:79,1,ZM5zi5V8b8aqtRFF5xN4OA
DA:80,1,G+sQcbXpxDcZf+pUXc0uFg
DA:81,1,B/Fo9U4/nMeRNS1JjGZVyQ
DA:82,1,BqQzzEzgocpkYoFD2eobJw
DA:83,1,tn7Ek2wfHSgehMCDJmTYNQ
DA:84,1,OGRfzRprgKRfI5eRRMuNwA
DA:85,1,Udw0la1reKe98T/myutD/Q
DA:87,1,cGPFX+CFUdswXOnn9rsWDg
DA:97,1,w1oNy1RGplW20VqrIt9U8g
DA:98,1,ZM5zi5V8b8aqtRFF5xN4OA
DA:99,1,Oxl/bd6x0MmceedV87Ru+g
DA:100,1,B/Fo9U4/nMeRNS1JjGZVyQ
DA:101,1,BqQzzEzgocpkYoFD2eobJw
DA:102,1,tn7Ek2wfHSgehMCDJmTYNQ
DA:103,1,rDS+iE+M5YxnroRML2KGVA
DA:105,1,OGRfzRprgKRfI5eRRMuNwA
DA:108,1,q01hhzT70eV2BUHH7xMt6g
DA:109,1,AdoKO9dVHlWlyzuujM0ZyA
DA:110,1,xADLgKM8SkPC1wDWmBFdQg
DA:112,1,vgGdmoKeMDn/SrMxblZl1w
DA:113,1,Bp9Wd6mz9Z675e+2ajs0Sw
DA:114,1,sb/xq3mD1jUbYw0CXQrh/A
DA:116,1,cGPFX+CFUdswXOnn9rsWDg
DA:129,1,S/4uNEPQO02dw11JQ0tYhg
DA:130,1,ZM5zi5V8b8aqtRFF5xN4OA
DA:131,1,5v0SZVXsX32dSBRxD4005w
DA:132,1,B/Fo9U4/nMeRNS1JjGZVyQ
DA:133,1,BqQzzEzgocpkYoFD2eobJw
DA:134,1,tn7Ek2wfHSgehMCDJmTYNQ
DA:135,1,OGRfzRprgKRfI5eRRMuNwA
DA:136,1,Udw0la1reKe98T/myutD/Q
DA:138,1,uITLREPYyo5IDVdip6v9Vg
DA:139,1,SdMBRiAIVasd/XXLr5I0BA
DA:140,1,Bp9Wd6mz9Z675e+2ajs0Sw
DA:142,1,sb/xq3mD1jUbYw0CXQrh/A
DA:144,1,3lWpx57uAbo/rIGPmjlQrw
DA:40,0,vy6CgW37KXB6tZmtM5IONw
DA:41,0,n5g26j++XWqapA/cS5gd3g
DA:42,0,k19G3eZyX7AVxci5litJng
DA:44,0,Gy67e0oSQd++LmJMvgdf8g
DA:45,0,3hsl8WGqagTW60lmlH4HGQ
DA:55,0,TAgFQ8DUfljw1F9kt44zwA
DA:70,0,vy6CgW37KXB6tZmtM5IONw
DA:71,0,n5g26j++XWqapA/cS5gd3g
DA:72,0,k19G3eZyX7AVxci5litJng
DA:74,0,Gy67e0oSQd++LmJMvgdf8g
DA:75,0,Wy8VslzCJozmlxYwFwRt2w
DA:89,0,vy6CgW37KXB6tZmtM5IONw
DA:90,0,n5g26j++XWqapA/cS5gd3g
DA:91,0,k19G3eZyX7AVxci5litJng
DA:93,0,Gy67e0oSQd++LmJMvgdf8g
DA:94,0,Wy8VslzCJozmlxYwFwRt2w
DA:106,0,Udw0la1reKe98T/myutD/Q
DA:118,0,2ZF4YMwkZEEVo/a4JL/eow
DA:119,0,/OE4jua0CZeCdpQRjPz7/g
DA:121,0,vy6CgW37KXB6tZmtM5IONw
DA:122,0,n5g26j++XWqapA/cS5gd3g
DA:123,0,k19G3eZyX7AVxci5litJng
DA:125,0,Gy67e0oSQd++LmJMvgdf8g
DA:126,0,Wy8VslzCJozmlxYwFwRt2w
DA:146,0,vy6CgW37KXB6tZmtM5IONw
DA:147,0,n5g26j++XWqapA/cS5gd3g
DA:148,0,k19G3eZyX7AVxci5litJng
DA:150,0,Gy67e0oSQd++LmJMvgdf8g
DA:151,0,Wy8VslzCJozmlxYwFwRt2w
LF:111
LH:82
end_of_record
TN:
SF:app/api/tasks.py
DA:1,1,vrmVQkJUKNCQYqtJX2zAYQ
DA:2,1,SvI3gLyxUznhU/SS0opA5Q
DA:3,1,GjNkaIhLMTl4bEIZ+UZTpA
DA:4,1,X9YoZLyaAgucnbK3suaZ3w
DA:5,1,H/heeAoS9kLElrz5TfMQuw
DA:6,1,KXVVPNI2HIABxz4gQEXyuQ
DA:7,1,4KXOIu0EzlFAqlH6QJ+whA
DA:9,1,qOR2F1H+qenb2H2cTBnM0Q
DA:12,1,wo9o9N7IlhgHldHEJljT1w
DA:13,1,ZM5zi5V8b8aqtRFF5xN4OA
DA:14,1,pFGDMFCHOo1Tf9jWIjTxDQ
DA:15,1,B/Fo9U4/nMeRNS1JjGZVyQ
DA:16,1,FCyDzNBcDT6Soq96iCgOcA
DA:17,1,shvJp9EGgRtuR2Cwgpg6gQ
DA:20,1,nIPv2ewXaucn0/3/HLGZbw
DA:21,1,70E2+HPDE1ULp4g2tVn5Qg
DA:25,1,xjcDBnSwra0OiNOAYAwoHA
DA:26,1,futDs5CCJAqA9JmGxwTGJA
DA:31,1,MvyZve5sHKZcfjTjsFbjkw
DA:32,1,rs4JlOq+fs5knu/atiZ3ig
DA:33,1,WhQ2ipxc5tLD5v0iYk7FUA
DA:34,1,HpFlOnnXZzq6CijXRFhvBA
DA:37,1,XDYrpJhQMFjGNHrCjDbqCw
DA:38,1,nHZWAH3qmdJYqT0Fq8cuVw
DA:40,1,BsmRfNJsHGski/S1SpRjmQ
DA:43,1,OOrQe8Ul5KxGHD6v4wSx5Q
DA:44,1,4GviYTGcbG4bYHsBtSd41Q
DA:18,0,cIzZAIde8yjFRRjU2uN72A
DA:27,0,o7tvNiq40uwo8eP+lY5kyg
DA:28,0,uj9CtRKTy/0gBxuKdyEEKQ
DA:29,0,ybStVU5+lDaEyZ5ytm4NNg
DA:46,0,vy6CgW37KXB6tZmtM5IONw
DA:47,0,IgmYfkaFWWgDopBQsgqdaQ
DA:48,0,TNY29Q0Xw/c3AjtiRI+D8A
DA:50,0,yG/BrSK035NNdPyMdZQLqw
DA:51,0,3hsl8WGqagTW60lmlH4HGQ
LF:36
LH:27
end_of_record
TN:
SF:app/api/tokens.py
DA:1,1,sguvHMl8Ys8nAHIYNx2UWQ
DA:2,1,X9YoZLyaAgucnbK3suaZ3w
DA:3,1,gpZVB4trPH7/d/SLj1+A/A
DA:4,1,hVRf8Uc/CCOgeM1HW09ZYQ
DA:5,1,GSKDV+YSImHQe3dhIt0lYg
DA:7,1,io0rn+EUcKgKU4qst5P52g
DA:10,1,DCCdD9NbQYDd0Vr8dCUr3g
DA:11,1,jGoTHDeCNx6i0vv2Lf0lxA
DA:12,1,zuu2zJ5mMpfwpDI39Tx8Hw
DA:18,1,2+m9DQO0csqPQhnQSaTjIQ
DA:19,1,wbFE2/QAqaxyCDq1Sm3UXA
DA:49,1,vk63U3FlVF8K/5VBiZ6u9g
DA:50,1,ZM5zi5V8b8aqtRFF5xN4OA
DA:51,1,7tUCK/AFbWsqTIPTYHcDfQ
DA:13,0,cdQVArXCWr8rIWlDSjZs0Q
DA:14,0,1pyUKMvbIBQjZPIVAf6WFg
DA:15,0,Mal1sEo0v4HXu7CwOrRxAA
DA:20,0,isxJ74WKteRuLrF0c3P6ZQ
DA:21,0,ah6dd2l0z9ra0+6YR4La+w
DA:22,0,39vmopBGgOcc5xG9CnayMg
DA:27,0,AxPCeRBGWYyB2g9TEjATlQ
DA:28,0,H+jc4ct1Fc61vltBrFiCcw
DA:29,0,TB+Zl1sIq5NLoZjU1u4c1A
DA:30,0,sb/xq3mD1jUbYw0CXQrh/A
DA:31,0,BLkkQ+JEqmeKcg1XuW4R1Q
DA:32,0,4GviYTGcbG4bYHsBtSd41Q
DA:34,0,Da0WIJQsyieu43K9a+hzdA
DA:37,0,26miZdLooBTs5d1RZA6sLQ
DA:38,0,UHAnAlEreAWInjE4mCyNWQ
DA:39,0,1pyUKMvbIBQjZPIVAf6WFg
DA:40,0,0m6GUmBJNQfgSUnhkug1fQ
DA:41,0,skbV58hLEwII7VzMlwOBeQ
DA:42,0,1pyUKMvbIBQjZPIVAf6WFg
DA:43,0,a/b/tyS+CAUCmQG7FcsAXQ
DA:44,0,4j+oYnGW8xRvZGnyo8Nr+Q
DA:45,0,JEEu/aDRWBb3xF3FF/NzqA
DA:46,0,J1CXhXB2U5l2x3kIX39sNA
DA:52,0,9Xu2KfoAtrU5c6ZWql3YmQ
DA:53,0,1pyUKMvbIBQjZPIVAf6WFg
DA:54,0,HZ/V78xumDZIdlTbVoUqNg
LF:40
LH:14
end_of_record
TN:
SF:app/api/users.py
DA:1,1,AUzgS56y+O0bNlTQaxCtaA
DA:2,1,X9YoZLyaAgucnbK3suaZ3w
DA:3,1,H/heeAoS9kLElrz5TfMQuw
DA:4,1,hVRf8Uc/CCOgeM1HW09ZYQ
DA:5,1,+wERzfVoCV5xI2AhIH0gHw
DA:6,1,lvjItlBMpf7Apml96+D6sg
DA:8,1,WpEjgxacqgxANZhpobgHYQ
DA:9,1,io0rn+EUcKgKU4qst5P52g
DA:10,1,l5rV6Mdx/liClRISREkITQ
DA:13,1,qOR2F1H+qenb2H2cTBnM0Q
DA:21,1,1xITzVdpIywXIYbI7ND52Q
DA:22,1,OxRI3QA8zocZprjsIZeOeg
DA:23,1,isxJ74WKteRuLrF0c3P6ZQ
DA:24,1,kKbwgaSdgJRS6Io2oeWtZw
DA:25,1,xfqO1XXd9p95ZfPOxiH88g
DA:27,1,fpSUDp4BYPDdokIG6I508w
DA:30,1,SPUC71/Jkzyiye/N6sbevQ
DA:33,1,VA9hQfVQy9d+/SAeWJYI4A
DA:34,1,DCvgPhpzPQyyDEP/KIqXEw
DA:35,1,26miZdLooBTs5d1RZA6sLQ
DA:36,1,UHAnAlEreAWInjE4mCyNWQ
DA:37,1,YUjwu99hJ+Fh9nIr5mG3ug
DA:38,1,0m6GUmBJNQfgSUnhkug1fQ
DA:39,1,3okxAjlt55QFcmiy11P6KQ
DA:40,1,29rSqHMwJskZoiagctr63w
DA:41,1,1pyUKMvbIBQjZPIVAf6WFg
DA:43,1,a/b/tyS+CAUCmQG7FcsAXQ
DA:44,1,4j+oYnGW8xRvZGnyo8Nr+Q
DA:46,1,J1CXhXB2U5l2x3kIX39sNA
DA:54,1,V2Q2oi9igDZOAVlyZ0TpFg
DA:55,1,ZM5zi5V8b8aqtRFF5xN4OA
DA:56,1,TbL805uyGwZrsiHLiGSwCQ
DA:57,1,MVkQjsS01uEfkfSfwBNleQ
DA:58,1,G/WneKgmTW7zUhtRRrYoCA
DA:59,1,xWXQ3lSbbQNvoBMkWieK4A
DA:60,1,OOrQe8Ul5KxGHD6v4wSx5Q
DA:61,1,4GviYTGcbG4bYHsBtSd41Q
DA:71,1,DB2uLd+JOl+QtipeswdWZQ
DA:72,1,ZM5zi5V8b8aqtRFF5xN4OA
DA:73,1,F2D1uVserYnfJCunJ5waKw
DA:74,1,MVkQjsS01uEfkfSfwBNleQ
DA:75,1,G/WneKgmTW7zUhtRRrYoCA
DA:76,1,AEUIqnEEfuSZNvSnq84NZw
DA:77,1,w0Vkm7JRxpiFNdz4RozINQ
DA:80,1,ziWwEzPvMxrbsur7idmFIQ
DA:81,1,TRKAEKia6+EpZp+QLLlCqA
DA:82,1,lSbYKM+8BTawmGbsPfLgew
DA:84,1,N3VCQgn79P2Cqdgz5hVepw
DA:85,1,Bp9Wd6mz9Z675e+2ajs0Sw
DA:86,1,sb/xq3mD1jUbYw0CXQrh/A
DA:87,1,xWXQ3lSbbQNvoBMkWieK4A
DA:88,1,OOrQe8Ul5KxGHD6v4wSx5Q
DA:90,1,4GviYTGcbG4bYHsBtSd41Q
DA:100,1,ypbro+mdsjjAtawlZ1gEiA
DA:101,1,ZM5zi5V8b8aqtRFF5xN4OA
DA:102,1,tjDEs3u/vXU2zD77yYxCXQ
DA:103,1,MVkQjsS01uEfkfSfwBNleQ
DA:104,1,vET1dlTZRmlOuwK8xc9jZg
DA:105,1,EJ99igBIQsKbGhVXYl7/FQ
DA:106,1,G/WneKgmTW7zUhtRRrYoCA
DA:107,1,K3rz9+IDQ7OAJOU+SPKISw
DA:108,1,Bp9Wd6mz9Z675e+2ajs0Sw
DA:109,1,oKdhyDwfyEb5UZyvfiUwng
DA:110,1,fY7ZKpHWEst2Wbxo/ImuFg
DA:119,1,yHsnB+hflmwLIx15Px2Tqg
DA:121,1,sb/xq3mD1jUbYw0CXQrh/A
DA:123,1,/ecgvr11wSHBorQtyz2pvQ
DA:133,1,hzabUtTb1S+jLyXA4GFshg
DA:134,1,ZM5zi5V8b8aqtRFF5xN4OA
DA:135,1,zd2ikJ/54JUf7AzEcoIaFA
DA:156,1,4+OqLwlF+wWSRMMnXgYY+Q
DA:157,1,ZM5zi5V8b8aqtRFF5xN4OA
DA:158,1,rkyyixH76lStxUaCe95VNw
DA:159,1,MVkQjsS01uEfkfSfwBNleQ
DA:160,1,G/WneKgmTW7zUhtRRrYoCA
DA:161,1,9KW+ORT+d3SxTwrbOhpKvw
DA:162,1,9UAH6p3kPqKHslDICSNCig
DA:163,1,Bp9Wd6mz9Z675e+2ajs0Sw
DA:164,1,sb/xq3mD1jUbYw0CXQrh/A
DA:165,1,aGV9BdOc6SGSz1OelC8chw
DA:166,1,OOrQe8Ul5KxGHD6v4wSx5Q
DA:167,1,4GviYTGcbG4bYHsBtSd41Q
DA:177,1,hfYfpOyInBj1YJWnFzJ3dA
DA:178,1,ZM5zi5V8b8aqtRFF5xN4OA
DA:179,1,3/P6G0v8p1hMwP9vs2w5SQ
DA:180,1,MVkQjsS01uEfkfSfwBNleQ
DA:181,1,G/WneKgmTW7zUhtRRrYoCA
DA:182,1,6ZS8yVCk+V3wWjY74zW1cw
DA:183,1,OOrQe8Ul5KxGHD6v4wSx5Q
DA:184,1,4GviYTGcbG4bYHsBtSd41Q
DA:194,1,113F4wg0rxXtcxn+ELOJ4Q
DA:195,1,ZM5zi5V8b8aqtRFF5xN4OA
DA:196,1,SThyIqrj8A8kBcacj+lXtA
DA:197,1,MVkQjsS01uEfkfSfwBNleQ
DA:198,1,G/WneKgmTW7zUhtRRrYoCA
DA:199,1,AEUIqnEEfuSZNvSnq84NZw
DA:200,1,OQgvLJuR0tb/X6EAnhFm0A
DA:201,1,97OAFCKzJY3dLBrQT/f9RQ
DA:202,1,pymMMFkqsMBpWtQIxknOOA
DA:203,1,fZOE49vmsznC0zMoVdlrCQ
DA:204,1,ZIee6XgXBe1QziHwLS5LvQ
DA:205,1,QCEwmP/CES8OYUKaGcJPBg
DA:206,1,uRRQ4DH8ixMn/naU7RsuPg
DA:207,1,cuw3PxF4l4x6WGUTBO6dPA
DA:208,1,hj41gb8bglnaeyezb+W1zQ
DA:209,1,DB0Lg9AcXb0YB2smekhnMQ
DA:221,1,hohHsVCqUAL5EkFRkzArUA
DA:222,1,ZM5zi5V8b8aqtRFF5xN4OA
DA:223,1,34QjOi5I2+7RN8VHZgfW9g
DA:224,1,MVkQjsS01uEfkfSfwBNleQ
DA:225,1,G/WneKgmTW7zUhtRRrYoCA
DA:226,1,pWoiWy731mYzhjE69McVYQ
DA:227,1,OOrQe8Ul5KxGHD6v4wSx5Q
DA:228,1,4GviYTGcbG4bYHsBtSd41Q
DA:238,1,MezX/YCJKf+1utg31Xi5Kw
DA:239,1,ZM5zi5V8b8aqtRFF5xN4OA
DA:240,1,y2l5KJKviC4+KeFzX98ZYg
DA:241,1,MVkQjsS01uEfkfSfwBNleQ
DA:242,1,isxJ74WKteRuLrF0c3P6ZQ
DA:243,1,O4E4icDuL6nxSwipDAlfFA
DA:251,1,G/WneKgmTW7zUhtRRrYoCA
DA:252,1,zfz8iX8ezgzSemJvINnHEA
DA:253,1,amujgN7ornDxWE5HvNvTQg
DA:254,1,vonKqnlCy34n7GmxilqUUA
DA:255,1,drsnZxoGyKviGDBbBc83EQ
DA:256,1,vvp4a6TVFE+WB91oT5LQFw
DA:257,1,d/913Azkqz5/ESzHYbm9OQ
DA:258,1,Bp9Wd6mz9Z675e+2ajs0Sw
DA:259,1,sb/xq3mD1jUbYw0CXQrh/A
DA:260,1,pWoiWy731mYzhjE69McVYQ
DA:261,1,OOrQe8Ul5KxGHD6v4wSx5Q
DA:262,1,4GviYTGcbG4bYHsBtSd41Q
DA:272,1,i9vTx7j8wJ+uKU9RLliXBA
DA:273,1,ZM5zi5V8b8aqtRFF5xN4OA
DA:274,1,LlrdTicTx5BTkLprBenPfg
DA:320,1,DvdYe+c9ZVaE9pmrlbwE5A
DA:321,1,ZM5zi5V8b8aqtRFF5xN4OA
DA:322,1,6UBUQzTwYClr4A2UEbarkg
DA:28,0,wKlp/ARhpVjxjq4DqvOnmg
DA:31,0,5vRnnLkAGh7ELY9ANIgtKQ
DA:63,0,3/6fXL+zJRe+2z/ep0S9FQ
DA:78,0,8w4Ti/z55+tM/7QUfr5HzQ
DA:92,0,3/6fXL+zJRe+2z/ep0S9FQ
DA:111,0,FZgWpCTprFbMQpVGNx+mMw
DA:125,0,3/6fXL+zJRe+2z/ep0S9FQ
DA:136,0,MVkQjsS01uEfkfSfwBNleQ
DA:137,0,vET1dlTZRmlOuwK8xc9jZg
DA:138,0,G/WneKgmTW7zUhtRRrYoCA
DA:139,0,WX4CdSiP0ziLMQEP3gYdUA
DA:140,0,Bp9Wd6mz9Z675e+2ajs0Sw
DA:141,0,En7A4heWr0t87i5EgPfICA
DA:144,0,sb/xq3mD1jUbYw0CXQrh/A
DA:146,0,6rwruRBmn2EnWK06QC0Wsg
DA:148,0,3/6fXL+zJRe+2z/ep0S9FQ
DA:169,0,3/6fXL+zJRe+2z/ep0S9FQ
DA:186,0,3/6fXL+zJRe+2z/ep0S9FQ
DA:211,0,BVsLXl3JuryA5PGO7fozpg
DA:213,0,3/6fXL+zJRe+2z/ep0S9FQ
DA:230,0,3/6fXL+zJRe+2z/ep0S9FQ
DA:264,0,3/6fXL+zJRe+2z/ep0S9FQ
DA:275,0,isxJ74WKteRuLrF0c3P6ZQ
DA:276,0,lbOl430ggKRoVdtYa9u24Q
DA:277,0,MVkQjsS01uEfkfSfwBNleQ
DA:278,0,B2W9I4Axx7sE4vas4utZDw
DA:279,0,gTXpohGUPCDfdcHyw/3n+A
DA:280,0,JHctBM6Ng6xC8Tytj9fnqA
DA:281,0,sOvtOfk75TbAtTgkgicGHg
DA:283,0,qO8iMPtKjED0DDaKRFuqgg
DA:284,0,L3Pzrz0sW/0sL/3kgAHv7Q
DA:286,0,qG8Ael0t3M2G7CqbwvnYFQ
DA:295,0,vAb8mA4EIZplQeSPymYqdQ
DA:296,0,TFYNYQtrXiCwo3qOGZ7m9g
DA:297,0,4da1s7HY2fy0UyEE4tbUyA
DA:299,0,gTXpohGUPCDfdcHyw/3n+A
DA:300,0,hqi4vxCwi1MAyMerBIdJcA
DA:301,0,xJ/7Qy6Mmr5vGwoZPBy/cw
DA:302,0,1JwKDabmm9svl53yCtMU7Q
DA:303,0,4eUtaksBH9/u1UMjtqI1Vw
DA:305,0,1pyUKMvbIBQjZPIVAf6WFg
DA:306,0,ahcVD4mn0h6SMrcFlb1nEA
DA:307,0,4j+oYnGW8xRvZGnyo8Nr+Q
DA:308,0,wN8CFKuMn2mLuSbM224Xqg
DA:312,0,J1CXhXB2U5l2x3kIX39sNA
DA:323,0,Czy4DrpL0Ah5l44mPuHkAA
LF:184
LH:138
end_of_record
TN:
SF:app/auth/__init__.py
DA:1,1,gvOeMVnBaciVUa9ZAUkbYQ
DA:3,1,S7p6SmETeJmA5tqbaNCatA
DA:5,1,/Zqasju8babsWTuO/YbLrQ
LF:3
LH:3
end_of_record
TN:
SF:app/auth/email.py
DA:1,1,cDiLM+xWVa4wRxbGngwMTw
DA:3,1,m7PYM16OHn8/JoAgyoz7BQ
DA:6,1,PkG5/YM1sTC9ALUB2J53zQ
DA:7,0,4AXSA+F2ePcqBTvcW/J2NQ
DA:8,0,cRKVLcHXVG7f0rJCyPWzdg
DA:9,0,PPx/V+SgtE3oEVCHDCYlFg
LF:6
LH:3
end_of_record
TN:
SF:app/auth/forms.py
DA:1,1,TEqd7oVVC2jSxxkfxa8F0g
DA:2,1,Z4bvS3ni/3bJGHX47k649Q
DA:3,1,isOyvEZm4CMXjUtg5DgEKw
DA:4,1,0xBiWc0Z3NLJTK4/myV8Tw
DA:7,1,3BNAls3q8WCFLKuwl3w95A
DA:8,1,TC8/YUdIBYQML5ty6VuAAg
DA:9,1,hScwIQF5f07NE6qt1/nugA
DA:10,1,9sJrkZHqukDmJkmiCjvHEA
DA:11,1,xXrQpPmBGD+AvTcyl12LLg
DA:14,1,w4ICjqm0EPuiIqOtjIJ6hQ
DA:15,1,TC8/YUdIBYQML5ty6VuAAg
DA:16,1,j8nAwhKSycHo7OO9VHUyIA
DA:17,1,tdoi1NfXty5kdG7YB7NHkA
DA:18,1,xXrQpPmBGD+AvTcyl12LLg
DA:20,1,SJIgJYey4REH3goQFBlTtg
DA:29,1,S8ZG+7kxvkBrOI82Fy5Lkw
DA:30,1,52xKMPcP9qzW3s4dDICCsQ
DA:32,1,V96waWU53ZN7H5HnHI0GeQ
DA:38,1,Dcmi2VQEpg1rQ+5GPIqURQ
DA:39,1,TC8/YUdIBYQML5ty6VuAAg
DA:40,1,j8nAwhKSycHo7OO9VHUyIA
DA:41,1,wURvVE1mZNkDtf+ReEAztw
DA:42,1,hScwIQF5f07NE6qt1/nugA
DA:43,1,DIiZBSma2g/K6/V7eZpysA
DA:44,1,xXrQpPmBGD+AvTcyl12LLg
DA:46,1,SJIgJYey4REH3goQFBlTtg
DA:51,1,V96waWU53ZN7H5HnHI0GeQ
DA:57,1,gKHML5rDTesCySCs3UWiTw
DA:58,1,wURvVE1mZNkDtf+ReEAztw
DA:59,1,nT5fpNrifIsFSdhHltDSkw
DA:62,1,0ux6heWNPZphJH0q+LQcIQ
DA:63,1,Bcp69Tw2Q11brwVGUzOnbg
DA:64,1,FX+65mpzatD1c0WrQ6j7xQ
DA:65,1,U7Sh0upBSPyUWzaLEhNKKg
DA:72,1,uNOQXRYDZjaloxq9jZMZyg
DA:75,1,SgCezPsCWWtxFXcpbD7g4Q
DA:76,1,hScwIQF5f07NE6qt1/nugA
DA:77,1,U7Sh0upBSPyUWzaLEhNKKg
DA:80,1,U3m1bUI3ZC8ix2NKEZxmnA
DA:21,0,lvV0gZC6MWL00NyqhwNjFw
DA:23,0,W063TqjFuuSleJ3Su6l8SQ
DA:24,0,BvD4+Zi0v+gnvyk6Lv4SeQ
DA:33,0,+5lxAq4RIKUZP9mm3A966w
DA:34,0,owccPO0FXwKR3NZjg7Jw5A
DA:35,0,jKU7I35CPKPp1WcD8OgazA
DA:47,0,lvV0gZC6MWL00NyqhwNjFw
DA:48,0,owccPO0FXwKR3NZjg7Jw5A
DA:49,0,BGGXBX4PueHuxVkO3gK0uQ
DA:52,0,+5lxAq4RIKUZP9mm3A966w
DA:53,0,owccPO0FXwKR3NZjg7Jw5A
DA:54,0,jKU7I35CPKPp1WcD8OgazA
LF:51
LH:39
end_of_record
TN:
SF:app/auth/routes.py
DA:1,1,OaTlemF3bXMi5MP7Db8vkQ
DA:2,1,jkHhMsABSAn8fG2ZAQpm1g
DA:4,1,StY5zKssxu6DVI++9I/CGA
DA:12,1,KMxPPuOKSksTTPeNmsTEfA
DA:14,1,sguvHMl8Ys8nAHIYNx2UWQ
DA:15,1,8+3iJC2DqBI5m42K+euYzQ
DA:16,1,lMVFxPPaYGaW4iaG5SOWsA
DA:22,1,bz16KtKeHuO5JPpwgM/nFA
DA:23,1,FiHctCvGyIa+YO4rEMDiDA
DA:25,1,Jzsi6EnA4Kkr73b/8DfArQ
DA:26,1,HO62d3M8lzRpiV3fJ/ojYQ
DA:29,1,jr1KTODFJaTJ9wGj36dCNw
DA:30,1,zZYf1j/LwIXHZdLIpwYf1w
DA:70,1,1me1Oi5XXwhk9+ZSsB8H9A
DA:71,1,oOU7XPz3DPmR7bQVRvbDPg
DA:76,1,Ux1a7Xvtv7z0qJunIxVjxw
DA:80,1,Usgp+tiF0UzhHTJqaxC9Gw
DA:81,1,wbFE2/QAqaxyCDq1Sm3UXA
DA:96,1,/ohFrNKWbsEtGMzD3EVvSw
DA:97,1,Q0pFbC/zdXyEeREr3AFlZg
DA:169,1,Y0k/bXBKE8yn5qU+098P7A
DA:170,1,0JWOfU2U7PkTqzr035arWg
DA:195,1,FKub5oolj/UwAd+lEhCwGw
DA:196,1,GdDDt+z7p751Nn0wDlsjVA
DA:212,1,WGcNZXoZwFgge1QWWxk49A
DA:213,1,jytBjqUGWoywkppWOGeLzg
DA:228,1,AW/KiIzR4mfgmz/ATX4D6A
DA:229,1,oCvMvzxkcxu68C5B3RAwPw
DA:249,1,epu73DBp+E11RlnDxm+0Kw
DA:250,1,oREdkEg3h8f+lbzZnyIDiw
DA:31,0,zDQ+VJGp30g6e24ApRFUqA
DA:32,0,dqEvu2b/FRF0l7+8GHJaBQ
DA:33,0,hbnvu5h0qfGfwcfZkP9J+w
DA:34,0,O3xKFpKNuSxpJVo/vK2z1w
DA:35,0,6iMxdzZkZCtpic8TaxDaXg
DA:36,0,owccPO0FXwKR3NZjg7Jw5A
DA:37,0,PzY6inwlcPgPDEiNBgNdAA
DA:38,0,TW7Jm2BS+5dxL6GaaE1snQ
DA:39,0,yD1Qo7s3mY6ay/cWykNCPQ
DA:40,0,McuaiPbDRD+Pt/SctpMlEQ
DA:41,0,MqeLpq5NnUvCaa8kd4KILg
DA:42,0,Uq7VKTShbow57xgJ2QTsLA
DA:44,0,Oll8EMxP16IlpNnST7yr8Q
DA:45,0,Knbm1IGRa7LcaFkUzHIJmg
DA:48,0,2pnmpjWaH+47bJOKsSk55g
DA:50,0,lXinwYxuFuGJd2mZqXgB0w
DA:51,0,iofVakFvVDTpJ2pCTkGotw
DA:55,0,is8ethG7a0R+L8pTmb/74A
DA:57,0,WjzySxk8DJzIuljrFk6grw
DA:58,0,SUcQ9GUkcsiChaJhfB71Xg
DA:59,0,is8ethG7a0R+L8pTmb/74A
DA:61,0,dRuutD43hXZnrEFSA7lNOA
DA:62,0,vjuUO39CKGiRt/lmDsY2Zw
DA:63,0,pvudQDXTJgE/1+UEqO3sow
DA:64,0,wgyPwjAAZRXi/Oqi3+dvVA
DA:65,0,uEpycyA2+eLvJf8GJESCXQ
DA:67,0,OAkjNj2KAIq3VWSDJajghQ
DA:72,0,EEetpFPs/t3ziACtZT+jrw
DA:73,0,VEvh33YgIDnbdxwqZdlOJg
DA:77,0,V5XfpoNAQ3hZJCE0vUqhNw
DA:83,0,/fdXFUW7CuPBE6Hcdc84YQ
DA:84,0,aNaw2K50kweylUsnd6m9gA
DA:85,0,67FTGEnP+8BOPKzlunWjMQ
DA:87,0,VJ+ky6Jyz+r/bZemwsJ6PQ
DA:93,0,j5jT2fIXhzo0ruMn7dYWTw
DA:98,0,VjCn0yMEQ7ZhXE70Dr48Mg
DA:103,0,/fdXFUW7CuPBE6Hcdc84YQ
DA:104,0,AViAUr1nSaxLKekGoSGfhA
DA:107,0,67FTGEnP+8BOPKzlunWjMQ
DA:109,0,zt6MSsmlwsoFr0fdwaIqpA
DA:115,0,RG8y64FUOkGDGhCCRInd+A
DA:126,0,SJkuWsxGcWJIhnMPUHilQA
DA:131,0,zF73/DHikVxb/rNw00r/ug
DA:132,0,98mtCx8tePEOtTYTIvHdAw
DA:133,0,NQaOIbkYBgxfwzPN4DM/QA
DA:138,0,lGRYRO218bjJsHPMTN5kKw
DA:139,0,uoXfc7yDYRPad3dfHpVGMw
DA:140,0,3pKYlt1jaflzN9+MeQdFwQ
DA:141,0,VXLnvcQGL+fiKT06Kw/6IQ
DA:143,0,YEOd6Fs3VI6LN3XXKwq7rQ
DA:147,0,dygsdGNvhdv+wtzYz3Opww
DA:148,0,Ci0v/kopsQvD+YK/Pdpyfg
DA:149,0,6oS4RPyLTyTTHSDw7kqL7w
DA:150,0,BeLlaOKoXzucFBNn+zBoTw
DA:151,0,sb/xq3mD1jUbYw0CXQrh/A
DA:152,0,U5VRy6NmxVySqM6f2r9qJw
DA:153,0,EV6CfPm6RT6X123Qg9Utjg
DA:154,0,sb/xq3mD1jUbYw0CXQrh/A
DA:155,0,9DMO+5kVUmfzEW9DBsk8JQ
DA:157,0,g/ve3Sj8q7d1G/6wHVAdLQ
DA:159,0,ScJFFC29dhMMPTtpak06MQ
DA:160,0,fyqqofJwpPexhWKbRHKRSw
DA:161,0,sAdtpX010yJFdbDd8VaTXA
DA:162,0,igZItxSClg9Absn7ZxuVxg
DA:163,0,uRRQ4DH8ixMn/naU7RsuPg
DA:165,0,rSxHTkloPVoHD0xrzD+ztg
DA:166,0,jmK3OBGi2BCiWO4uUZzctg
DA:171,0,zDQ+VJGp30g6e24ApRFUqA
DA:172,0,dqEvu2b/FRF0l7+8GHJaBQ
DA:173,0,Kqg2wrBi6NDXq1uEnrvxxA
DA:177,0,O3xKFpKNuSxpJVo/vK2z1w
DA:179,0,dAp2O1esb2IkM/eA7CTqfg
DA:184,0,1hiFu2KINCxZPfBFZUNWqA
DA:185,0,wG2q0YWMmph0tq3cnXiz3Q
DA:186,0,sb/xq3mD1jUbYw0CXQrh/A
DA:187,0,wij9oEGsqeBNaxmfbrxbJQ
DA:188,0,EV6CfPm6RT6X123Qg9Utjg
DA:189,0,sb/xq3mD1jUbYw0CXQrh/A
DA:191,0,g/ve3Sj8q7d1G/6wHVAdLQ
DA:192,0,oMs4loj2Pgw3GzNLSlo8Rg
DA:197,0,zDQ+VJGp30g6e24ApRFUqA
DA:198,0,dqEvu2b/FRF0l7+8GHJaBQ
DA:199,0,Dw1E4UmWNez2M/AkD8nkhQ
DA:201,0,O3xKFpKNuSxpJVo/vK2z1w
DA:202,0,9fcO4YdHUSkmAANsFshUjA
DA:203,0,vI5FtMU+p2b62eMS5usLZg
DA:204,0,NdrexQLVLhqC+ELCKSQt+g
DA:205,0,zBe/NfxwieniGPHBxImzdQ
DA:206,0,Nk1lI8Er48eNjXvfEhTwJw
DA:207,0,hq8XO6JbkkKjmwC81MXzLw
DA:215,0,Dw1E4UmWNez2M/AkD8nkhQ
DA:217,0,O3xKFpKNuSxpJVo/vK2z1w
DA:218,0,mWOxOgqbtgtZPyZ9HL2x0g
DA:219,0,vI5FtMU+p2b62eMS5usLZg
DA:220,0,NdrexQLVLhqC+ELCKSQt+g
DA:221,0,zBe/NfxwieniGPHBxImzdQ
DA:222,0,Nk1lI8Er48eNjXvfEhTwJw
DA:223,0,hq8XO6JbkkKjmwC81MXzLw
DA:230,0,zDQ+VJGp30g6e24ApRFUqA
DA:231,0,dqEvu2b/FRF0l7+8GHJaBQ
DA:232,0,qpG9h5nLyt5zCXZC9v4Vzg
DA:233,0,j1y1FlQ9TEd7X7jNRIZ8ew
DA:234,0,Nk1lI8Er48eNjXvfEhTwJw
DA:235,0,daCSRrH47GgQj4E84/XDIw
DA:236,0,O3xKFpKNuSxpJVo/vK2z1w
DA:237,0,1hiFu2KINCxZPfBFZUNWqA
DA:238,0,esPhjdniFlPDCXJtjmJW8Q
DA:239,0,n5JChwAKsJvGopeN0QdS7w
DA:240,0,I54syZzRyA6aX4j3Kloz9w
DA:241,0,lwJHOTsvLKe5jJz084TO5A
DA:242,0,crl3HMDTtxaIBCH28DyLQg
DA:243,0,sb/xq3mD1jUbYw0CXQrh/A
DA:245,0,Nk1lI8Er48eNjXvfEhTwJw
DA:246,0,FdqIwe2c8pSBpHvTBpOJTQ
DA:251,0,+2pezzQVbd15oRSY/EgBSg
DA:252,0,6UukVLJVHiQUirrSaheefA
DA:253,0,KmrrT1PDbi5PMd8lawZhsw
DA:254,0,zMqZwH2VWRCR8UgsY8JYFA
DA:255,0,sb/xq3mD1jUbYw0CXQrh/A
DA:256,0,E8D2LRcNR82Mu4sWRG0/Mw
DA:257,0,pEWr2C5671LzeKj2h7rZmw
DA:258,0,I54syZzRyA6aX4j3Kloz9w
DA:259,0,lwJHOTsvLKe5jJz084TO5A
DA:260,0,JSuYygGjvOhp0xT76nrEqQ
DA:261,0,I54syZzRyA6aX4j3Kloz9w
DA:262,0,lwJHOTsvLKe5jJz084TO5A
DA:263,0,sb/xq3mD1jUbYw0CXQrh/A
DA:264,0,2LM+TstzLClcv8cS8brdHA
DA:265,0,dqEvu2b/FRF0l7+8GHJaBQ
DA:267,0,KHIZGqSUXh0merMw63bl6A
DA:268,0,KxP/p1qHOj2AT9NxxEENLQ
DA:269,0,sb/xq3mD1jUbYw0CXQrh/A
DA:270,0,sWnkhP69InRYiYkfbmHxYw
DA:271,0,daN1NTWAZ6/WK8fqPWNi3Q
DA:273,0,QDQsiKN7yNiA/HrI5EKpOQ
LF:165
LH:30
end_of_record
TN:
SF:app/cli.py
DA:1,0,WpEjgxacqgxANZhpobgHYQ
DA:3,0,sguvHMl8Ys8nAHIYNx2UWQ
DA:4,0,0xBiWc0Z3NLJTK4/myV8Tw
DA:5,0,RT1jECpjft8SF2DOMF/Zbg
DA:6,0,FRDBWfTMe/g7yjRBPqrLQQ
DA:9,0,vrKgn0ZV85eX93XlCkdA0A
DA:10,0,j31CnWvPg1QLZJjULNMJfQ
DA:11,0,FecxREPXz5xjj4h8StQ8Fg
DA:13,0,ll3kKYOdLumclvI17HH94Q
DA:14,0,mO1bmfoE2iFUAylTd4Q3vQ
DA:15,0,4uIUzsJrRjgP/oQM4J9veA
DA:16,0,00i7B3yzS0+q56CPBLkYVQ
DA:17,0,aGSyFjC6RVrAK6k2uMQaFQ
DA:18,0,WUuxgDVxgbbrsQU71vKf3g
DA:19,0,00i7B3yzS0+q56CPBLkYVQ
DA:20,0,tXdCKAzF84RNzIhtJb/Fkw
DA:21,0,WUuxgDVxgbbrsQU71vKf3g
DA:23,0,Voug2gVj3R9sZhEaRO1S5A
DA:24,0,mO1bmfoE2iFUAylTd4Q3vQ
DA:26,0,j31CnWvPg1QLZJjULNMJfQ
DA:27,0,q9B/qTkuvoV2o4fixw86tQ
DA:29,0,+v8yfXbnMwsPbPT8keS8gw
DA:31,0,j31CnWvPg1QLZJjULNMJfQ
DA:32,0,BQ/0lPxQpHUl9+OFKgNi2Q
DA:34,0,mjnMP28jZbtVdYPU36m7aQ
LF:25
LH:0
end_of_record
TN:
SF:app/content/__init__.py
DA:1,1,gvOeMVnBaciVUa9ZAUkbYQ
DA:3,1,/t4aeqt6UsNxGYuSAXEPLw
DA:5,1,lLb1Gpq/iNXK8aF8hHVsWw
LF:3
LH:3
end_of_record
TN:
SF:app/content/routes.py
DA:1,1,VC5J7DVOVv9ltuCV1PBD0Q
DA:3,1,k3nH6GJS8WURhJ0PbNZ9EQ
DA:5,1,OaTlemF3bXMi5MP7Db8vkQ
DA:6,1,zCVcpLwOcp89QzipeSQ1+A
DA:7,1,sguvHMl8Ys8nAHIYNx2UWQ
DA:8,1,rpo4d7Wqy6pnUbB+4Ydf5g
DA:11,1,XJoTCm5Fip45F+TvLfz/QA
DA:12,1,UQYv/bKg/n+3GJ2P2JT/Vg
DA:16,1,ecQLCSUVjy4hlcRzcLlgog
DA:17,1,1mlyqc/TrLx73e7cgzDQJQ
DA:21,1,iBBqnaS4k1/4QgiCxTvDZA
DA:22,1,NQEAAVM6VN8o0tZoAqzpVA
DA:26,1,kgGJ6wECx5YNUg3ObAQyBw
DA:27,1,YDr2Ut9vt7Lhl6VlMY6d5A
DA:13,0,ot3ENck872vZDGRdmBywPA
DA:18,0,znQYx3OyGgFpMoKwyGdLqg
DA:23,0,U7crTebIISi3N92ibkutUA
DA:29,0,VBoJujH6RMOI4KLT548lIQ
DA:30,0,rDS+iE+M5YxnroRML2KGVA
DA:31,0,NFUz9vvXEsSuISMX1aWsJw
DA:33,0,hZS3ev1jn+zIx4weYfQMJg
DA:34,0,kpCpY6FxbHy1HWnADqTWEw
DA:35,0,N3H9d+Zg7kaaXnOwE5yORQ
DA:39,0,tnoPsMA9aFMJ5WvCUkjaYg
DA:40,0,N+S57GN+iFmEIEEBnH50Pw
DA:41,0,r6Nvrbkt8DMEcsb4Rgew/g
DA:42,0,uRRQ4DH8ixMn/naU7RsuPg
DA:44,0,cHlD/ia60Kro6C6bWQItGA
DA:47,0,N3H9d+Zg7kaaXnOwE5yORQ
DA:52,0,HA5c+wNsjhBKlFvX1NtIBA
LF:30
LH:14
end_of_record
TN:
SF:app/dotcom/__init__.py
DA:1,1,gvOeMVnBaciVUa9ZAUkbYQ
DA:3,1,kV0EJjJLKY86nfu76uHZCQ
DA:5,1,2Xak1ONIXZK0rhUrvGWyPw
LF:3
LH:3
end_of_record
TN:
SF:app/dotcom/routes.py
DA:1,1,StY5zKssxu6DVI++9I/CGA
DA:6,1,bTjAI3/2xg7crNnLkYl57w
DA:9,1,i9MOK2zJ/wwbEbmhtgzU/Q
DA:10,1,a9lhPx0id5l4SERSJBH3ow
DA:13,1,7Z9Lj4ed27Wf2hBX6jooEA
DA:19,1,NdNq8KV9cBjhhTxhm3M0hw
DA:20,1,W0jlfR3gHVsoWc8YmAvspA
DA:21,1,unbN/QGwqVdTt0O26AHyIw
DA:36,1,t2gT+FgwZ0ucExYiJ2/GxA
DA:37,1,lWrr67izjvECqPvo9mj8nA
DA:46,1,y2c8eVxEvx8JupKhAdZ88w
DA:47,1,5G4DGC10fMSZvg6JjQlZvA
DA:55,1,d4+hv8HzEe3xAtSbboNH9g
DA:56,1,/RUk9lIyX/4Slo9x06SVlg
DA:57,1,E26gYPDwTodS70krMvY6QQ
DA:61,1,w/30H6wfXqBTYSTGVVQIWg
DA:62,1,kFN1UebVIJqiC4Pe2BMBtw
DA:67,1,ikpavGceuRAbEBrDXcAMgQ
DA:68,1,al80UE/l2U6Hlo2+WQovMA
DA:73,1,kwekebQpBN478pu9VZVGsA
DA:74,1,LpFlV4uB9NXEer3YAkjMHA
DA:79,1,nW18ma4Nb0dlYdSLOFZwZg
DA:80,1,cWjJ9aKuTTOkGFfL+opw7w
DA:85,1,7oH+E7sAohQF6GHNikrMrQ
DA:86,1,2IY4aeO5qxFWM6M/dvsizA
DA:91,1,15FwMXmejNvkT/VtJRduFw
DA:92,1,SJ+3Xa6vwbu1MRdSNBF4sg
DA:23,0,cIZryW+OzzeOxZMyu2O+Vw
DA:24,0,WXLiSS+0Mt86RoysT+vEKQ
DA:27,0,TAYBevQc3VVuf+cj4H9HFg
DA:30,0,yPeVlexrxBjm+MOgm7eeXA
DA:39,0,Wi/qccJIango0/vnavifgA
DA:40,0,Y6t3MlnCvEYrnR1Ha8AqQQ
DA:48,0,TZcPwj71sLGq2dalwgdH/Q
DA:49,0,BQCtw+bU57u1LhZ6P/OK4Q
DA:51,0,HFPrUPVvCoQGcZJ0inoW6A
DA:52,0,Y6t3MlnCvEYrnR1Ha8AqQQ
DA:58,0,yTQbV1AnqIlQhP6Ohi0uEg
DA:64,0,6vNx9JX5JaJlJzN52tkVfg
DA:70,0,EBf9yvwu1pUpc29GjOPq5g
DA:76,0,CoT9ghlHTAZCAmgpAMjQKg
DA:82,0,suRTA1mcmQK7pM2RUobngg
DA:88,0,pVF2mixIdAD9Fd1VzS+HXw
DA:94,0,bsFqMmLIlOQ7EjZYWqPPZA
LF:44
LH:27
end_of_record
TN:
SF:app/email.py
DA:1,1,/TXFnQaAxxeZzrFMlbUszQ
DA:2,1,6kEUakwupTYpb8VkTALfBA
DA:4,1,H9bPs4og7Np8TOcsyfUt5Q
DA:5,1,+i20ngOG8o0PFB9Xbco59A
DA:8,1,CBdl84oG+MlnbO8OpP5ODQ
DA:13,1,sH8M+zjck56JFodDcRdhXQ
DA:9,0,SdyjZUwFWMqYaiG2GDeNOw
DA:10,0,MYO9w4ytKWBTOxg/djGrXA
DA:23,0,YWtc/Vc2Byo6xphOvajSug
DA:26,0,XMlTGc6SKlw9m3q5jTHs/Q
DA:27,0,8XSBUk/GucfKFK/yuJoZig
DA:28,0,37HDw2ENZe4YCx0TnKENjA
DA:29,0,KhKS5zXR48arsiiMqF2OcQ
DA:30,0,OwLGEh7rqDp4OxL6SBhcJA
DA:31,0,BHbkWm6bCFpxnKbsJG6yrA
DA:32,0,MYO9w4ytKWBTOxg/djGrXA
DA:34,0,NU4JO/Z1igC5BSP9A2SYtA
LF:17
LH:6
end_of_record
TN:
SF:app/errors/__init__.py
DA:1,1,gvOeMVnBaciVUa9ZAUkbYQ
DA:3,1,k5Y0/GluWx5eYSQbQup2SA
DA:5,1,u0IiHp7UjFsooLKAFbiQXg
LF:3
LH:3
end_of_record
TN:
SF:app/errors/handlers.py
DA:1,1,W//DkN0ykU8WbdTyGulI0Q
DA:2,1,sguvHMl8Ys8nAHIYNx2UWQ
DA:4,1,KITGViaEBI/YuCV8fzLsqQ
DA:5,1,WacUX5MS/+G5aODywadHWg
DA:8,1,cRFT4p6D0073vuFyA+2PEA
DA:14,1,s6e85oE/roXQOCuBt6hZyA
DA:15,1,gUqN+0boG4dXnvEp4RNr0w
DA:21,1,ply4qlgVsYpRNlB6tPvYNw
DA:22,1,Kri+rAYziQdS0scSwefIBw
DA:9,0,7PAWDWCpxVp7u09ZAGD6yg
DA:10,0,60Nxu4pIyjXE7VZNIFtJBQ
DA:11,0,RAXtyu+ZIWVXuZjYW02MoQ
DA:16,0,0xFV9qqzsSONhK//OQng9Q
DA:17,0,OSv15TjbrQw7n8LagnkcWg
DA:18,0,Xxqi6ksfVbXlYxkXw2q43A
DA:23,0,yYHCCronjhOtNoEt3+c1Pw
DA:25,0,0xFV9qqzsSONhK//OQng9Q
DA:26,0,N3CalJiw8Txy0JZWWtwvMQ
DA:27,0,gexHGf97TxEx54vOP26SdQ
LF:19
LH:9
end_of_record
TN:
SF:app/export.py
DA:1,1,7Z9Lj4ed27Wf2hBX6jooEA
DA:2,1,OaTlemF3bXMi5MP7Db8vkQ
DA:3,1,ujGT9gMlmbZC/v5MQ8MxFw
DA:4,1,lbaFnMfPJ+WhlwqOMD8Xqg
DA:7,1,AYnnqn9GuamCJshBvLWTfg
DA:10,1,i5iDPTbLy8C7i/O9OcMSrg
DA:46,1,Lvcs4gDgZwTMJlrxjj4HKg
DA:128,1,Exq/OILDdnvjxM1kvjDlZA
DA:176,1,5Szktz6dsebmicLhDeJ1yQ
DA:11,0,hLundXc983WWOffgjrkH9Q
DA:12,0,1zzajWxamjfELHUvXdyzpA
DA:13,0,55nwkGuRXru1wFKuxwSLMg
DA:14,0,6H6pWLk36RiqZW8/Py+m2g
DA:16,0,wgKvn2BLGJtpcF9F1FdPlg
DA:18,0,mhIaiSjolFKBiejIXaiPaw
DA:19,0,SpF89B0xIpJ6E+LYslUGkg
DA:20,0,FdsmHvZAh+qxNmRP6QN98Q
DA:22,0,lL7KlCdMtRzA4eZvBMlxIQ
DA:23,0,kQ9QIkv3gQVHG0zYmtpuBg
DA:24,0,1tfU41+XSjOS5VVbouhOZQ
DA:25,0,1qj7s2DHvpRuyKQXmRpW0Q
DA:26,0,pCLiQ6zV+dC3m1nVxBi9mQ
DA:27,0,7Tt/XXO3D42UnaG6kpzh+A
DA:29,0,5F6vHYDDyIvSNrcEjvTeqg
DA:30,0,tugDwDobTYQ8iCcGjziCJw
DA:31,0,xjcDBnSwra0OiNOAYAwoHA
DA:32,0,L4kCNSLxQ9m27dmzZdcn2w
DA:33,0,yNfKjEn5mmokCSA1pgjNwQ
DA:34,0,tnpa+gxRxE8cQ6UQBn3FbQ
DA:36,0,pNxOcw1thWafNTjqsUmA5g
DA:37,0,tugDwDobTYQ8iCcGjziCJw
DA:38,0,xjcDBnSwra0OiNOAYAwoHA
DA:39,0,L4kCNSLxQ9m27dmzZdcn2w
DA:40,0,yNfKjEn5mmokCSA1pgjNwQ
DA:41,0,tnpa+gxRxE8cQ6UQBn3FbQ
DA:43,0,ggJCF/nBBfflHyAUZ4O4Ug
DA:47,0,hLundXc983WWOffgjrkH9Q
DA:48,0,82av+yc3FscLas7Bh78/dw
DA:50,0,55nwkGuRXru1wFKuxwSLMg
DA:51,0,6H6pWLk36RiqZW8/Py+m2g
DA:53,0,38iL1TycyZO4igL1enQsZQ
DA:54,0,8zVpL0+idAtcgLQf90NQzQ
DA:55,0,OQHpMmMQp+tkAxJl0dM9pg
DA:56,0,VeOaqPrSvq4iQJ+qHBWeDA
DA:57,0,F+sae/+zMJTEZWyh1o5fRw
DA:58,0,LZwuZY/Iqyg8ozyo8xsynA
DA:59,0,rvxilYvAvh2Ac/nafpwE6g
DA:60,0,rqG6FjFrOKTkeR6smgwXVQ
DA:61,0,B67IXDifhvKmKJq50G3yMA
DA:62,0,+JH2bCURJ0dDILwxcn8yfg
DA:63,0,TIAxbsGhpNkphPg/WEpBBg
DA:64,0,mZuy6uKxD4ICIde2dfg5pA
DA:65,0,Qi8RfxGgJg2wCLtu/ZZ1Fw
DA:66,0,LPY3KxoBGGweP8FsV5KD9Q
DA:67,0,+6DW/4Sr4+bjQ4MQWLya6g
DA:68,0,DdILSDEZY2uqxsJpi1CHBQ
DA:69,0,LPY3KxoBGGweP8FsV5KD9Q
DA:70,0,TIAxbsGhpNkphPg/WEpBBg
DA:71,0,ugbHlwmQSg/Lw7zj2V8Ixg
DA:72,0,eNkBpEZSxI97mg6UOuqr/A
DA:73,0,vLmw316SqE8YbQS7z2HSvA
DA:74,0,zs+Q4nZplbOBWMiOOsLVSQ
DA:75,0,fj8Olyft94ApZTTqEh/dPw
DA:76,0,+JH2bCURJ0dDILwxcn8yfg
DA:77,0,vLmw316SqE8YbQS7z2HSvA
DA:78,0,lGvjoloMfep2iMT0jQOJlA
DA:79,0,RHzA4Kx8f+Ay1dP+r3BcNg
DA:80,0,uCmqOYwxS27j7z23iPXyPQ
DA:81,0,SQ5eiU83Ce0vB/LxLfNCfw
DA:82,0,vgeF3Hp6pzv8epg304waxQ
DA:83,0,EgYzQYw/NTSb64mCkffSCw
DA:84,0,LPY3KxoBGGweP8FsV5KD9Q
DA:85,0,MLcmNivUNH0eUUuXf/lLWA
DA:86,0,LPY3KxoBGGweP8FsV5KD9Q
DA:87,0,d+xO8OV8SJI6BtdY4ui7Tg
DA:88,0,3YwG7xaa7lOjIf9alBrfOw
DA:89,0,ur+JnLGU7sOUZYsHHYAvZg
DA:90,0,IFJsoSqzpMLzHISty2TuhQ
DA:91,0,ur+JnLGU7sOUZYsHHYAvZg
DA:92,0,AwrBKc2VV3iwuoXB87tcuw
DA:93,0,l/CgKtDC0ZvhsqKhoxjrzQ
DA:94,0,ur+JnLGU7sOUZYsHHYAvZg
DA:95,0,Kui12KsGSedLHKv7sD3O5w
DA:96,0,RSNxZeeR52G/BxykCpMNDQ
DA:97,0,jlr0xqNzq5ZF2uFzRQrmaw
DA:99,0,ur+JnLGU7sOUZYsHHYAvZg
DA:102,0,8zVpL0+idAtcgLQf90NQzQ
DA:103,0,83OaMqjp0N1cz873hNfRtw
DA:104,0,pGgys9h3A2PcN5rXPSDMLA
DA:107,0,rP6Lhlfdx6UVtwH6yDPOtg
DA:108,0,3oVSh4Hnxcl5TOcKwmTzBA
DA:109,0,hWZzjOQHFN1cTD5bh1aa7A
DA:110,0,A42kkFs1m8QT6yJGl2WSRA
DA:111,0,Yb0oCAZacUSQAv6/qgqaiQ
DA:112,0,Jyx0Wf+OYE79jbGdI2P/aw
DA:113,0,Thiu7Kn7Iy6ugAyNIjsXrQ
DA:114,0,wxJFCAVNfVM9dgxy6MzTig
DA:115,0,vzp4FZ5FUuz4GtznQNtnkA
DA:116,0,/x0cj8cRDsHIr04tAlVurA
DA:119,0,T59Bs8fTp2f4v0+/lzXR8A
DA:120,0,3oOYrVv0PH0ZwlJ7mwDk9w
DA:122,0,r7x2jIG9FIT4DW6N/e477A
DA:125,0,jwoVMkgbDTcivRSzGAg7Rg
DA:129,0,hLundXc983WWOffgjrkH9Q
DA:130,0,RugscyRKyqJLZCwrZEH06Q
DA:132,0,55nwkGuRXru1wFKuxwSLMg
DA:133,0,6H6pWLk36RiqZW8/Py+m2g
DA:135,0,38iL1TycyZO4igL1enQsZQ
DA:136,0,Ghl9cLiC3L0dOPU9cHNByA
DA:137,0,AkKjphOMfdr86t5+CO7RwA
DA:138,0,rEJM2tYKg8w9xQfyd65A+g
DA:139,0,Rs2v7CXhjVrF1go0QUpG0w
DA:140,0,V5pU2IOKyXlI4RxoiO8o4g
DA:141,0,pyh7Wl4HyHqgiUS9RIP8Uw
DA:142,0,uCmqOYwxS27j7z23iPXyPQ
DA:143,0,CeG0rcH7QLniyEwJ2j8YiA
DA:144,0,vgeF3Hp6pzv8epg304waxQ
DA:145,0,rWaDLuk4qrpS0whM/Xdw6g
DA:146,0,TDiBD+sb+uNkfoaD4b2eEQ
DA:147,0,sW3gbKeWSYd4T50UAoPKJA
DA:150,0,f9QbX9DXeFx6yW/um3F2Pg
DA:151,0,tZETKpJf8fjdJyfambo+uA
DA:154,0,Ghl9cLiC3L0dOPU9cHNByA
DA:155,0,83OaMqjp0N1cz873hNfRtw
DA:156,0,5QS8C1zwjMEzZaNDWPul4Q
DA:157,0,Yb0oCAZacUSQAv6/qgqaiQ
DA:158,0,Ke6TinmYF6qnSzODjOFHgg
DA:159,0,Thiu7Kn7Iy6ugAyNIjsXrQ
DA:160,0,5/XI6HkLoKSNTRsBV8pPvQ
DA:161,0,SMco1/0HJxJNTydi3cAM9Q
DA:164,0,JG71J6+HiObaSrG+QZ2Tuw
DA:167,0,mLKUQIK6XrI1p3wcCxi3qg
DA:168,0,XPU0HnYVkmHKtFP/2ObJQg
DA:169,0,T59Bs8fTp2f4v0+/lzXR8A
DA:170,0,3oOYrVv0PH0ZwlJ7mwDk9w
DA:172,0,B8IDbX3yqoLBAvPHZP+j0Q
DA:173,0,jwoVMkgbDTcivRSzGAg7Rg
DA:177,0,hLundXc983WWOffgjrkH9Q
DA:178,0,lFYwa0bZooCZVG6h6OLP+Q
DA:180,0,55nwkGuRXru1wFKuxwSLMg
DA:181,0,6H6pWLk36RiqZW8/Py+m2g
DA:183,0,38iL1TycyZO4igL1enQsZQ
DA:184,0,Ux2lGEsM7XG0SJ0Wsyrq9g
DA:185,0,lT9TOa0xXRDleuH9widhEw
DA:186,0,3Ym8XxOynuI/+Xxy3XjymA
DA:187,0,/U7YxkAKSdbLC6X2oP+EEw
DA:188,0,iOq+qSp2Y/tsAKb0vAnW4w
DA:189,0,yj+ntYGmm/wMQShjMGBorg
DA:190,0,gaZfFP2R0rhLScNe2f7UPQ
DA:191,0,Ez4ctsQaiWXP3v9BbNUS5A
DA:192,0,58KbYaU0bsG8RAFNzVHl1g
DA:193,0,nSbDi3Jk2uDW0dCkE9w2dg
DA:196,0,apB7ZQrhYqQaV4+Jp2QAXA
DA:197,0,Sy5hVKBlWao4RgrzWy9wQw
DA:200,0,4LwvfcFDsoHov1p69BlSmg
DA:201,0,ERb906s6eORHM3on8Nw7tw
DA:202,0,Bie2QKw+XLqRjRRU4bty3Q
DA:203,0,/S+pwougo2d3h6dZsi4j6Q
DA:204,0,cINB/HeFSklsqYnOUmoC/Q
DA:205,0,k7b63qI4+5MUykaxF1PptA
DA:208,0,bUMG1TmYpiIMD2xlGM4yGA
DA:211,0,WCtNf6j8PXVQ1sDiYL+K4g
DA:212,0,D/kq7DtpRsceBmE+DZ/G9Q
DA:214,0,sQO2w2VsZToCNN9LFLxW3A
DA:215,0,h8BdowMYJ9HsE5BSrReJxw
DA:217,0,/qu+8+QJ0qy/9ZgBHYOeWg
DA:218,0,KEb4gzLx3l2Q8hX82/db7w
LF:167
LH:9
end_of_record
TN:
SF:app/helpers/ebooks.py
DA:1,1,7Z9Lj4ed27Wf2hBX6jooEA
DA:2,1,MQWkRf0l5YkZAHo8qhjTdg
DA:4,1,FbbYcrkigEvwQwFyWCKeNg
DA:5,1,eLr36X7BI8mIl7pB0XoJhg
DA:6,1,xeYjT88DkTuhgyAX2J6KmQ
DA:7,1,eAQx+3hGt5t66N40iMNWfg
DA:8,1,k3nH6GJS8WURhJ0PbNZ9EQ
DA:9,1,QGitjUMpeTQV97ilUJlIow
DA:11,1,a9lhPx0id5l4SERSJBH3ow
DA:14,1,X5FRURZnKl685U+V6rbGQQ
DA:15,1,mqp3Q95JsK8JNMo2ZbqAHg
DA:17,1,qE8YlrKLcO920TVFSmQyQQ
DA:18,1,fdFdVntOX86YMGzhUFdKVA
DA:20,1,hLundXc983WWOffgjrkH9Q
DA:21,1,MVnnuia1xZ0+NjIGlQe2rQ
DA:23,1,55nwkGuRXru1wFKuxwSLMg
DA:26,1,yDqL2b8ERMWzMxgeDQmclA
DA:27,1,5njGkyTAVi4TLQUdRb2fuQ
DA:28,1,R1TK1Xx64b/VB27vz+A0yA
DA:29,1,TZcPwj71sLGq2dalwgdH/Q
DA:30,1,DoqhXXSE6SuDQeyJgXyWGQ
DA:34,1,EnleL8qzVG2lUZbaqvCIrA
DA:35,1,wsvZQE6V9y2gc4cXJcPpow
DA:37,1,EavxTggNJmXD6bHjy6l0ug
DA:38,1,EQ3RpSbRs6RzXEth6xXH0w
DA:39,1,37aGDvvhErGvh1iKCnpG1A
DA:40,1,cfS5wHPFKWjJF9FvzdfAvg
DA:42,1,meZDvbQVtfx8l3ahIkvYKA
DA:43,1,z8dH4wUgrb+XD5Al1RX7/w
DA:45,1,SUgJaMHgV8T4Mauq2zO8qQ
DA:46,1,vS27JOYRXSM1BMcSilGs9g
DA:115,1,tl9wnXIiUSizMf/4NxJR9w
DA:116,1,vS27JOYRXSM1BMcSilGs9g
DA:117,1,4gqu02+ws8X/RmUDqejwGA
DA:118,1,+v3Wz9X33MGdS8BsqfJdng
DA:119,1,ZfVmt5AzUhyhDklLx6iyJw
DA:120,1,nLi8ktRk7sD5/OJqSsqQAg
DA:122,1,xkikbK8Tzm4svkRW5CbWYQ
DA:123,1,B4iynyXfUeER5nfgbDhMVg
DA:127,1,xkikbK8Tzm4svkRW5CbWYQ
DA:128,1,UHaoDuA7mKne+gsnINmhMA
DA:132,1,xkikbK8Tzm4svkRW5CbWYQ
DA:133,1,l43VflSTF8kKQQqVca4OPw
DA:137,1,xkikbK8Tzm4svkRW5CbWYQ
DA:138,1,ALHw01SBtQep11Ep5k0Kmg
DA:142,1,xkikbK8Tzm4svkRW5CbWYQ
DA:143,1,c9y6JjfrhQBldOjdevV9cw
DA:144,1,1KKF2pUhpKEWQ75OsxhKPw
DA:148,1,xkikbK8Tzm4svkRW5CbWYQ
DA:149,1,c9y6JjfrhQBldOjdevV9cw
DA:150,1,sC+E6HV/2t5KAXwyeG9wKw
DA:154,1,xkikbK8Tzm4svkRW5CbWYQ
DA:155,1,c9y6JjfrhQBldOjdevV9cw
DA:156,1,M5JcBRF+3MLYzQa3Uy5tTQ
DA:160,1,xkikbK8Tzm4svkRW5CbWYQ
DA:161,1,c9y6JjfrhQBldOjdevV9cw
DA:162,1,Q+PAiC6/tibKg9kQhrsOIA
DA:166,1,xkikbK8Tzm4svkRW5CbWYQ
DA:167,1,3nIHFR+7Kqk9+rB7nlpDOg
DA:170,1,xkikbK8Tzm4svkRW5CbWYQ
DA:171,1,3C2lRPR8PUvPdtBvYMk1qw
DA:174,1,xkikbK8Tzm4svkRW5CbWYQ
DA:175,1,IqlyCDwV26L+QEwIVkpvnA
DA:178,1,xkikbK8Tzm4svkRW5CbWYQ
DA:182,1,xkikbK8Tzm4svkRW5CbWYQ
DA:186,1,/sTpUq7rOO9z8gJdUxGnhQ
DA:187,1,6hLQNZ+6oNuBmQPfl+o6PA
DA:188,1,BPUK4Qx0fkLZTR7rJfbxUg
DA:196,1,4VhKk/5lW1lG36Haqfh6yQ
DA:198,1,biC0EyFT/ejAP2r2DWtauA
DA:199,1,foGPyOhbemzzfQwxX1alZw
DA:200,1,6O9s67iBU4ugPrDzp9y2Jw
DA:202,1,U6yVZgsdBGvMoQkXiZE9yw
DA:204,1,pBgIrV9W0l12er0tl0DAJw
DA:205,1,zseqNx81GmGHgCLzl9pPeQ
DA:207,1,UCek8LIzPGcJJeTXX6jZ3w
DA:208,1,qHS5mSpMewIHYAa1ZkxS5w
DA:210,1,prIxAW6ift0eJVZJtu+ZZA
DA:212,1,PKIZU90AqncEfHz3gRZVlA
DA:213,1,bu361XqN26OhLaSwtwu1Gg
DA:215,1,ziXFSSPRyFBaaoV0H/NOLg
DA:216,1,ypRX+MKCW0+AM3qUfAtb1A
DA:217,1,6Cb7mER/9C1OQnfjU/rAxg
DA:218,1,3VwFdruhtF3InrhGY38THA
DA:219,1,MitDuCgWzvdYaWvMic7CZA
DA:220,1,tGOoSZ2Uffr4TveW1SZLeA
DA:222,1,NA/WSwf5lO7FM9hWF2tNjA
DA:225,1,NXAVhxcGnnTLR+9F1hEpZA
DA:238,1,5bujvccNDHV7PVWJgQ7h2g
DA:239,1,qE8YlrKLcO920TVFSmQyQQ
DA:240,1,PjZNVxn5lR0ym7Cn4Rtl4A
DA:244,1,8cYIrE7ekPCZWtzpcpL+SA
DA:247,1,vKAddA8bVsEZCl38NWuBDQ
DA:259,1,C8JhITAJutr9eQU4pNJNtg
DA:290,1,r/u9rE2sKnTY8I4ncm9O5A
DA:314,1,BRMvewpYamM+nM41CAe5/A
DA:16,0,df09J2PX5LZaVvbl/KkQGg
DA:24,0,mDjsgS1M9c/PlE0R32RlSg
DA:32,0,nbIuU8E1C42WmUt8rbJa3A
DA:47,0,4gqu02+ws8X/RmUDqejwGA
DA:48,0,+v3Wz9X33MGdS8BsqfJdng
DA:49,0,3Twm5l/GXjRRkBB38qiUGA
DA:50,0,nLi8ktRk7sD5/OJqSsqQAg
DA:51,0,xkikbK8Tzm4svkRW5CbWYQ
DA:52,0,kgtZRMMzG63lW/7C4+5e8Q
DA:53,0,1KKF2pUhpKEWQ75OsxhKPw
DA:56,0,xkikbK8Tzm4svkRW5CbWYQ
DA:57,0,kgtZRMMzG63lW/7C4+5e8Q
DA:58,0,M5JcBRF+3MLYzQa3Uy5tTQ
DA:61,0,xkikbK8Tzm4svkRW5CbWYQ
DA:62,0,kgtZRMMzG63lW/7C4+5e8Q
DA:63,0,hHtC1y3lxYAhNNbjjE70xg
DA:66,0,xkikbK8Tzm4svkRW5CbWYQ
DA:67,0,kgtZRMMzG63lW/7C4+5e8Q
DA:68,0,wm/AX8XvkRxuvJWrXMYCTg
DA:71,0,xkikbK8Tzm4svkRW5CbWYQ
DA:72,0,kgtZRMMzG63lW/7C4+5e8Q
DA:73,0,NUc/Kc9rjGApHUF3ypWEQQ
DA:75,0,xkikbK8Tzm4svkRW5CbWYQ
DA:76,0,7EfLYca63pm5WeoPstdcqA
DA:79,0,xkikbK8Tzm4svkRW5CbWYQ
DA:80,0,Iw2trzRktc0fObF6unW5HQ
DA:83,0,xkikbK8Tzm4svkRW5CbWYQ
DA:84,0,m/UzP7tH4xJwnAbAkRumHw
DA:87,0,xkikbK8Tzm4svkRW5CbWYQ
DA:88,0,vFv0VThUTi3UZL6g2UT+lA
DA:91,0,xkikbK8Tzm4svkRW5CbWYQ
DA:92,0,ePiK7CiAjsq47xC/Xw3eVQ
DA:95,0,xkikbK8Tzm4svkRW5CbWYQ
DA:96,0,eqbXBPv2ES+sqKXPKY+Ruw
DA:97,0,qmC3kLeNl8z7KvNZqeoRGQ
DA:99,0,/sTpUq7rOO9z8gJdUxGnhQ
DA:100,0,6hLQNZ+6oNuBmQPfl+o6PA
DA:101,0,BPUK4Qx0fkLZTR7rJfbxUg
DA:102,0,5F6y/iQtlv7VImLJ1fhB0A
DA:109,0,4VhKk/5lW1lG36Haqfh6yQ
DA:112,0,6O9s67iBU4ugPrDzp9y2Jw
DA:113,0,Urmkn+uWAM3XiOWq9Ib9Fw
DA:179,0,t53x4sDHPSGFnvOCeDPA/Q
DA:183,0,87hrCCvS0Fjl1ceoQlO/YA
DA:184,0,eqbXBPv2ES+sqKXPKY+Ruw
DA:189,0,5F6y/iQtlv7VImLJ1fhB0A
DA:226,0,qE8YlrKLcO920TVFSmQyQQ
DA:227,0,fdFdVntOX86YMGzhUFdKVA
DA:229,0,EavxTggNJmXD6bHjy6l0ug
DA:230,0,EQ3RpSbRs6RzXEth6xXH0w
DA:231,0,37aGDvvhErGvh1iKCnpG1A
DA:233,0,tKJyCb8FT04gq4SDuH335g
DA:235,0,lJ9Xjjzsv5MVQlg07brPXg
DA:260,0,1gs9ktmxFEb3H9K2yCU+YA
DA:261,0,fiCD8iaoeJIN4z9uG7OUUw
DA:263,0,uYmixwUdavpdHFm+EOCf2w
DA:264,0,yUGnuMwxW5kNdipsrxsIHA
DA:265,0,nA1875ZtY5EPimM9S+ZiqA
DA:266,0,XefpETPi9RGzmaLpYe08jQ
DA:267,0,wgUiJ6B/01bF7sLnwMKyTw
DA:268,0,tLIN+2v6BksIFKQJSKNjtQ
DA:269,0,iZAI+MEtkF9O1OdhWy9VvA
DA:270,0,tLIN+2v6BksIFKQJSKNjtQ
DA:271,0,HRmYgrUgQRrlHMAQ7gWdXQ
DA:273,0,zt+YsqqdguX37kAHoCKEnw
DA:274,0,UO9DFDyooDHmvHITPuvQWA
DA:276,0,zv52AI6uy2YfY7mHmHByUg
DA:277,0,T21bl68ML3XRWWAe38lltg
DA:278,0,6TzmcFSKYAaC2HRIUazMZA
DA:279,0,2nYgd1c5F9hyrPfmHQt9DQ
DA:283,0,FZcHGvoYgmFNabT+OTl+cQ
DA:284,0,4UG/6s24uQlkHSzUwDdEyw
DA:285,0,/icCSHiM5F0TOQQoC0t/tg
DA:287,0,agLn8VBY/yniExfylCYOzw
DA:291,0,bw/V+4QVPk4PJAM3cdG2IA
DA:292,0,65W5K+Sq1O6tqG8l22Eoeg
DA:294,0,hLundXc983WWOffgjrkH9Q
DA:295,0,MVnnuia1xZ0+NjIGlQe2rQ
DA:297,0,55nwkGuRXru1wFKuxwSLMg
DA:298,0,mDjsgS1M9c/PlE0R32RlSg
DA:300,0,X+D35/bfE1EiKYS3jW1idw
DA:301,0,5njGkyTAVi4TLQUdRb2fuQ
DA:302,0,R1TK1Xx64b/VB27vz+A0yA
DA:304,0,nKFVNY1Lts5tJ2O/MnUoYA
DA:305,0,wsvZQE6V9y2gc4cXJcPpow
DA:307,0,3PyhjzYaF31QyFqqN0/udw
DA:308,0,WOhPFM/WhHpyoq3UwmLh/Q
DA:309,0,TQLYH2OjmDp9RJAd5bQQjg
DA:311,0,PLwD65LoZe45cF7bVoQSsQ
DA:315,0,QTdB/4pUeiwLHphYa5W/Tg
DA:316,0,NIkLHjIVF9zTDWD8TQKxzA
DA:318,0,PLwD65LoZe45cF7bVoQSsQ
LF:188
LH:96
end_of_record
TN:
SF:app/helpers/export_helpers.py
DA:1,1,AYnnqn9GuamCJshBvLWTfg
DA:2,1,OThKZS33aB62FNoVoH02IA
DA:3,1,OaTlemF3bXMi5MP7Db8vkQ
DA:4,1,7Z9Lj4ed27Wf2hBX6jooEA
DA:5,1,8/DPjtWdo8z1/SINFFKe8w
DA:6,1,MQWkRf0l5YkZAHo8qhjTdg
DA:8,1,SvI3gLyxUznhU/SS0opA5Q
DA:9,1,IXzv6dH0DZxlBmcM7mtm+g
DA:10,1,5jsHy+8AAFIK9lNQAVjwEg
DA:12,1,vGsRxEiAJ6qcFaSNaimLcQ
DA:15,1,UoSsPkzxSKgIvxps2Me1dw
DA:23,1,B/Fo9U4/nMeRNS1JjGZVyQ
DA:24,1,VuFsHekbHHJmWoWski6GBw
DA:25,1,Uzp1gkpaAerpGigNXAhxeg
DA:26,1,WHLH6x6t5Jf3KoaSp0+ZkQ
DA:28,1,d7JsfbZX+LK8bDXv922PrA
DA:29,1,nQxIqL/yyPTAjUEusMCfLA
DA:31,1,vih2ZAN/CdDQ6nekRZzMMA
DA:32,1,iFOOqBWORZy31uNK6OAEeg
DA:34,1,BRVuozE/jDPTWB4B0wvl8w
DA:35,1,GacMlyIyw4n0AXDzynkW6Q
DA:39,1,vj+3MjMjd3FlttPusHO2Pw
DA:44,1,Mb5ULY8gQaGXZtuv6wr+ZQ
DA:45,1,+nyyiArQBeTxqFg0rvzfww
DA:49,1,nNTKjACXFqEsue2BRjmoXw
DA:50,1,59/pbeGc2EqzOd3EGlZ5cg
DA:51,1,WYdxUYhFLURKZNeRxlrgJA
DA:53,1,mLjtxO0JW0vwP6uTLEsckg
DA:54,1,zWpGF4WE9ppFK+/JHF+GKA
DA:55,1,npPr6fCE7Sqcqb+TQ2H22w
DA:57,1,vy6CgW37KXB6tZmtM5IONw
DA:58,1,ziw6G7mVWGWDzKKWviisKg
DA:59,1,dMhh+k6C+fitHH5nX1/koQ
DA:62,1,owS0+Mj7xHxAjbEId4rdyQ
DA:70,1,B/Fo9U4/nMeRNS1JjGZVyQ
DA:71,1,VuFsHekbHHJmWoWski6GBw
DA:72,1,Uzp1gkpaAerpGigNXAhxeg
DA:73,1,WHLH6x6t5Jf3KoaSp0+ZkQ
DA:75,1,TIYzxGN6vls/ak3p0vcGQA
DA:76,1,nQxIqL/yyPTAjUEusMCfLA
DA:78,1,EZrvCpPDZ8cExj+lH7ej4w
DA:80,1,BRVuozE/jDPTWB4B0wvl8w
DA:81,1,6yutDFR3P2n3KsdUJLVkDQ
DA:85,1,vj+3MjMjd3FlttPusHO2Pw
DA:90,1,Mb5ULY8gQaGXZtuv6wr+ZQ
DA:91,1,UPzSSz02cz6j4nvAL4XbJQ
DA:95,1,nNTKjACXFqEsue2BRjmoXw
DA:96,1,WYdxUYhFLURKZNeRxlrgJA
DA:98,1,zWpGF4WE9ppFK+/JHF+GKA
DA:99,1,npPr6fCE7Sqcqb+TQ2H22w
DA:101,1,vy6CgW37KXB6tZmtM5IONw
DA:102,1,4khFXtdKWprJNP1mAESfYw
DA:103,1,dMhh+k6C+fitHH5nX1/koQ
DA:106,1,Dwwl16WVNHpAHLqr4orN/Q
DA:107,1,A0ghXpJPrUmA+E4tvyjWTg
DA:108,1,1Df2I3IPppd1gZN+BSmqKA
DA:110,1,p9+bsj7v61SNFD2QiJMKfw
DA:111,1,ao+JOWeDeGejbEbj1ga47w
DA:112,1,Mo7fIqKp3KcWnOKvc+s4lg
DA:114,1,5SUoTJw4cI1ioSaBa/GtFg
DA:115,1,FIhrXPL/kWhysjIbSNDhsA
DA:117,1,K1UURLX5N3CzvbgnKCHfKA
DA:120,1,Z3cUoKLd571mnWXE3gF6Hw
DA:121,1,IVu9tYulFdZAztHAYq20FQ
DA:122,1,bleYLa21DXqnwTWG+IlLOQ
DA:124,1,p9+bsj7v61SNFD2QiJMKfw
DA:125,1,ao+JOWeDeGejbEbj1ga47w
DA:126,1,bAmfdAOxGnbXnOTPuw2hyQ
DA:127,1,BOznOKB5gJRfJMkKuiONAg
DA:128,1,VmGZNJWqps8RuKs6r0JM/g
DA:129,1,Jnnq1ljD5H5xgCXqVQm5Gw
DA:130,1,+rtyrVeSiARMNmzXaedBpg
DA:131,1,Jnnq1ljD5H5xgCXqVQm5Gw
DA:132,1,VmGZNJWqps8RuKs6r0JM/g
DA:133,1,Jnnq1ljD5H5xgCXqVQm5Gw
DA:134,1,eqlld/an7dwFfFMPRQyL8A
DA:135,1,MjzPJVRgbyOfQ+E2m9hN5w
DA:137,1,5SUoTJw4cI1ioSaBa/GtFg
DA:138,1,k6/5JHbHeMa6klQPf0u+bA
DA:139,1,5HL3OOsRQpZ0n6EE0eKH4A
DA:140,1,UrLJRy6DwTueVvq58gDGhA
DA:141,1,BOznOKB5gJRfJMkKuiONAg
DA:142,1,uWbKy6aTRoHWmt6gymJaeA
DA:143,1,VmGZNJWqps8RuKs6r0JM/g
DA:144,1,Jnnq1ljD5H5xgCXqVQm5Gw
DA:145,1,+rtyrVeSiARMNmzXaedBpg
DA:146,1,Jnnq1ljD5H5xgCXqVQm5Gw
DA:147,1,VmGZNJWqps8RuKs6r0JM/g
DA:148,1,Jnnq1ljD5H5xgCXqVQm5Gw
DA:149,1,eqlld/an7dwFfFMPRQyL8A
DA:150,1,MjzPJVRgbyOfQ+E2m9hN5w
DA:151,1,21QdtfQbn/f8rDO34bIrgA
DA:152,1,Eklt+1KesurWknmLqHzt/A
DA:153,1,DNG329xFH/2gKPa63r2HxA
DA:154,1,Eklt+1KesurWknmLqHzt/A
DA:156,1,K1UURLX5N3CzvbgnKCHfKA
DA:159,1,+Hs1UB+SjS+CMmrTbUbXRg
DA:160,1,zBoOQ4ygFtcE/GoVKHTxQw
DA:161,1,COXxf33mZ9DRKXluCcEzkQ
DA:163,1,p9+bsj7v61SNFD2QiJMKfw
DA:164,1,xNmKx0JlwnOV1eF5joZVNw
DA:165,1,T1LQ4DHo/eNyJ75q6sDpVA
DA:166,1,tWVI+lX60w1Fv4B9KV20oA
DA:167,1,e8WRVCjyNfzqyZCNi8QKew
DA:169,1,kYrmCDoV6bvrUIBxwTZHHg
DA:170,1,Ewf9sEbKgAdPw4Jloa/NoQ
DA:171,1,8Cq1ZtVkZteZ5u1N2pURkw
DA:172,1,tWVI+lX60w1Fv4B9KV20oA
DA:173,1,jbJqpGYzXUpFSqto+HMm9Q
DA:174,1,N6wcRLwjv+MHOZdgV/SSLQ
DA:176,1,K1UURLX5N3CzvbgnKCHfKA
DA:179,1,XxIqgebdlt/1HaRAaZdFbw
DA:180,1,dDpI1xnYM7U9EkV5ygfLLg
DA:191,1,/VUrq3vIg6h+jGxlSmZgiQ
DA:192,1,Ni+9YYRZl3HYNUrvXg7LIw
DA:193,1,kDwrP1GmH+L6HFBFIDUhwQ
DA:194,1,2Ta89JdU6oJxD28+lG5sNw
DA:206,1,7DEl+oPTEqo5Nc20Ev+gyQ
DA:209,1,B+6/gfTtJeLeqbuI6xPYsw
DA:210,1,E6BUI6GYsbT0leThI+l6kw
DA:214,1,XfzSTiWrJ3UH42n+ahAJMA
DA:40,0,DiZ5q7zJeJqiGVGPmcpK7Q
DA:86,0,EOMME9fH+4D85mBHHjj04A
DA:211,0,B5y5GCmdzDbaoCkuVdiTfQ
DA:212,0,7ON1Hfo/dJcDEXEEJzgYXQ
LF:125
LH:121
end_of_record
TN:
SF:app/helpers/pdf.py
DA:1,1,7Z9Lj4ed27Wf2hBX6jooEA
DA:3,1,x/u00mw2Wbk3WlD+No1ftA
DA:4,1,k3nH6GJS8WURhJ0PbNZ9EQ
DA:5,1,QGitjUMpeTQV97ilUJlIow
DA:7,1,a9lhPx0id5l4SERSJBH3ow
DA:10,1,+02Cy2nJA+cgHBy7lMLLQg
DA:12,1,BQITw4gjCMcC+x3D2vz29g
DA:14,1,mqp3Q95JsK8JNMo2ZbqAHg
DA:16,1,I+o0r5xab1cAh4Tat+zQlw
DA:18,1,pc89pnCKOChY7q9Huk0+Qw
DA:19,1,+jNftRjf8z09d2VgaOmd0g
DA:20,1,Xin88El8+fZmCAN5dNTHGw
DA:23,1,9uYjS+m7ElvMWbhuuz6x7g
DA:24,1,gzCClqcnzpf/r/944T1yoA
DA:25,1,pnrYoXoHevL9DqYXi2lloQ
DA:26,1,rh7JNZfsQ5mmgwINQtkPXA
DA:27,1,+nwR6W5QklnY5mPQCKkqGg
DA:28,1,zdCAT/SxaJJ7Ztxq2fzaxA
DA:29,1,dG3p+DP708bx2ebAkomHrQ
DA:30,1,lu9dcmvnabtInvv2IlPzdQ
DA:31,1,iGs2LnbUgZLp2Yi4lR0pJw
DA:32,1,Bqsr5ve62/WZCHi6guzBWw
DA:33,1,BJhRfPWJ4/PBsyR6CDGwxA
DA:34,1,AsZBDQ+EK+Y9Vcr5PwZyrg
DA:36,1,BOpt6eflwlQZOMVCGb1ccQ
DA:37,1,ug2PlH4USe/cprNDJvG7Cg
DA:38,1,JPvBab+WLJPOt+WTaG2gQw
DA:40,1,ZUvrc9/Qo0/uJXrv8OsHkg
DA:42,1,yFs4NP/peX5Y5EG6RHpvIw
DA:43,1,ta4RAmKdfNHU2sn53H2r0A
DA:45,1,jMDYM5C0M3yo6bQoEXhDOQ
DA:47,1,hLundXc983WWOffgjrkH9Q
DA:48,1,MVnnuia1xZ0+NjIGlQe2rQ
DA:50,1,55nwkGuRXru1wFKuxwSLMg
DA:53,1,WECaEco3icHmie+txStHzw
DA:54,1,zT4pSuhhLB88oJQ/7KfI5w
DA:57,1,joqd/xQm0+eGxXX+Bmuiyw
DA:58,1,+k2V3US248xm2cozm/Bgxg
DA:60,1,55nwkGuRXru1wFKuxwSLMg
DA:63,1,N8ypHVBQO63b6E+ihepMog
DA:64,1,FdhjECzd7vxn93RHC3weSw
DA:66,1,TZcPwj71sLGq2dalwgdH/Q
DA:67,1,jFaMnHy665LtQpoz5E/Xkg
DA:71,1,v9V2Tfm9W37kTRwyBIa1PA
DA:72,1,gzCClqcnzpf/r/944T1yoA
DA:73,1,pnrYoXoHevL9DqYXi2lloQ
DA:74,1,rh7JNZfsQ5mmgwINQtkPXA
DA:76,1,A4CVdgvc170pJfIyZbENhQ
DA:96,1,zdCAT/SxaJJ7Ztxq2fzaxA
DA:97,1,SNmzRYf8W6GcmH5XVGFiCA
DA:101,1,ERGBnYQFoDoaygoU2ks9Fw
DA:102,1,dG3p+DP708bx2ebAkomHrQ
DA:103,1,lu9dcmvnabtInvv2IlPzdQ
DA:104,1,iGs2LnbUgZLp2Yi4lR0pJw
DA:105,1,cjoTB/8PrIt7r4S48BN89w
DA:106,1,dHpj/pgtz+RnCygT+byZag
DA:108,1,UD9bhWTqbob3VKaKH4kU+Q
DA:109,1,+wkUnq+mCByat1JOUJke6g
DA:110,1,lEmzRRD8Zg+LWZbAIKPFZg
DA:111,1,LLoLo1WpL8kROUe77pXTGA
DA:114,1,E7PBfK2g48ptrmdRxKdnxg
DA:115,1,+wkUnq+mCByat1JOUJke6g
DA:116,1,lEmzRRD8Zg+LWZbAIKPFZg
DA:118,1,Jh2LNqaF3TgavXxy7fPifQ
DA:120,1,OhsxQkejC0Vgg54GR8hDNQ
DA:121,1,2IOJwUf6rRhqkLxPYT/lwA
DA:122,1,Am1wYkFILKv067QqI+A/ow
DA:124,1,lbbp/C2KOOqG5Dfiwu0HRQ
DA:125,1,C7ZJI33IWW1isI5hqElcuA
DA:128,1,nMbks1Li1qplYDetHGM4TQ
DA:129,1,2IOJwUf6rRhqkLxPYT/lwA
DA:130,1,Am1wYkFILKv067QqI+A/ow
DA:146,1,EZDpRi8fl21IaLXUrZElog
DA:147,1,q0lZr34WFGN/nNCenLA4AA
DA:149,1,lUgQsxQ5yfepbSucmaNn5A
DA:15,0,df09J2PX5LZaVvbl/KkQGg
DA:35,0,SJdCtYFdjiRWVMdvB4i2/A
DA:39,0,LxXx0TIB7jeHtyvaRjGM0w
DA:41,0,grmudthPxtv8L2aX3VAH+Q
DA:51,0,mDjsgS1M9c/PlE0R32RlSg
DA:55,0,xAAonnDLK/d8M5NxgGVHug
DA:61,0,mDjsgS1M9c/PlE0R32RlSg
DA:65,0,Capj7VfqyF9RQTTa2SuR6Q
DA:69,0,E34MYLlDz37A9mPQj3jiCA
DA:79,0,ssH1+TIxbhpa0TiRufmSIA
DA:80,0,ZyuMCTKx82bWUxPVxxxG9g
DA:82,0,x0ROxSm2kmcEPA25DEbxAw
DA:84,0,AkQLLpvsiMeNGAWUJoYU1A
DA:86,0,xajUZ0Px3FK3gX8I5TrxCg
DA:88,0,w9pLPnW0wlKAm3wJmGjGfg
DA:90,0,STdnlhpcfdCdf1BAS1uyjQ
DA:92,0,jkOf7dreF2Xh2t3+LWxXgA
DA:93,0,6O9s67iBU4ugPrDzp9y2Jw
DA:94,0,5t0FZjC0dgPMfEn6q6sjkg
DA:100,0,bILj4pY/pxwJC6+WfN+YlQ
DA:132,0,3543amaCB/Cr/chG3ZUduA
DA:135,0,OhsxQkejC0Vgg54GR8hDNQ
DA:136,0,2IOJwUf6rRhqkLxPYT/lwA
DA:137,0,Am1wYkFILKv067QqI+A/ow
DA:139,0,C7ZJI33IWW1isI5hqElcuA
DA:142,0,nMbks1Li1qplYDetHGM4TQ
[...]
DA:655,0,7eY0agVqKarwU+DSqHTl9A
DA:656,0,Uk1iEqLYWHwxE4nbWtF0CQ
DA:657,0,q6GAKbZSkCDeJph4mGkp5Q
DA:658,0,jcUcrUlQLqPE/0vq4Sa+DA
DA:659,0,2qg/Lxk975rlz69rPBu10A
DA:660,0,BT1tKnI7wypwzDTuEeioaQ
DA:661,0,Y0L93Abp2tLYN9Th4645WA
DA:662,0,rUUfzX8xjSDzr5vX1KIAbg
DA:663,0,tfOh/riwjQf0iKzNcQDcQA
DA:665,0,TzaGRXV3WOzwgym8YiSm6Q
DA:666,0,et+ctRV5RB/kqGE4dmyqBw
DA:667,0,7eY0agVqKarwU+DSqHTl9A
DA:668,0,Uk1iEqLYWHwxE4nbWtF0CQ
DA:669,0,q6GAKbZSkCDeJph4mGkp5Q
DA:670,0,jcUcrUlQLqPE/0vq4Sa+DA
DA:671,0,2qg/Lxk975rlz69rPBu10A
DA:672,0,BT1tKnI7wypwzDTuEeioaQ
DA:673,0,Y0L93Abp2tLYN9Th4645WA
DA:674,0,rUUfzX8xjSDzr5vX1KIAbg
DA:675,0,AG59UDZdjzT/31XKj/p7ZA
DA:677,0,q3dqLwBxX4gRJDu5go3dFg
DA:678,0,R1KGFGu1A1R8+ECm3l7U7g
DA:679,0,pOJwuGdEbe7GLbMcySd1QA
DA:680,0,U7JWv/G69da1k+IVSb33SA
DA:682,0,kczL3LeAPaiRA8D51PJT2g
DA:686,0,xD//Fkn+kpQyWk8pVb3isQ
DA:698,0,6a0cm4Y1lMs+myg8+MNecw
DA:705,0,/74eoZIcTHR3Li1uUT1/0A
DA:762,0,982qKTNfnm3t0Af3STLNsw
DA:763,0,v4OKBQEq84ZoF2ej7VyaAw
DA:766,0,VK0Be1eSk3JZFwRSXf3DAQ
DA:767,0,tFmuoaV6vMrhKqKK10KiYw
DA:768,0,D1iDtxLruEkTmPkSiuScvA
DA:769,0,+K6Gume9ORmuZrEox56OLw
DA:771,0,HW5sp4nUnTExR8Utc8RmWg
DA:777,0,szmNnJrcWl7OjZlEwFMKzQ
DA:780,0,zVXqJCy6Wk9O1Qg5ufAC5A
DA:781,0,cRiO7ZwiZxpKlWMapd9c8Q
DA:784,0,xfd6Q9JXhGaeJmuu76D7iQ
DA:785,0,ibsy5W8gwKKewZY76DhoPg
DA:786,0,D1iDtxLruEkTmPkSiuScvA
DA:787,0,+K6Gume9ORmuZrEox56OLw
DA:789,0,8ATwEqfbAAdr9st2JpvQMA
DA:800,0,R9kv3jzOMSSaJRzJdFomEw
DA:801,0,rDOuJPAB34lqsr/42Ys1jg
DA:809,0,t0MI/FoXQSpkexDH0THB6A
DA:810,0,17o0O2KCIzkFzjubO/vbmg
DA:818,0,3reqsKcX7DmvjQZ//08amA
DA:819,0,aZrib57h7u+8H8+5pnTvSA
DA:821,0,RZxas1KHF51C8du3+OPtvw
DA:822,0,z1FY6hyPBCbZwMZY9KnRLg
DA:824,0,kycMaH6XbPuAfUpgfG1Lbg
DA:891,0,WviDQ3qvY587A1ZeauaRgQ
DA:895,0,L8xR+6AICjK0dK0cBlod4A
DA:969,0,a5CW5YXyJQwkZ/El6HTTHQ
DA:970,0,9M2rLeyvGhP42cSpwpyIbA
DA:971,0,0UDV5KqDl9UQkcJRC/1V3A
DA:1015,0,cnEjxcE3GgivPq0fLIdBKA
DA:1021,0,RZxas1KHF51C8du3+OPtvw
DA:1022,0,z1FY6hyPBCbZwMZY9KnRLg
DA:1024,0,kycMaH6XbPuAfUpgfG1Lbg
DA:1083,0,uft66Z2wKESr2DJcYDJ5fg
DA:1084,0,RUzH4rd7PpCmiN6NkO93bg
DA:1103,0,cnEjxcE3GgivPq0fLIdBKA
DA:1109,0,RZxas1KHF51C8du3+OPtvw
DA:1110,0,z1FY6hyPBCbZwMZY9KnRLg
DA:1112,0,kycMaH6XbPuAfUpgfG1Lbg
DA:1133,0,nmJloDNXAOrUplBMomoh2g
DA:1141,0,cG9kqQqhOLLIYZZC4wdCyQ
DA:1142,0,RSmdidOXGannqa+wazyvuQ
DA:1143,0,+Wb3hMAjyFMUtZdV5iwusw
DA:1144,0,hScONne0gorEs9i2IQmejg
DA:1145,0,eqbXBPv2ES+sqKXPKY+Ruw
DA:1147,0,goLsuXmgpvu/j6U6iSB9Nw
DA:1149,0,noSBPYFI/YmzsLjKA3Vlcg
DA:1150,0,kK4sUYq5fmw0teb3tZCWig
DA:1151,0,dAAft+W5mBlZjPqnW18owA
DA:1153,0,ddRlppirgKA4WiUJrL4PCQ
DA:1155,0,+vciqGwuc2/4OV5VOaEUpg
DA:1156,0,IlAGTwJznqjT91+Nnpihkw
DA:1157,0,qNxmJ0NDVGdNIYH65AM5Gw
DA:1159,0,YTWlptadSXDskXlcRHdiQQ
DA:1190,0,A7zKtjVrlxhb9tTA7dMilA
DA:1191,0,RUzH4rd7PpCmiN6NkO93bg
DA:1194,0,0em/W1bOpkf3Mj9JYISn3g
DA:1197,0,Kifp9+fUlytHiLtgHYXtuw
DA:1202,0,tTtNXojF9avAVlNLY4usJg
DA:1219,0,nmJloDNXAOrUplBMomoh2g
DA:1226,0,5brTsUmk//QpOzQMiTnY+A
DA:1227,0,cG9kqQqhOLLIYZZC4wdCyQ
DA:1228,0,RSmdidOXGannqa+wazyvuQ
DA:1229,0,+Wb3hMAjyFMUtZdV5iwusw
DA:1230,0,hScONne0gorEs9i2IQmejg
DA:1231,0,eqbXBPv2ES+sqKXPKY+Ruw
DA:1233,0,goLsuXmgpvu/j6U6iSB9Nw
DA:1235,0,noSBPYFI/YmzsLjKA3Vlcg
DA:1236,0,kK4sUYq5fmw0teb3tZCWig
DA:1237,0,dAAft+W5mBlZjPqnW18owA
DA:1239,0,ddRlppirgKA4WiUJrL4PCQ
DA:1241,0,+vciqGwuc2/4OV5VOaEUpg
DA:1242,0,IlAGTwJznqjT91+Nnpihkw
DA:1243,0,qNxmJ0NDVGdNIYH65AM5Gw
DA:1245,0,YTWlptadSXDskXlcRHdiQQ
LF:595
LH:412
end_of_record
TN:
SF:app/settings/__init__.py
DA:1,1,gvOeMVnBaciVUa9ZAUkbYQ
DA:3,1,00kxCZnZ7K91Ij9x7rT0Vg
DA:5,1,xEwsW31gDkHMBwFKXmYHAw
LF:3
LH:3
end_of_record
TN:
SF:app/settings/email.py
DA:1,1,cDiLM+xWVa4wRxbGngwMTw
DA:3,1,m7PYM16OHn8/JoAgyoz7BQ
DA:6,1,94rSrJ65d11AbxMnj8AQUw
DA:23,1,WVqMW9akwmRahZYQwJ4dfg
DA:7,0,4AXSA+F2ePcqBTvcW/J2NQ
DA:8,0,H0sYr3gFwa983W3eMm4pbw
DA:10,0,PPx/V+SgtE3oEVCHDCYlFg
DA:24,0,jGiaRwQQqfKE3cE2AyDR3A
DA:25,0,4X99DAfUSL1rQBBaT14Dmg
DA:26,0,PPx/V+SgtE3oEVCHDCYlFg
LF:10
LH:4
end_of_record
TN:
SF:app/settings/forms.py
DA:1,1,TEqd7oVVC2jSxxkfxa8F0g
DA:2,1,MmJ0APe1V4qFA5fJNKYMZg
DA:8,1,NoRQgQhrRbc+BL4h5wNOYA
DA:11,1,2Cte424nmcLmXVmyHzSHlQ
DA:12,1,wURvVE1mZNkDtf+ReEAztw
DA:13,1,y4HIQvaP/PMP1iNdUJDaLA
DA:16,1,80tDnbTznDPNywuhS9rd0Q
DA:17,1,6Tv2MaHQNRrk4PZNLAiqcA
DA:25,1,KQ1tz6wO7P9GPGdg7Tq6dA
DA:28,1,uRSNhUT11Q1WYajNdj1bDA
DA:29,1,01hMxvJjfrYeGi17SWsIeg
DA:30,1,ShPdvm18vQStJhWiF9d5aw
DA:31,1,uVCGRreG9keDZXRJS9jagw
DA:32,1,WTl2k5UfLOytbS8aETCpWA
DA:33,1,JusXI67jjXQH9A2bo5/UAQ
DA:34,1,iE5zJyN0YNlVy0ut5hwAuw
LF:16
LH:16
end_of_record
TN:
SF:app/settings/routes.py
DA:1,1,TezDuhWXIjbwvTuW/kABdw
DA:2,1,UP90BhddSWIMb/9gw02chQ
DA:3,1,/uu7wwQygjU+iehSRocf2Q
DA:6,1,BYh1FG1MUBBAseDcOhPypQ
DA:7,1,j7d1uVd/kpSwCSHGloSyAw
DA:8,1,jptA/mWxtoxHzJci7TCF9w
DA:13,1,Z15oofXVKSXo9+K6VBesLQ
DA:14,1,+TIOdSAqvH2rVuTWHDt3xA
DA:15,1,sguvHMl8Ys8nAHIYNx2UWQ
DA:17,1,WpEjgxacqgxANZhpobgHYQ
DA:25,1,DH+wrTjj9yNNLAfmqWrBDg
DA:26,1,W0jlfR3gHVsoWc8YmAvspA
DA:27,1,XFpxHoIJeRA26fnuL0K60g
DA:28,1,iWziPeko+sTBj8SUEqcAXw
DA:60,1,nTBVfBBvvoG1KjE41aYF2A
DA:61,1,W0jlfR3gHVsoWc8YmAvspA
DA:62,1,XFpxHoIJeRA26fnuL0K60g
DA:63,1,RliOKAgEGsg74TDSLcodbA
DA:100,1,qwddqmYul4RA4k7IqFPeqQ
DA:101,1,W0jlfR3gHVsoWc8YmAvspA
DA:102,1,XFpxHoIJeRA26fnuL0K60g
DA:103,1,qrc/Q7RL0P1VeMVvxaZ/8g
DA:121,1,JkMUevgCHV9oDAFFaDWhPg
DA:122,1,gujZSJK1DXUiEf/MEWa5Rg
DA:143,1,Rzy8d/bS5T+DRDQAytDTCw
DA:144,1,W0jlfR3gHVsoWc8YmAvspA
DA:145,1,fHbhYB34LgR8NIjr5rlRng
DA:156,1,RVaXNISw7GNtwG/Y9wgdcQ
DA:157,1,UdA8eCd5ppdMVSYJozINSw
DA:176,1,Y8CKZ7hyFtZR3hGnfiLMJw
DA:177,1,W0jlfR3gHVsoWc8YmAvspA
DA:178,1,QYcLmOoiiKOaMUxZYeJ5fQ
DA:204,1,xodyEqjmjK9VucuhzqyJKw
DA:205,1,W0jlfR3gHVsoWc8YmAvspA
DA:206,1,XFpxHoIJeRA26fnuL0K60g
DA:207,1,MIPsuTLOmyOt2NgUdzSDJQ
DA:243,1,e/1uS9lZLyCi2dar8LkP9A
DA:244,1,W0jlfR3gHVsoWc8YmAvspA
DA:245,1,XFpxHoIJeRA26fnuL0K60g
DA:246,1,7X9ci3YkzSGb3JL/BQLJRQ
DA:266,1,MyXgzQh2+NmBspv3LXQg+w
DA:267,1,W0jlfR3gHVsoWc8YmAvspA
DA:268,1,eRs50p8VatAFWBBoiw8G5w
DA:291,1,DcyzmxjtEIGtZ6DCqu0zQw
DA:292,1,W0jlfR3gHVsoWc8YmAvspA
DA:293,1,avy9lJZxx0+2Onmo7j+37A
DA:29,0,12G5PgSxsC1ekZE0TXQrzA
DA:30,0,O3xKFpKNuSxpJVo/vK2z1w
DA:31,0,FNRXazgNIxe4rXnq+tsS8A
DA:32,0,bD7y8Nm7/bYUDIOEgd0ATg
DA:33,0,sz+ME48DcP2T1gml+52dYQ
DA:35,0,rhqyAm28oRGt73d6gPdtKg
DA:36,0,ccKRUymKAqMgneIEsmnXOg
DA:37,0,kXIIM02bCw7slTOBEgdzVQ
DA:38,0,I54syZzRyA6aX4j3Kloz9w
DA:39,0,lwJHOTsvLKe5jJz084TO5A
DA:41,0,sb/xq3mD1jUbYw0CXQrh/A
DA:43,0,1EFD//9aNUiThOeo1VcJjg
DA:52,0,xVCsZ3tT/ItGxp5MG49bCw
DA:64,0,yQ28C8A7GR2yzieLn0U/aQ
DA:65,0,zNiMq1kGBkblTxr8esJBUA
DA:66,0,yzV006pe9OXl1S1MghG2qw
DA:67,0,aui6dMLhIEN5KVc/a/PbWg
DA:69,0,O3xKFpKNuSxpJVo/vK2z1w
DA:70,0,s7oWp3YrPrSZgCCalWyPcg
DA:71,0,j+FIFU8NUIg66cAYuFrPOw
DA:72,0,sKz9JG3e3IPCD/pUMhSaUg
DA:73,0,icKWeQfdsxEbA+jQQO7fww
DA:74,0,VU+okjjhJz4UP4+Pl638/w
DA:76,0,03iWT6vfjJKGCLIOM08Vfw
DA:78,0,jQmnFjcfdC5uBXUzg3DHJA
DA:82,0,ZvYN8f5j/yJst7djr0Rh3Q
DA:84,0,kFCOO3+nN4YJem3PzNenAw
DA:85,0,qjbPtlaY6HoVrmMWy4WOrQ
DA:86,0,I54syZzRyA6aX4j3Kloz9w
DA:87,0,lwJHOTsvLKe5jJz084TO5A
DA:88,0,sb/xq3mD1jUbYw0CXQrh/A
DA:90,0,mICVVuNpqioQk0p45dO+uQ
DA:92,0,SzqlXXv92oLKO/ojJTQSEg
DA:104,0,JoZNcb5x5utU+7YNAaE7qg
DA:106,0,O3xKFpKNuSxpJVo/vK2z1w
DA:107,0,NIkmpqBEyHkhh4wCE/g+bQ
DA:108,0,T4V/4iWOhVFzwygkVXrTYQ
DA:109,0,4RsgTfuWu/JvStlNP3rZ6w
DA:113,0,uBpm7nkYlczUhnY4unCE4g
DA:123,0,qpG9h5nLyt5zCXZC9v4Vzg
DA:124,0,H+jc4ct1Fc61vltBrFiCcw
DA:125,0,rSxHTkloPVoHD0xrzD+ztg
DA:127,0,L6NxbGah1eDvg3cevj0y7g
DA:128,0,vRTaNWrV5Bmr/ZZpTBMZUw
DA:129,0,bQnthGY6RyimTw2yGs5Rvg
DA:130,0,6i1sqaGvo1cKQVtz9g+QdA
DA:131,0,I54syZzRyA6aX4j3Kloz9w
DA:132,0,lwJHOTsvLKe5jJz084TO5A
DA:133,0,sb/xq3mD1jUbYw0CXQrh/A
DA:134,0,0m6bC7OIdgvaQAtnTxUStw
DA:135,0,mICVVuNpqioQk0p45dO+uQ
DA:146,0,VBoJujH6RMOI4KLT548lIQ
DA:147,0,CBgE6CYi+/yom5ElD9BNvQ
DA:148,0,t3FBMejXG+LlQw6XE/356g
DA:150,0,+31oc3I5O8v3FixMgXQHbA
DA:159,0,E70bDlTRI4Afg4iu78soYQ
DA:160,0,H+jc4ct1Fc61vltBrFiCcw
DA:161,0,rSxHTkloPVoHD0xrzD+ztg
DA:162,0,ogpPmLYj+ZB4ZT6tkzoDYg
DA:165,0,L2k00c1zs+mSi8GRpdgl4g
DA:168,0,+31oc3I5O8v3FixMgXQHbA
DA:179,0,+FJje5cMdKDMLykpHcdVGQ
DA:180,0,O3xKFpKNuSxpJVo/vK2z1w
DA:181,0,WGvVkS/ZgH3/ReXghrKiiw
DA:188,0,sb/xq3mD1jUbYw0CXQrh/A
DA:189,0,aW3npZ/6pvneAIgAf1EfWg
DA:190,0,I54syZzRyA6aX4j3Kloz9w
DA:191,0,lwJHOTsvLKe5jJz084TO5A
DA:192,0,uRRQ4DH8ixMn/naU7RsuPg
DA:193,0,r3qyZYw2Pjnkx4T03x/mCQ
DA:194,0,daN1NTWAZ6/WK8fqPWNi3Q
DA:196,0,bdjUNlHDWqqiEwqLDsuLiA
DA:208,0,fcD2Th3brvcYz2QPa5GsdQ
DA:209,0,oTgiygaa4TKI+AzZCNkQPg
DA:211,0,O3xKFpKNuSxpJVo/vK2z1w
DA:212,0,+VG2SM8+dq/OMZa4VZHa9A
DA:213,0,k7vl5Sz8EUrqYiBm+6rYng
DA:216,0,Hw4kXhFfxRER25N55gF9zA
DA:218,0,ICcLpxTs3mtpzYhE7I03kQ
DA:219,0,CPdVDBikFBa/6tkUES5P6A
DA:221,0,9t646ykRuBujWseBxPsHCQ
DA:222,0,I54syZzRyA6aX4j3Kloz9w
DA:223,0,lwJHOTsvLKe5jJz084TO5A
DA:225,0,sb/xq3mD1jUbYw0CXQrh/A
DA:226,0,9poLL8cQ9poBCR4wiZWSJA
DA:233,0,hq8XO6JbkkKjmwC81MXzLw
DA:247,0,R8oOuEQnec6kOK4rmHOjSg
DA:248,0,T9VtTUD3OofT9neHLLaIVw
DA:249,0,fpSVAb43/kFengqkFkQMPw
DA:250,0,h0DWmHytkuXedLad83X4AA
DA:251,0,yfe5K+fphh9MKPuvO4ap7g
DA:254,0,34oWctOEeH/OJ3ZdwSVfQw
DA:256,0,1pyUKMvbIBQjZPIVAf6WFg
DA:258,0,GJWizXpsVVMDcMNkD+X/UQ
DA:269,0,liT8IPPejX8/gzjRnqTDqg
DA:270,0,6opM/1Th39vhkZkxmgiHpA
DA:277,0,coBR0gpzVrjmXMIGg5Ql0Q
DA:278,0,Q4lKjZETbuzBL9xDbw9kzg
DA:279,0,Bp9Wd6mz9Z675e+2ajs0Sw
DA:281,0,1pyUKMvbIBQjZPIVAf6WFg
DA:283,0,C+Lfgv+Q+eWdPb54Ug/xjw
DA:295,0,4xLRGdgd44vDFNrYVmQflw
DA:296,0,v9AGlce6JzUvJD2HHjNllw
DA:299,0,O3xKFpKNuSxpJVo/vK2z1w
DA:300,0,BTo9zwXfhPp67d3PVUyRCg
DA:301,0,rJWnOdMoFQxSq7AEFgUYpw
DA:302,0,yiIbEDvzp7hNy7PXQiricA
DA:303,0,pms08mhorawpi+xtdoHpyQ
DA:304,0,Iebhulfz0CjcDD9mLAF+fQ
DA:306,0,HECDsO8utWktbb7Gc10PbA
DA:307,0,I54syZzRyA6aX4j3Kloz9w
DA:308,0,lwJHOTsvLKe5jJz084TO5A
DA:309,0,sb/xq3mD1jUbYw0CXQrh/A
DA:311,0,amzt2yILjA9kJrD4XOzcbg
DA:313,0,hq8XO6JbkkKjmwC81MXzLw
LF:161
LH:46
end_of_record
TN:
SF:app/tasks.py
DA:1,1,QyaVg4D7LhWvRjWJeUT94A
DA:2,1,7Z9Lj4ed27Wf2hBX6jooEA
DA:3,1,ZRjH5uaRFYEVXR0SpJ4NIw
DA:4,1,mUDsnWRiqW9R9nTILGKIZg
DA:5,1,OaTlemF3bXMi5MP7Db8vkQ
DA:6,1,gVQwgQrPEpcBqIpQl2n8OA
DA:7,1,+8iFnQZ5YZyV6J5kFiYRrw
DA:8,1,xeYjT88DkTuhgyAX2J6KmQ
DA:9,1,p7hNY1S5rX9QtYADf+cK4g
DA:10,1,8/DPjtWdo8z1/SINFFKe8w
DA:11,1,6kEUakwupTYpb8VkTALfBA
DA:13,1,kH+qN51HnPRTpAVH1JQ4kg
DA:14,1,IXzv6dH0DZxlBmcM7mtm+g
DA:15,1,oBFKqfGA/Iiih8Wj2UDMgw
DA:16,1,cDiLM+xWVa4wRxbGngwMTw
DA:17,1,Yz+gMVeSVYoMUzJdJdgQwA
DA:18,1,l1CRb+h7nQO8aTFT5qJRYQ
DA:19,1,3naQOj4oZNUYrwrh80hNdg
DA:20,1,x4kSd44aZ9z8x1iPwPMRIw
DA:26,1,DonicPnl5SrHMGEqhhptsw
DA:28,1,RuZ5KcncCoRYUb0REMXZIg
DA:29,1,a48RwDspbeAkVkBfYs4MSQ
DA:32,1,v4qzlDjggnLvklCZPO4RPg
DA:33,1,pOfnv/HtW3MbG4ce9Kox3g
DA:36,1,UXiBi8pmkmIi3Xuw8RjAIg
DA:37,1,B/Fo9U4/nMeRNS1JjGZVyQ
DA:38,1,B5xduWHyTPvgbjib4IFGSg
DA:39,1,AR1JNkquVHOfRmaQXpLTww
DA:40,1,HejJ74iPB22IBS2rwhHHxg
DA:53,1,V7uRmjj6chiNnyDqZpYJVA
DA:54,1,wWvyVCzDRWfTVXhFZNNl1w
DA:57,1,tjDEs3u/vXU2zD77yYxCXQ
DA:58,1,PNvm1eimCATm/7b0rVhJEw
DA:59,1,bjztqLwseHdLZXEC5T5tcQ
DA:60,1,eNiWhSqxdp7fETP7ql5MDg
DA:61,1,ifq9vwyCVg8AfYBWusYisw
DA:62,1,uNfdQtst3fvgGRxxBmYwcg
DA:63,1,Nl8CT0g6PiCqdzRe+gFzYA
DA:64,1,wIXmSqyvHrGV9KAi2jK76g
DA:66,1,COoFgIth19NrPdu9kEOkCw
DA:70,1,REFNAvV4Lnf//SvND9SKRw
DA:73,1,P/iI/dXLtwA+bKhginK9cA
DA:77,1,S79cliNI87p9EiKIcY+edA
DA:80,1,JAW1zVzkBI4ZbeFNfy8y/g
DA:82,1,ZgO+m7hx2dR0DMj3b3jgBA
DA:83,1,d809KFXX/uy+eIFlgHPp5w
DA:85,1,iE8R5tvc5wtATFhTeO0cDw
DA:86,1,v7+4CRIHUVju+yCKkXHXmw
DA:87,1,WOWGnt29NH38BXhxtJHQPw
DA:88,1,mwnfvgYn3IzXkZmlmxJrqw
DA:89,1,EZFG6C/NeO9NbQckJAkXJw
DA:90,1,MgChuqwUVIlG53V6ZmKuag
DA:91,1,ouGp6AUc9QtBUPI8Ko1C/A
DA:92,1,1pyUKMvbIBQjZPIVAf6WFg
DA:95,1,7q9t3XnLivfh4SX2j0/3GA
DA:143,1,dKl52nM0FVaoVHtUf/xfKA
DA:306,1,yaG6HpN+Rpro9F0eZy/KIA
DA:317,1,B/Fo9U4/nMeRNS1JjGZVyQ
DA:318,1,pIp3EmyfjsR8ufcRTSWVRw
DA:321,1,G3M2HDQpZYgpTtr+mcRjsw
DA:323,1,my4gST+ds164RS6bU+wkCw
DA:324,1,MfsgPdDPVFjcGIAaHVj28g
DA:325,1,WZe01pJ+CD3wXak9U6EBXw
DA:327,1,xSVD0kiwgrppb4tPl+pk7Q
DA:330,1,X6rhaN0Anm6XG7UlKG/gXg
DA:331,1,1PeMzqLjusVgfqmWsBCxvA
DA:335,1,NkNXKc0mhhLvpd33ZyG03g
DA:336,1,oGNLsCsgoo7xWtGASLgL+w
DA:338,1,vB2BwEpDgIC0y0edruxLZA
DA:340,1,prabp2F+Zgth+hExNy0/Pw
DA:346,1,m9GVxbDIlOV7IbeXkcZVzw
DA:348,1,YjwI9PtVwqm/NdcEr9iNmA
DA:360,1,QOIjMR5WYmnPDOcq64lLQw
DA:366,1,pJ1aYfC8Xev8sGUCR51Z2g
DA:369,1,4RtklWgotX6M+7bSL8x15g
DA:379,1,B/Fo9U4/nMeRNS1JjGZVyQ
DA:381,1,LYAf05SLc28GQHxqruEIlQ
DA:384,1,A6h1drp4krm1LHIZ2dENDw
DA:385,1,G3M2HDQpZYgpTtr+mcRjsw
DA:387,1,my4gST+ds164RS6bU+wkCw
DA:388,1,MfsgPdDPVFjcGIAaHVj28g
DA:389,1,fkR01t1+cyt0TJsoOkc+HQ
DA:391,1,xSVD0kiwgrppb4tPl+pk7Q
DA:394,1,X6rhaN0Anm6XG7UlKG/gXg
DA:395,1,1PeMzqLjusVgfqmWsBCxvA
DA:399,1,WjW4rE9maXAftzC5E2oI5g
DA:400,1,oGNLsCsgoo7xWtGASLgL+w
DA:402,1,vB2BwEpDgIC0y0edruxLZA
DA:404,1,prabp2F+Zgth+hExNy0/Pw
DA:410,1,m9GVxbDIlOV7IbeXkcZVzw
DA:412,1,YjwI9PtVwqm/NdcEr9iNmA
DA:424,1,QOIjMR5WYmnPDOcq64lLQw
DA:430,1,pJ1aYfC8Xev8sGUCR51Z2g
DA:433,1,D6AC+tWl0J8evpJlqcjW7Q
DA:434,1,B/Fo9U4/nMeRNS1JjGZVyQ
DA:435,1,G3M2HDQpZYgpTtr+mcRjsw
DA:436,1,DCqLCxHOKtL5QWpk8IrdyQ
DA:438,1,/hHOMlQwUaxEK/Bx5PaRtQ
DA:439,1,jZdwEr4vnMRQcMO7/+cZYQ
DA:441,1,my4gST+ds164RS6bU+wkCw
DA:442,1,MfsgPdDPVFjcGIAaHVj28g
DA:444,1,xSVD0kiwgrppb4tPl+pk7Q
DA:447,1,58K92kWp98H3qOn3MPKAcg
DA:449,1,bbX3VAt9eTQzWEaqwQ0H5A
DA:450,1,EtWGQVTTv/EpxHGzpxChWQ
DA:454,1,szehJgF0e6cG8OS4WD7lHQ
DA:455,1,L0Cf5WZ5XjKe/I3cXFy1zw
DA:456,1,netCJw31El2lgNyPp8t2sg
DA:457,1,Kr8H05xoOmb5Q8+IRtT7Qg
DA:458,1,sdDkLDcvvaZj6XgBxCX9VA
DA:459,1,V1cByosjcFlfhTb7rhc69g
DA:460,1,geM48a3dKCtN2He5Wm2o4w
DA:461,1,61KqCKBx52BcSbiybIooQg
DA:463,1,N46KAyUaQ/OTxXALn0AxOA
DA:464,1,7uYNvBTj3UWxcA5V9w4Iyw
DA:465,1,ux8kb9wM1HgF5VLTkVjK5w
DA:466,1,w6/Tl5IjjnBtmcfGyc6zng
DA:468,1,uRRQ4DH8ixMn/naU7RsuPg
DA:469,1,o/7jJ6iD5pULk598y1k58A
DA:470,1,xvWIcpcyNr0gyGcTkdMxXw
DA:471,1,lkNEs9SxQgt+c84ESqpr0w
DA:472,1,Pkwsntebe693LwjKD9saWA
DA:473,1,dquiAd0b6I3SPuVFJDK09w
DA:476,1,EtWGQVTTv/EpxHGzpxChWQ
DA:477,1,YUp5HPhDVEcv4Y2Qo5RMUA
DA:478,1,0KY4HzYBhHa3jdiHH7Ximw
DA:480,1,iwGdwLm0pCrl5tf+13QtAg
DA:481,1,pyyg6Tt0Dw7mULxQUz5xSg
DA:483,1,If+3St0E5aT40B2ltS9f2g
DA:484,1,ZvlTEktzsFg/+qHnAo7Q5w
DA:485,1,ImmX//3m0rr1kJZb6K9q8A
DA:486,1,V1cByosjcFlfhTb7rhc69g
DA:487,1,uWA2cLm450hu2edCYoktfw
DA:489,1,//3ck5/zjV8wRv7d1oJkOQ
DA:490,1,7uYNvBTj3UWxcA5V9w4Iyw
DA:491,1,ux8kb9wM1HgF5VLTkVjK5w
DA:492,1,w6/Tl5IjjnBtmcfGyc6zng
DA:493,1,uRRQ4DH8ixMn/naU7RsuPg
DA:494,1,o/7jJ6iD5pULk598y1k58A
DA:495,1,xvWIcpcyNr0gyGcTkdMxXw
DA:496,1,eECeWC71QdEF2KhiPppr3Q
DA:497,1,Pkwsntebe693LwjKD9saWA
DA:498,1,dquiAd0b6I3SPuVFJDK09w
DA:504,1,pJ1aYfC8Xev8sGUCR51Z2g
DA:505,1,l6TjtYHqcNyGECUCc2lV5w
DA:508,1,f6LV4lzdJebbL8TXQX/TeA
DA:509,1,B/Fo9U4/nMeRNS1JjGZVyQ
DA:510,1,G3M2HDQpZYgpTtr+mcRjsw
DA:511,1,9ktaKLt/BtKheGFky8zftg
DA:512,1,w5DQR6B2JWN8nzHtPTJwHQ
DA:513,1,tl9wnXIiUSizMf/4NxJR9w
DA:514,1,nA1875ZtY5EPimM9S+ZiqA
DA:516,1,zj3ZEEVLIhAyqhUAeE/zGw
DA:517,1,sb/xq3mD1jUbYw0CXQrh/A
DA:521,1,pJ1aYfC8Xev8sGUCR51Z2g
DA:524,1,qjNo1JiGX4od4xsQ+Q3E3g
DA:525,1,B/Fo9U4/nMeRNS1JjGZVyQ
DA:526,1,G3M2HDQpZYgpTtr+mcRjsw
DA:527,1,9ktaKLt/BtKheGFky8zftg
DA:528,1,qZIDYUrTPUnnSu6OqGwbBw
DA:529,1,k5IvVtttZyrUxjSTZZLAvA
DA:530,1,DdTDusYtFAnaEKT+X5zC1Q
DA:531,1,4gqu02+ws8X/RmUDqejwGA
DA:537,1,3HXLHnyWDL2toT3xrezeSg
DA:538,1,bQGJLZrTIBsgh5C7+LXe9Q
DA:544,1,pflkoFOiFO4ZLbWGlGh5Mg
DA:545,1,uRRQ4DH8ixMn/naU7RsuPg
DA:550,1,pJ1aYfC8Xev8sGUCR51Z2g
DA:555,1,qx6FvJI7CBsRvJKzm+4Uow
DA:30,0,Kh8IyA/ZHUC+DGYeFl7wJQ
DA:31,0,JzJfxG3zd1HozPStp+zJ6A
DA:41,0,d6ptMKMkQGzbkpSO4h1DNw
DA:42,0,nkxfaB2RTj5I3IEFBymZjg
DA:43,0,MeZZs+5rMnMzgQbtdRY2tA
DA:44,0,xma4l4chTFRSyBh1mFqR0g
DA:45,0,svAfkxg513PyZiqOYOcGcg
DA:46,0,a4ApSXKcnCumX3JyNLIB5Q
DA:47,0,+QonHIwA0MGy8r4bthTV6A
DA:50,0,CyuoAV7HmMfty5h2DtI4rQ
DA:51,0,Srqgo6/dfDbuWwLgqnox/A
DA:52,0,uRRQ4DH8ixMn/naU7RsuPg
DA:67,0,0cusge2CU47qgIft1Ve2RA
DA:68,0,1FH1BGQ88MqkW8wsngSZjg
DA:69,0,PLDB68kP/lYrlbwYiMhuIQ
DA:71,0,mQF/jgCynn+ZuqViW5INMw
DA:72,0,IGzVK+JuiZG/OBIZmDCwfw
DA:74,0,RsSajht4EAxsOQxOvtOiIg
DA:75,0,BPgeoI8hmR+vo3g1pQN02Q
DA:76,0,IGzVK+JuiZG/OBIZmDCwfw
DA:78,0,53xgVRqUnITDQF/KNJSmLw
DA:79,0,UP4Oy7+wsqFu4RbNhI6zAA
DA:81,0,q+IOxqUAuRBK15+RiYINyw
DA:96,0,B/Fo9U4/nMeRNS1JjGZVyQ
DA:97,0,G3M2HDQpZYgpTtr+mcRjsw
DA:98,0,rnKxXED78MSTEHqc54n4vg
DA:99,0,fY3VnY2yCrE4QDSNFMGLIw
DA:100,0,Et0uUlXgqTgkAj0fHO5bGA
DA:101,0,NO/VxfveHnlHGQl4oQ+pOw
DA:102,0,7FTv3TjgMM+e+3RawJ969g
DA:104,0,Od4b3ZUMs/wObRsupKkBZQ
DA:105,0,FiO23T2q1q4j+UwRFgSi4g
DA:106,0,vY7WddT1u2yvXp2EaptA6A
DA:107,0,zv52AI6uy2YfY7mHmHByUg
DA:108,0,NpXu0N+SsY1dV89T5YoFNg
DA:114,0,Evy83mWKFZmYh15tmAG33w
DA:115,0,pGEmfpbuIxMV3wjvoG4GNA
DA:118,0,oBpaY9WxVVrArsLf9cEp1Q
DA:136,0,/N+6aEt41vjgp5FqHanG9Q
DA:137,0,+6OkTaXDwYBBVN09pzaPrQ
DA:139,0,vy6CgW37KXB6tZmtM5IONw
DA:140,0,gIakFSg2dg47/sUOQXyLzw
DA:144,0,q/U2eUmqIGD2Ti/HvxWVag
DA:145,0,l6TjtYHqcNyGECUCc2lV5w
DA:146,0,B/Fo9U4/nMeRNS1JjGZVyQ
DA:147,0,G3M2HDQpZYgpTtr+mcRjsw
DA:148,0,P8888G+E0tLhIRV3t4KkNg
DA:149,0,SIbCA8J95vVLyZwc9lXPnQ
DA:150,0,LcrzcL+wT+Pdkp0IcCVjWg
DA:152,0,my4gST+ds164RS6bU+wkCw
DA:153,0,MfsgPdDPVFjcGIAaHVj28g
DA:155,0,xSVD0kiwgrppb4tPl+pk7Q
DA:156,0,dbN2vss3xdEoNR0D9zqJyA
DA:158,0,X6rhaN0Anm6XG7UlKG/gXg
DA:159,0,Wjvwtl3RgDeIhzV4iaZrYA
DA:161,0,UIw5tf65A28VQdjlppWuHg
DA:163,0,vj+3MjMjd3FlttPusHO2Pw
DA:164,0,xfwustMRKY4Jid7SqTDvUg
DA:165,0,soj+aDbjGL3dxUiPqPG8Bw
DA:166,0,nQCqArCN4Geh6GHkXuuGMQ
DA:167,0,HeBJzgrxx/3pVl8lLu1rIw
DA:168,0,3QdYuq0B3ntjy/Nt6UyI0Q
DA:169,0,9sa1Rdf3cFCQMFvL5BKE1Q
DA:170,0,XedzDc65Mx7WOEl/qtoKZQ
DA:171,0,FHjizMBURP6qcae9AlN1xA
DA:172,0,FrWvTTRbK2uo2gCLAiRrvw
DA:173,0,KvrPLtcol/XQ7no6wzJRrw
DA:174,0,ijUqM5sNuJsr94cazHLqBQ
DA:175,0,EzEe3AiAmCFoMzPhw8xXDg
DA:176,0,fhg8CzYb9aBPWBia63wg6g
DA:182,0,62F7NsJvUeFGaneaTzIrcg
DA:183,0,brub7X6nvSvU0Bd1ENXmcg
DA:184,0,ZpmiankO2mzssz/CPz9DoA
DA:185,0,LPY3KxoBGGweP8FsV5KD9Q
DA:187,0,3QdYuq0B3ntjy/Nt6UyI0Q
DA:188,0,XedzDc65Mx7WOEl/qtoKZQ
DA:189,0,FHjizMBURP6qcae9AlN1xA
DA:190,0,aqk/r2kbG6vjWCpMhIkPkQ
DA:191,0,Oy34hrTh9LOCAlUO3vkFRg
DA:192,0,CjtG7zfX9eXyjg6n2DMXug
DA:193,0,6TFXz2B+x2gTso49GmiROg
DA:194,0,FrWvTTRbK2uo2gCLAiRrvw
DA:195,0,KvrPLtcol/XQ7no6wzJRrw
DA:196,0,ijUqM5sNuJsr94cazHLqBQ
DA:197,0,CY2NMVlfdqNqVqJRaZxizw
DA:203,0,3/88qxs+E6ho9wFRgmzSqg
DA:204,0,ur+JnLGU7sOUZYsHHYAvZg
DA:206,0,brub7X6nvSvU0Bd1ENXmcg
DA:207,0,ZpmiankO2mzssz/CPz9DoA
DA:208,0,LPY3KxoBGGweP8FsV5KD9Q
DA:210,0,78aHiMPRD/uacPsfBq6RKg
DA:211,0,Z2aMXgy3u0RfFwAneqE6kg
DA:212,0,zv52AI6uy2YfY7mHmHByUg
DA:213,0,NpXu0N+SsY1dV89T5YoFNg
DA:219,0,pGEmfpbuIxMV3wjvoG4GNA
DA:222,0,oBpaY9WxVVrArsLf9cEp1Q
DA:236,0,jbJqpGYzXUpFSqto+HMm9Q
DA:237,0,9gZaoZ2+Dh0TNk1nMX2QSQ
DA:238,0,ovXnFb4klcg5/uzdnz08CQ
DA:239,0,WgZoRWgVK+bQrIV5Oi1dBg
DA:256,0,WgZoRWgVK+bQrIV5Oi1dBg
DA:268,0,sH6AVlKO9qdUYgp46IvY3w
DA:269,0,1uMUwrKA+MDE2DUe3vtfeA
DA:271,0,FJW/5JFzrP0iD1gyMQNHrA
DA:272,0,fHexKlFVgSHcc89jjSUZyQ
DA:274,0,Kcw7ilRCUtLlnUeDBY80ww
DA:275,0,FpFYbFomZ85fttLLOPaSzg
DA:276,0,zv52AI6uy2YfY7mHmHByUg
DA:278,0,NpXu0N+SsY1dV89T5YoFNg
DA:284,0,pGEmfpbuIxMV3wjvoG4GNA
DA:287,0,oBpaY9WxVVrArsLf9cEp1Q
DA:300,0,vy6CgW37KXB6tZmtM5IONw
DA:301,0,gIakFSg2dg47/sUOQXyLzw
DA:303,0,pJ1aYfC8Xev8sGUCR51Z2g
DA:319,0,fX65YL8AahZDSwdlRUuX5w
DA:328,0,dbN2vss3xdEoNR0D9zqJyA
DA:333,0,sCo5piYACNylKv5IQCyiDQ
DA:362,0,vy6CgW37KXB6tZmtM5IONw
DA:363,0,ziw6G7mVWGWDzKKWviisKg
DA:364,0,dMhh+k6C+fitHH5nX1/koQ
DA:382,0,DVbJ9pKxc7HYhncRwuigwQ
DA:392,0,dbN2vss3xdEoNR0D9zqJyA
DA:397,0,sCo5piYACNylKv5IQCyiDQ
DA:426,0,vy6CgW37KXB6tZmtM5IONw
DA:427,0,ziw6G7mVWGWDzKKWviisKg
DA:428,0,dMhh+k6C+fitHH5nX1/koQ
DA:445,0,dbN2vss3xdEoNR0D9zqJyA
DA:451,0,6Rv/d3OdNtRh7n3DaKfDaA
DA:452,0,0KY4HzYBhHa3jdiHH7Ximw
DA:500,0,vy6CgW37KXB6tZmtM5IONw
DA:501,0,4khFXtdKWprJNP1mAESfYw
DA:502,0,gIakFSg2dg47/sUOQXyLzw
DA:515,0,VASTnZtGIYRpBYbTeC8lJQ
DA:518,0,vy6CgW37KXB6tZmtM5IONw
DA:519,0,gIakFSg2dg47/sUOQXyLzw
DA:532,0,Uk1iEqLYWHwxE4nbWtF0CQ
DA:533,0,8BvXjwR8ykKJVqFw9JB+Vg
DA:534,0,YchcxPkU+EHPgckfmEnZxA
DA:535,0,jcUcrUlQLqPE/0vq4Sa+DA
DA:536,0,3B4H4zDHmTWA3WhOkWffQw
DA:539,0,Uk1iEqLYWHwxE4nbWtF0CQ
DA:540,0,t0XCu0u7mt+D4FmuWwLmZw
DA:541,0,/dbmpCDr0Yj5Rc3Ubzkfrw
DA:542,0,jcUcrUlQLqPE/0vq4Sa+DA
DA:543,0,bsfeK92Dd85YHLii4pCSlQ
DA:547,0,vy6CgW37KXB6tZmtM5IONw
DA:548,0,gIakFSg2dg47/sUOQXyLzw
DA:556,0,EaOWp8YxBzaBKD3ewBQmZA
DA:557,0,uAvXFYLUb4CrbFHH0VCOlg
DA:558,0,Heoyb2vO5qpRWra1IrzYig
DA:559,0,qDMWCxK2OjDzVZSm5jipnw
DA:560,0,sNEW3EfUY1N7OpzrvNHREg
DA:561,0,sZU9XZiKOjHUSK9eKkH5bg
DA:562,0,Qw9ZqYfNSwvgyRdU5eSSpg
DA:563,0,HWr2NXNEwxgGxHZ1QKSztw
DA:564,0,nqMLJltBf0V6vXG+rDnmyw
DA:566,0,ImGBpdUyNKfKe7ynR1pOOw
DA:567,0,1pyUKMvbIBQjZPIVAf6WFg
LF:327
LH:169
end_of_record
